<?xml version="1.0" encoding="UTF-8"?>
<testsuite name="edu.xavier.csci260.atinlay.dal.MessageDAOTest" tests="3" skipped="0" failures="0" errors="0" timestamp="2017-05-01T22:27:11" hostname="ellisHPArch" time="0.124">
  <properties/>
  <testcase name="createMessage" classname="edu.xavier.csci260.atinlay.dal.MessageDAOTest" time="0.055"/>
  <testcase name="getMessagesBySender" classname="edu.xavier.csci260.atinlay.dal.MessageDAOTest" time="0.033"/>
  <testcase name="getMessagesByRecipient" classname="edu.xavier.csci260.atinlay.dal.MessageDAOTest" time="0.033"/>
  <system-out><![CDATA[2017-05-01 18:27:11.931  INFO 2598 --- [    Test worker] .b.t.c.SpringBootTestContextBootstrapper : Neither @ContextConfiguration nor @ContextHierarchy found for test class [edu.xavier.csci260.atinlay.dal.MessageDAOTest], using SpringBootContextLoader
2017-05-01 18:27:11.932  INFO 2598 --- [    Test worker] o.s.t.c.support.AbstractContextLoader    : Could not detect default resource locations for test class [edu.xavier.csci260.atinlay.dal.MessageDAOTest]: no resource found for suffixes {-context.xml, Context.groovy}.
2017-05-01 18:27:11.933  INFO 2598 --- [    Test worker] t.c.s.AnnotationConfigContextLoaderUtils : Could not detect default configuration classes for test class [edu.xavier.csci260.atinlay.dal.MessageDAOTest]: MessageDAOTest does not declare any static, non-private, non-final, nested classes annotated with @Configuration.
2017-05-01 18:27:11.940  INFO 2598 --- [    Test worker] .b.t.c.SpringBootTestContextBootstrapper : Found @SpringBootConfiguration edu.xavier.csci260.atinlay.Application for test class edu.xavier.csci260.atinlay.dal.MessageDAOTest
2017-05-01 18:27:11.945  INFO 2598 --- [    Test worker] .b.t.c.SpringBootTestContextBootstrapper : Loaded default TestExecutionListener class names from location [META-INF/spring.factories]: [org.springframework.security.test.context.support.WithSecurityContextTestExecutionListener, org.springframework.boot.test.mock.mockito.MockitoTestExecutionListener, org.springframework.boot.test.mock.mockito.ResetMocksTestExecutionListener, org.springframework.boot.test.autoconfigure.restdocs.RestDocsTestExecutionListener, org.springframework.boot.test.autoconfigure.web.client.MockRestServiceServerResetTestExecutionListener, org.springframework.boot.test.autoconfigure.web.servlet.MockMvcPrintOnlyOnFailureTestExecutionListener, org.springframework.boot.test.autoconfigure.web.servlet.WebDriverTestExecutionListener, org.springframework.test.context.web.ServletTestExecutionListener, org.springframework.test.context.support.DirtiesContextBeforeModesTestExecutionListener, org.springframework.test.context.support.DependencyInjectionTestExecutionListener, org.springframework.test.context.support.DirtiesContextTestExecutionListener, org.springframework.test.context.transaction.TransactionalTestExecutionListener, org.springframework.test.context.jdbc.SqlScriptsTestExecutionListener]
2017-05-01 18:27:11.949  INFO 2598 --- [    Test worker] .b.t.c.SpringBootTestContextBootstrapper : Using TestExecutionListeners: [org.springframework.test.context.web.ServletTestExecutionListener@1d7e7601, org.springframework.test.context.support.DirtiesContextBeforeModesTestExecutionListener@3da27f27, org.springframework.boot.test.autoconfigure.SpringBootDependencyInjectionTestExecutionListener@56f55946, org.springframework.test.context.support.DirtiesContextTestExecutionListener@55862f9a, org.springframework.test.context.transaction.TransactionalTestExecutionListener@3ba68555, org.springframework.test.context.jdbc.SqlScriptsTestExecutionListener@15d39e41, org.springframework.security.test.context.support.WithSecurityContextTestExecutionListener@6990cad4, org.springframework.boot.test.autoconfigure.web.client.MockRestServiceServerResetTestExecutionListener@d8ec283, org.springframework.boot.test.autoconfigure.web.servlet.MockMvcPrintOnlyOnFailureTestExecutionListener@20d724a, org.springframework.boot.test.mock.mockito.MockitoTestExecutionListener@ba5d5dc, org.springframework.boot.test.autoconfigure.web.servlet.WebDriverTestExecutionListener@648c7816, org.springframework.boot.test.autoconfigure.restdocs.RestDocsTestExecutionListener@1fed24de, org.springframework.boot.test.mock.mockito.ResetMocksTestExecutionListener@769b9a4b]
2017-05-01 18:27:11.959  INFO 2598 --- [    Test worker] o.s.jdbc.datasource.init.ScriptUtils     : Executing SQL script from class path resource [testSchema.sql]
2017-05-01 18:27:11.968  INFO 2598 --- [    Test worker] o.s.jdbc.datasource.init.ScriptUtils     : Executed SQL script from class path resource [testSchema.sql] in 9 ms.
2017-05-01 18:27:11.971  INFO 2598 --- [    Test worker] o.s.jdbc.datasource.init.ScriptUtils     : Executing SQL script from class path resource [data.sql]
2017-05-01 18:27:11.975  INFO 2598 --- [    Test worker] o.s.jdbc.datasource.init.ScriptUtils     : Executed SQL script from class path resource [data.sql] in 4 ms.
2017-05-01 18:27:12.001  INFO 2598 --- [    Test worker] o.s.jdbc.datasource.init.ScriptUtils     : Executing SQL script from class path resource [tearDown.sql]
2017-05-01 18:27:12.008  INFO 2598 --- [    Test worker] o.s.jdbc.datasource.init.ScriptUtils     : Executed SQL script from class path resource [tearDown.sql] in 4 ms.
2017-05-01 18:27:12.015  INFO 2598 --- [    Test worker] o.s.jdbc.datasource.init.ScriptUtils     : Executing SQL script from class path resource [testSchema.sql]
2017-05-01 18:27:12.023  INFO 2598 --- [    Test worker] o.s.jdbc.datasource.init.ScriptUtils     : Executed SQL script from class path resource [testSchema.sql] in 8 ms.
2017-05-01 18:27:12.025  INFO 2598 --- [    Test worker] o.s.jdbc.datasource.init.ScriptUtils     : Executing SQL script from class path resource [data.sql]
2017-05-01 18:27:12.029  INFO 2598 --- [    Test worker] o.s.jdbc.datasource.init.ScriptUtils     : Executed SQL script from class path resource [data.sql] in 3 ms.
2017-05-01 18:27:12.040  INFO 2598 --- [    Test worker] o.s.jdbc.datasource.init.ScriptUtils     : Executing SQL script from class path resource [tearDown.sql]
2017-05-01 18:27:12.044  INFO 2598 --- [    Test worker] o.s.jdbc.datasource.init.ScriptUtils     : Executed SQL script from class path resource [tearDown.sql] in 3 ms.
2017-05-01 18:27:12.049  INFO 2598 --- [    Test worker] o.s.jdbc.datasource.init.ScriptUtils     : Executing SQL script from class path resource [testSchema.sql]
2017-05-01 18:27:12.057  INFO 2598 --- [    Test worker] o.s.jdbc.datasource.init.ScriptUtils     : Executed SQL script from class path resource [testSchema.sql] in 8 ms.
2017-05-01 18:27:12.059  INFO 2598 --- [    Test worker] o.s.jdbc.datasource.init.ScriptUtils     : Executing SQL script from class path resource [data.sql]
2017-05-01 18:27:12.063  INFO 2598 --- [    Test worker] o.s.jdbc.datasource.init.ScriptUtils     : Executed SQL script from class path resource [data.sql] in 4 ms.
2017-05-01 18:27:12.073  INFO 2598 --- [    Test worker] o.s.jdbc.datasource.init.ScriptUtils     : Executing SQL script from class path resource [tearDown.sql]
2017-05-01 18:27:12.077  INFO 2598 --- [    Test worker] o.s.jdbc.datasource.init.ScriptUtils     : Executed SQL script from class path resource [tearDown.sql] in 4 ms.
]]></system-out>
  <system-err><![CDATA[]]></system-err>
</testsuite>
