<?xml version="1.0" encoding="UTF-8"?>
<testsuite name="edu.xavier.csci260.atinlay.service.AccessServiceTest" tests="12" skipped="0" failures="0" errors="0" timestamp="2017-05-01T22:27:18" hostname="ellisHPArch" time="0.181">
  <properties/>
  <testcase name="getEmployee1" classname="edu.xavier.csci260.atinlay.service.AccessServiceTest" time="0.012"/>
  <testcase name="createMessage" classname="edu.xavier.csci260.atinlay.service.AccessServiceTest" time="0.007"/>
  <testcase name="getEmployee" classname="edu.xavier.csci260.atinlay.service.AccessServiceTest" time="0.048"/>
  <testcase name="deleteEmployee1" classname="edu.xavier.csci260.atinlay.service.AccessServiceTest" time="0.008"/>
  <testcase name="deleteEmployee" classname="edu.xavier.csci260.atinlay.service.AccessServiceTest" time="0.009"/>
  <testcase name="allEmployees" classname="edu.xavier.csci260.atinlay.service.AccessServiceTest" time="0.01"/>
  <testcase name="addEmployee" classname="edu.xavier.csci260.atinlay.service.AccessServiceTest" time="0.011"/>
  <testcase name="approveEvent" classname="edu.xavier.csci260.atinlay.service.AccessServiceTest" time="0.007"/>
  <testcase name="requestEvent" classname="edu.xavier.csci260.atinlay.service.AccessServiceTest" time="0.011"/>
  <testcase name="getInbox" classname="edu.xavier.csci260.atinlay.service.AccessServiceTest" time="0.006"/>
  <testcase name="getMessage" classname="edu.xavier.csci260.atinlay.service.AccessServiceTest" time="0.012"/>
  <testcase name="updateEmployee" classname="edu.xavier.csci260.atinlay.service.AccessServiceTest" time="0.008"/>
  <system-out><![CDATA[2017-05-01 18:27:18.177  INFO 2598 --- [    Test worker] .b.t.c.SpringBootTestContextBootstrapper : Neither @ContextConfiguration nor @ContextHierarchy found for test class [edu.xavier.csci260.atinlay.service.AccessServiceTest], using SpringBootContextLoader
2017-05-01 18:27:18.177  INFO 2598 --- [    Test worker] o.s.t.c.support.AbstractContextLoader    : Could not detect default resource locations for test class [edu.xavier.csci260.atinlay.service.AccessServiceTest]: no resource found for suffixes {-context.xml, Context.groovy}.
2017-05-01 18:27:18.178  INFO 2598 --- [    Test worker] t.c.s.AnnotationConfigContextLoaderUtils : Could not detect default configuration classes for test class [edu.xavier.csci260.atinlay.service.AccessServiceTest]: AccessServiceTest does not declare any static, non-private, non-final, nested classes annotated with @Configuration.
2017-05-01 18:27:18.208  INFO 2598 --- [    Test worker] .b.t.c.SpringBootTestContextBootstrapper : Found @SpringBootConfiguration edu.xavier.csci260.atinlay.Application for test class edu.xavier.csci260.atinlay.service.AccessServiceTest
2017-05-01 18:27:18.213  INFO 2598 --- [    Test worker] .b.t.c.SpringBootTestContextBootstrapper : Loaded default TestExecutionListener class names from location [META-INF/spring.factories]: [org.springframework.security.test.context.support.WithSecurityContextTestExecutionListener, org.springframework.boot.test.mock.mockito.MockitoTestExecutionListener, org.springframework.boot.test.mock.mockito.ResetMocksTestExecutionListener, org.springframework.boot.test.autoconfigure.restdocs.RestDocsTestExecutionListener, org.springframework.boot.test.autoconfigure.web.client.MockRestServiceServerResetTestExecutionListener, org.springframework.boot.test.autoconfigure.web.servlet.MockMvcPrintOnlyOnFailureTestExecutionListener, org.springframework.boot.test.autoconfigure.web.servlet.WebDriverTestExecutionListener, org.springframework.test.context.web.ServletTestExecutionListener, org.springframework.test.context.support.DirtiesContextBeforeModesTestExecutionListener, org.springframework.test.context.support.DependencyInjectionTestExecutionListener, org.springframework.test.context.support.DirtiesContextTestExecutionListener, org.springframework.test.context.transaction.TransactionalTestExecutionListener, org.springframework.test.context.jdbc.SqlScriptsTestExecutionListener]
2017-05-01 18:27:18.223  INFO 2598 --- [    Test worker] .b.t.c.SpringBootTestContextBootstrapper : Using TestExecutionListeners: [org.springframework.test.context.web.ServletTestExecutionListener@7683b11, org.springframework.test.context.support.DirtiesContextBeforeModesTestExecutionListener@58d2e31, org.springframework.boot.test.autoconfigure.SpringBootDependencyInjectionTestExecutionListener@a505418, org.springframework.test.context.support.DirtiesContextTestExecutionListener@33b3a75c, org.springframework.test.context.transaction.TransactionalTestExecutionListener@75c5b288, org.springframework.test.context.jdbc.SqlScriptsTestExecutionListener@19d5e6a7, org.springframework.security.test.context.support.WithSecurityContextTestExecutionListener@112d9111, org.springframework.boot.test.autoconfigure.web.client.MockRestServiceServerResetTestExecutionListener@3f8a4d2f, org.springframework.boot.test.autoconfigure.web.servlet.MockMvcPrintOnlyOnFailureTestExecutionListener@6783f9a4, org.springframework.boot.test.mock.mockito.MockitoTestExecutionListener@5155db2d, org.springframework.boot.test.autoconfigure.web.servlet.WebDriverTestExecutionListener@2c0d7d0f, org.springframework.boot.test.autoconfigure.restdocs.RestDocsTestExecutionListener@4103ae94, org.springframework.boot.test.mock.mockito.ResetMocksTestExecutionListener@39b521c9]
]]></system-out>
  <system-err><![CDATA[]]></system-err>
</testsuite>
