<?xml version="1.0" encoding="UTF-8"?>
<testsuite name="edu.xavier.csci260.atinlay.service.AccessServiceTest" tests="12" skipped="0" failures="0" errors="0" timestamp="2017-05-01T21:28:11" hostname="ellisHPArch" time="0.11">
  <properties/>
  <testcase name="getEmployee1" classname="edu.xavier.csci260.atinlay.service.AccessServiceTest" time="0.007"/>
  <testcase name="createMessage" classname="edu.xavier.csci260.atinlay.service.AccessServiceTest" time="0.007"/>
  <testcase name="getEmployee" classname="edu.xavier.csci260.atinlay.service.AccessServiceTest" time="0.025"/>
  <testcase name="deleteEmployee1" classname="edu.xavier.csci260.atinlay.service.AccessServiceTest" time="0.005"/>
  <testcase name="deleteEmployee" classname="edu.xavier.csci260.atinlay.service.AccessServiceTest" time="0.006"/>
  <testcase name="allEmployees" classname="edu.xavier.csci260.atinlay.service.AccessServiceTest" time="0.005"/>
  <testcase name="addEmployee" classname="edu.xavier.csci260.atinlay.service.AccessServiceTest" time="0.007"/>
  <testcase name="approveEvent" classname="edu.xavier.csci260.atinlay.service.AccessServiceTest" time="0.006"/>
  <testcase name="requestEvent" classname="edu.xavier.csci260.atinlay.service.AccessServiceTest" time="0.007"/>
  <testcase name="getInbox" classname="edu.xavier.csci260.atinlay.service.AccessServiceTest" time="0.006"/>
  <testcase name="getMessage" classname="edu.xavier.csci260.atinlay.service.AccessServiceTest" time="0.006"/>
  <testcase name="updateEmployee" classname="edu.xavier.csci260.atinlay.service.AccessServiceTest" time="0.007"/>
  <system-out><![CDATA[2017-05-01 17:28:10.904  INFO 3938 --- [    Test worker] .b.t.c.SpringBootTestContextBootstrapper : Neither @ContextConfiguration nor @ContextHierarchy found for test class [edu.xavier.csci260.atinlay.service.AccessServiceTest], using SpringBootContextLoader
2017-05-01 17:28:10.905  INFO 3938 --- [    Test worker] o.s.t.c.support.AbstractContextLoader    : Could not detect default resource locations for test class [edu.xavier.csci260.atinlay.service.AccessServiceTest]: no resource found for suffixes {-context.xml, Context.groovy}.
2017-05-01 17:28:10.905  INFO 3938 --- [    Test worker] t.c.s.AnnotationConfigContextLoaderUtils : Could not detect default configuration classes for test class [edu.xavier.csci260.atinlay.service.AccessServiceTest]: AccessServiceTest does not declare any static, non-private, non-final, nested classes annotated with @Configuration.
2017-05-01 17:28:10.915  INFO 3938 --- [    Test worker] .b.t.c.SpringBootTestContextBootstrapper : Found @SpringBootConfiguration edu.xavier.csci260.atinlay.Application for test class edu.xavier.csci260.atinlay.service.AccessServiceTest
2017-05-01 17:28:10.919  INFO 3938 --- [    Test worker] .b.t.c.SpringBootTestContextBootstrapper : Loaded default TestExecutionListener class names from location [META-INF/spring.factories]: [org.springframework.security.test.context.support.WithSecurityContextTestExecutionListener, org.springframework.boot.test.mock.mockito.MockitoTestExecutionListener, org.springframework.boot.test.mock.mockito.ResetMocksTestExecutionListener, org.springframework.boot.test.autoconfigure.restdocs.RestDocsTestExecutionListener, org.springframework.boot.test.autoconfigure.web.client.MockRestServiceServerResetTestExecutionListener, org.springframework.boot.test.autoconfigure.web.servlet.MockMvcPrintOnlyOnFailureTestExecutionListener, org.springframework.boot.test.autoconfigure.web.servlet.WebDriverTestExecutionListener, org.springframework.test.context.web.ServletTestExecutionListener, org.springframework.test.context.support.DirtiesContextBeforeModesTestExecutionListener, org.springframework.test.context.support.DependencyInjectionTestExecutionListener, org.springframework.test.context.support.DirtiesContextTestExecutionListener, org.springframework.test.context.transaction.TransactionalTestExecutionListener, org.springframework.test.context.jdbc.SqlScriptsTestExecutionListener]
2017-05-01 17:28:10.924  INFO 3938 --- [    Test worker] .b.t.c.SpringBootTestContextBootstrapper : Using TestExecutionListeners: [org.springframework.test.context.web.ServletTestExecutionListener@30e86f27, org.springframework.test.context.support.DirtiesContextBeforeModesTestExecutionListener@4c2bbad8, org.springframework.boot.test.autoconfigure.SpringBootDependencyInjectionTestExecutionListener@41f8418d, org.springframework.test.context.support.DirtiesContextTestExecutionListener@161f53ec, org.springframework.test.context.transaction.TransactionalTestExecutionListener@65fd975f, org.springframework.test.context.jdbc.SqlScriptsTestExecutionListener@74111c42, org.springframework.security.test.context.support.WithSecurityContextTestExecutionListener@7766cf64, org.springframework.boot.test.autoconfigure.web.servlet.MockMvcPrintOnlyOnFailureTestExecutionListener@1b0a6257, org.springframework.boot.test.autoconfigure.web.client.MockRestServiceServerResetTestExecutionListener@12c44906, org.springframework.boot.test.autoconfigure.web.servlet.WebDriverTestExecutionListener@6ecba410, org.springframework.boot.test.mock.mockito.ResetMocksTestExecutionListener@2f175b42, org.springframework.boot.test.mock.mockito.MockitoTestExecutionListener@67478c2d, org.springframework.boot.test.autoconfigure.restdocs.RestDocsTestExecutionListener@577b65ba]
]]></system-out>
  <system-err><![CDATA[]]></system-err>
</testsuite>
