<?xml version="1.0" encoding="UTF-8"?>
<testsuite name="edu.xavier.csci260.atinlay.ApplicationTest" tests="9" skipped="0" failures="0" errors="0" timestamp="2017-05-01T22:27:15" hostname="ellisHPArch" time="2.606">
  <properties/>
  <testcase name="loginWithValidUserThenAuthenticatedWithRoleWorker" classname="edu.xavier.csci260.atinlay.ApplicationTest" time="0.239"/>
  <testcase name="accessUnsecuredResourceThenOk" classname="edu.xavier.csci260.atinlay.ApplicationTest" time="1.501"/>
  <testcase name="loginWithValidUserThenAuthenticatedWithRoleManager" classname="edu.xavier.csci260.atinlay.ApplicationTest" time="0.064"/>
  <testcase name="accessSecuredResourceUnauthenticatedThenRedirectsToLogin" classname="edu.xavier.csci260.atinlay.ApplicationTest" time="0.211"/>
  <testcase name="loginWithInvalidUserThenUnauthenticated" classname="edu.xavier.csci260.atinlay.ApplicationTest" time="0.109"/>
  <testcase name="requestPageForbidden" classname="edu.xavier.csci260.atinlay.ApplicationTest" time="0.091"/>
  <testcase name="requestPageWithRole" classname="edu.xavier.csci260.atinlay.ApplicationTest" time="0.178"/>
  <testcase name="accessSecuredResourceAuthenticatedThenOk" classname="edu.xavier.csci260.atinlay.ApplicationTest" time="0.157"/>
  <testcase name="loginWithValidUserThenAuthenticatedWithRoleHR" classname="edu.xavier.csci260.atinlay.ApplicationTest" time="0.037"/>
  <system-out><![CDATA[2017-05-01 18:27:12.089  INFO 2598 --- [    Test worker] .b.t.c.SpringBootTestContextBootstrapper : Neither @ContextConfiguration nor @ContextHierarchy found for test class [edu.xavier.csci260.atinlay.ApplicationTest], using SpringBootContextLoader
2017-05-01 18:27:12.090  INFO 2598 --- [    Test worker] o.s.t.c.support.AbstractContextLoader    : Could not detect default resource locations for test class [edu.xavier.csci260.atinlay.ApplicationTest]: no resource found for suffixes {-context.xml, Context.groovy}.
2017-05-01 18:27:12.091  INFO 2598 --- [    Test worker] t.c.s.AnnotationConfigContextLoaderUtils : Could not detect default configuration classes for test class [edu.xavier.csci260.atinlay.ApplicationTest]: ApplicationTest does not declare any static, non-private, non-final, nested classes annotated with @Configuration.
2017-05-01 18:27:12.131  INFO 2598 --- [    Test worker] .b.t.c.SpringBootTestContextBootstrapper : Found @SpringBootConfiguration edu.xavier.csci260.atinlay.Application for test class edu.xavier.csci260.atinlay.ApplicationTest
2017-05-01 18:27:12.136  INFO 2598 --- [    Test worker] .b.t.c.SpringBootTestContextBootstrapper : Loaded default TestExecutionListener class names from location [META-INF/spring.factories]: [org.springframework.security.test.context.support.WithSecurityContextTestExecutionListener, org.springframework.boot.test.mock.mockito.MockitoTestExecutionListener, org.springframework.boot.test.mock.mockito.ResetMocksTestExecutionListener, org.springframework.boot.test.autoconfigure.restdocs.RestDocsTestExecutionListener, org.springframework.boot.test.autoconfigure.web.client.MockRestServiceServerResetTestExecutionListener, org.springframework.boot.test.autoconfigure.web.servlet.MockMvcPrintOnlyOnFailureTestExecutionListener, org.springframework.boot.test.autoconfigure.web.servlet.WebDriverTestExecutionListener, org.springframework.test.context.web.ServletTestExecutionListener, org.springframework.test.context.support.DirtiesContextBeforeModesTestExecutionListener, org.springframework.test.context.support.DependencyInjectionTestExecutionListener, org.springframework.test.context.support.DirtiesContextTestExecutionListener, org.springframework.test.context.transaction.TransactionalTestExecutionListener, org.springframework.test.context.jdbc.SqlScriptsTestExecutionListener]
2017-05-01 18:27:12.140  INFO 2598 --- [    Test worker] .b.t.c.SpringBootTestContextBootstrapper : Using TestExecutionListeners: [org.springframework.test.context.web.ServletTestExecutionListener@368cd159, org.springframework.test.context.support.DirtiesContextBeforeModesTestExecutionListener@48f7bc8b, org.springframework.boot.test.autoconfigure.SpringBootDependencyInjectionTestExecutionListener@2d56719a, org.springframework.test.context.support.DirtiesContextTestExecutionListener@41c385fd, org.springframework.test.context.transaction.TransactionalTestExecutionListener@11158285, org.springframework.test.context.jdbc.SqlScriptsTestExecutionListener@647377c8, org.springframework.security.test.context.support.WithSecurityContextTestExecutionListener@7a37007d, org.springframework.boot.test.autoconfigure.web.client.MockRestServiceServerResetTestExecutionListener@27069eab, org.springframework.boot.test.autoconfigure.web.servlet.MockMvcPrintOnlyOnFailureTestExecutionListener@1aba3164, org.springframework.boot.test.mock.mockito.MockitoTestExecutionListener@6588d8cc, org.springframework.boot.test.autoconfigure.web.servlet.WebDriverTestExecutionListener@27fe08e8, org.springframework.boot.test.autoconfigure.restdocs.RestDocsTestExecutionListener@341e397a, org.springframework.boot.test.mock.mockito.ResetMocksTestExecutionListener@7f641f8c]

  .   ____          _            __ _ _
 /\\ / ___'_ __ _ _(_)_ __  __ _ \ \ \ \
( ( )\___ | '_ | '_| | '_ \/ _` | \ \ \ \
 \\/  ___)| |_)| | | | | || (_| |  ) ) ) )
  '  |____| .__|_| |_|_| |_\__, | / / / /
 =========|_|==============|___/=/_/_/_/
 :: Spring Boot ::        (v1.5.2.RELEASE)

2017-05-01 18:27:12.295  INFO 2598 --- [    Test worker] e.x.csci260.atinlay.ApplicationTest      : Starting ApplicationTest on ellisHPArch with PID 2598 (started by master in /home/master/Documents/school/softEng/OOOtracker_services_atinlay)
2017-05-01 18:27:12.298  INFO 2598 --- [    Test worker] e.x.csci260.atinlay.ApplicationTest      : No active profile set, falling back to default profiles: default
2017-05-01 18:27:12.302  INFO 2598 --- [    Test worker] o.s.w.c.s.GenericWebApplicationContext   : Refreshing org.springframework.web.context.support.GenericWebApplicationContext@1ace11cb: startup date [Mon May 01 18:27:12 EDT 2017]; root of context hierarchy
2017-05-01 18:27:13.201  INFO 2598 --- [    Test worker] trationDelegate$BeanPostProcessorChecker : Bean 'org.springframework.transaction.annotation.ProxyTransactionManagementConfiguration' of type [org.springframework.transaction.annotation.ProxyTransactionManagementConfiguration$$EnhancerBySpringCGLIB$$872a6ff3] is not eligible for getting processed by all BeanPostProcessors (for example: not eligible for auto-proxying)
2017-05-01 18:27:13.457  INFO 2598 --- [    Test worker] o.s.jdbc.datasource.init.ScriptUtils     : Executing SQL script from URL [file:/home/master/Documents/school/softEng/OOOtracker_services_atinlay/build/resources/main/schema.sql]
2017-05-01 18:27:13.469  INFO 2598 --- [    Test worker] o.s.jdbc.datasource.init.ScriptUtils     : Executed SQL script from URL [file:/home/master/Documents/school/softEng/OOOtracker_services_atinlay/build/resources/main/schema.sql] in 11 ms.
2017-05-01 18:27:13.473  INFO 2598 --- [    Test worker] o.s.jdbc.datasource.init.ScriptUtils     : Executing SQL script from URL [file:/home/master/Documents/school/softEng/OOOtracker_services_atinlay/build/resources/test/data.sql]
2017-05-01 18:27:13.477  INFO 2598 --- [    Test worker] o.s.jdbc.datasource.init.ScriptUtils     : Executed SQL script from URL [file:/home/master/Documents/school/softEng/OOOtracker_services_atinlay/build/resources/test/data.sql] in 4 ms.
2017-05-01 18:27:13.546  INFO 2598 --- [    Test worker] j.LocalContainerEntityManagerFactoryBean : Building JPA container EntityManagerFactory for persistence unit 'default'
2017-05-01 18:27:13.547  INFO 2598 --- [    Test worker] o.hibernate.jpa.internal.util.LogHelper  : HHH000204: Processing PersistenceUnitInfo [
	name: default
	...]
2017-05-01 18:27:13.558  INFO 2598 --- [    Test worker] org.hibernate.dialect.Dialect            : HHH000400: Using dialect: org.hibernate.dialect.H2Dialect
2017-05-01 18:27:13.582  INFO 2598 --- [    Test worker] org.hibernate.tool.hbm2ddl.SchemaExport  : HHH000227: Running hbm2ddl schema export
2017-05-01 18:27:13.583  INFO 2598 --- [    Test worker] org.hibernate.tool.hbm2ddl.SchemaExport  : HHH000230: Schema export complete
2017-05-01 18:27:13.584  WARN 2598 --- [    Test worker] o.h.j.i.EntityManagerFactoryRegistry     : HHH000436: Entity manager factory name (default) is already registered.  If entity manager will be clustered or passivated, specify a unique value for property 'hibernate.ejb.entitymanager_factory_name'
2017-05-01 18:27:13.585  INFO 2598 --- [    Test worker] j.LocalContainerEntityManagerFactoryBean : Initialized JPA EntityManagerFactory for persistence unit 'default'
2017-05-01 18:27:14.007 DEBUG 2598 --- [    Test worker] eGlobalAuthenticationAutowiredConfigurer : Eagerly initializing {webSecurityConfig=edu.xavier.csci260.atinlay.config.WebSecurityConfig$$EnhancerBySpringCGLIB$$e5730389@3a75314b}
2017-05-01 18:27:14.047  INFO 2598 --- [    Test worker] o.s.s.web.DefaultSecurityFilterChain     : Creating filter chain: Ant [pattern='/includes/**'], []
2017-05-01 18:27:14.047  INFO 2598 --- [    Test worker] o.s.s.web.DefaultSecurityFilterChain     : Creating filter chain: Ant [pattern='/assets/**'], []
2017-05-01 18:27:14.096 DEBUG 2598 --- [    Test worker] edFilterInvocationSecurityMetadataSource : Adding web access control expression 'permitAll', for ExactUrl [processUrl='/login?error']
2017-05-01 18:27:14.097 DEBUG 2598 --- [    Test worker] edFilterInvocationSecurityMetadataSource : Adding web access control expression 'permitAll', for ExactUrl [processUrl='/login']
2017-05-01 18:27:14.097 DEBUG 2598 --- [    Test worker] edFilterInvocationSecurityMetadataSource : Adding web access control expression 'permitAll', for ExactUrl [processUrl='/login']
2017-05-01 18:27:14.097 DEBUG 2598 --- [    Test worker] edFilterInvocationSecurityMetadataSource : Adding web access control expression 'hasRole('ROLE_HR')', for Ant [pattern='/human-resources/**']
2017-05-01 18:27:14.097 DEBUG 2598 --- [    Test worker] edFilterInvocationSecurityMetadataSource : Adding web access control expression 'hasRole('ROLE_MANAGER')', for Ant [pattern='/manager/**']
2017-05-01 18:27:14.098 DEBUG 2598 --- [    Test worker] edFilterInvocationSecurityMetadataSource : Adding web access control expression 'permitAll', for Ant [pattern='/']
2017-05-01 18:27:14.098 DEBUG 2598 --- [    Test worker] edFilterInvocationSecurityMetadataSource : Adding web access control expression 'permitAll', for Ant [pattern='/home']
2017-05-01 18:27:14.098 DEBUG 2598 --- [    Test worker] edFilterInvocationSecurityMetadataSource : Adding web access control expression 'permitAll', for Ant [pattern='/login']
2017-05-01 18:27:14.099 DEBUG 2598 --- [    Test worker] edFilterInvocationSecurityMetadataSource : Adding web access control expression 'authenticated', for Ant [pattern='/includes/**']
2017-05-01 18:27:14.099 DEBUG 2598 --- [    Test worker] edFilterInvocationSecurityMetadataSource : Adding web access control expression 'authenticated', for Ant [pattern='/assets/**']
2017-05-01 18:27:14.099 DEBUG 2598 --- [    Test worker] edFilterInvocationSecurityMetadataSource : Adding web access control expression 'authenticated', for org.springframework.security.web.util.matcher.AnyRequestMatcher@1
2017-05-01 18:27:14.103 DEBUG 2598 --- [    Test worker] o.s.s.w.a.i.FilterSecurityInterceptor    : Validated configuration attributes
2017-05-01 18:27:14.104 DEBUG 2598 --- [    Test worker] o.s.s.w.a.i.FilterSecurityInterceptor    : Validated configuration attributes
2017-05-01 18:27:14.118  INFO 2598 --- [    Test worker] o.s.s.web.DefaultSecurityFilterChain     : Creating filter chain: org.springframework.security.web.util.matcher.AnyRequestMatcher@1, [org.springframework.security.web.context.request.async.WebAsyncManagerIntegrationFilter@6124d740, org.springframework.security.web.context.SecurityContextPersistenceFilter@5339e5e2, org.springframework.security.web.header.HeaderWriterFilter@7e5bb13d, org.springframework.security.web.authentication.logout.LogoutFilter@62628c61, org.springframework.security.web.authentication.UsernamePasswordAuthenticationFilter@209621fc, org.springframework.security.web.savedrequest.RequestCacheAwareFilter@492217fe, org.springframework.security.web.servletapi.SecurityContextHolderAwareRequestFilter@6a5395be, org.springframework.security.web.authentication.AnonymousAuthenticationFilter@640c657a, org.springframework.security.web.session.SessionManagementFilter@f50fd28, org.springframework.security.web.access.ExceptionTranslationFilter@754de982, org.springframework.security.web.access.intercept.FilterSecurityInterceptor@412ae01c]
2017-05-01 18:27:14.125 DEBUG 2598 --- [    Test worker] edFilterInvocationSecurityMetadataSource : Adding web access control expression 'authenticated', for org.springframework.boot.actuate.autoconfigure.ManagementWebSecurityAutoConfiguration$LazyEndpointPathRequestMatcher@721c6c0f
2017-05-01 18:27:14.125 DEBUG 2598 --- [    Test worker] edFilterInvocationSecurityMetadataSource : Adding web access control expression 'permitAll', for org.springframework.boot.actuate.autoconfigure.ManagementWebSecurityAutoConfiguration$LazyEndpointPathRequestMatcher@43f432d0
2017-05-01 18:27:14.126 DEBUG 2598 --- [    Test worker] o.s.s.w.a.i.FilterSecurityInterceptor    : Validated configuration attributes
2017-05-01 18:27:14.126 DEBUG 2598 --- [    Test worker] o.s.s.w.a.i.FilterSecurityInterceptor    : Validated configuration attributes
2017-05-01 18:27:14.133  INFO 2598 --- [    Test worker] o.s.s.web.DefaultSecurityFilterChain     : Creating filter chain: org.springframework.boot.actuate.autoconfigure.ManagementWebSecurityAutoConfiguration$LazyEndpointPathRequestMatcher@21089464, [org.springframework.security.web.context.request.async.WebAsyncManagerIntegrationFilter@2bb97c7c, org.springframework.security.web.context.SecurityContextPersistenceFilter@6b4f2495, org.springframework.security.web.header.HeaderWriterFilter@733864c5, org.springframework.security.web.authentication.logout.LogoutFilter@6065971a, org.springframework.security.web.authentication.www.BasicAuthenticationFilter@4fb3d224, org.springframework.security.web.savedrequest.RequestCacheAwareFilter@18d53185, org.springframework.security.web.servletapi.SecurityContextHolderAwareRequestFilter@287b6016, org.springframework.security.web.authentication.AnonymousAuthenticationFilter@68586304, org.springframework.security.web.session.SessionManagementFilter@50330cb7, org.springframework.security.web.access.ExceptionTranslationFilter@5e65b188, org.springframework.security.web.access.intercept.FilterSecurityInterceptor@5ba31027]
2017-05-01 18:27:14.411  INFO 2598 --- [    Test worker] o.s.b.t.m.w.SpringBootMockServletContext : Initializing Spring FrameworkServlet ''
2017-05-01 18:27:14.411  INFO 2598 --- [    Test worker] o.s.t.web.servlet.TestDispatcherServlet  : FrameworkServlet '': initialization started
2017-05-01 18:27:14.487  INFO 2598 --- [    Test worker] s.w.s.m.m.a.RequestMappingHandlerMapping : Mapped "{[/login],methods=[GET]}" onto public org.springframework.web.servlet.ModelAndView edu.xavier.csci260.atinlay.controller.GreetingController.login(java.lang.String,java.lang.String)
2017-05-01 18:27:14.489  INFO 2598 --- [    Test worker] s.w.s.m.m.a.RequestMappingHandlerMapping : Mapped "{[/login]}" onto public java.lang.String edu.xavier.csci260.atinlay.controller.GreetingController.login()
2017-05-01 18:27:14.490  INFO 2598 --- [    Test worker] s.w.s.m.m.a.RequestMappingHandlerMapping : Mapped "{[/home || /],methods=[GET]}" onto public java.lang.String edu.xavier.csci260.atinlay.controller.GreetingController.home()
2017-05-01 18:27:14.492  INFO 2598 --- [    Test worker] s.w.s.m.m.a.RequestMappingHandlerMapping : Mapped "{[/logout],methods=[GET]}" onto public java.lang.String edu.xavier.csci260.atinlay.controller.GreetingController.logoutPage(javax.servlet.http.HttpServletRequest,javax.servlet.http.HttpServletResponse)
2017-05-01 18:27:14.493  INFO 2598 --- [    Test worker] s.w.s.m.m.a.RequestMappingHandlerMapping : Mapped "{[/hello],methods=[GET]}" onto public java.lang.String edu.xavier.csci260.atinlay.controller.GreetingController.hello()
2017-05-01 18:27:14.495  INFO 2598 --- [    Test worker] s.w.s.m.m.a.RequestMappingHandlerMapping : Mapped "{[/calendar],methods=[GET]}" onto public java.lang.String edu.xavier.csci260.atinlay.controller.GreetingController.calendar()
2017-05-01 18:27:14.496  INFO 2598 --- [    Test worker] s.w.s.m.m.a.RequestMappingHandlerMapping : Mapped "{[/index],methods=[GET]}" onto public java.lang.String edu.xavier.csci260.atinlay.controller.GreetingController.index()
2017-05-01 18:27:14.499  INFO 2598 --- [    Test worker] s.w.s.m.m.a.RequestMappingHandlerMapping : Mapped "{[/manager/forTesting]}" onto public java.lang.String edu.xavier.csci260.atinlay.controller.ManagerController.messages()
2017-05-01 18:27:14.501  INFO 2598 --- [    Test worker] s.w.s.m.m.a.RequestMappingHandlerMapping : Mapped "{[/readMessage/{messageID}]}" onto public java.lang.String edu.xavier.csci260.atinlay.controller.MessageController.readMessage(org.springframework.ui.Model,java.lang.Long)
2017-05-01 18:27:14.505  INFO 2598 --- [    Test worker] s.w.s.m.m.a.RequestMappingHandlerMapping : Mapped "{[/compose],methods=[GET]}" onto public java.lang.String edu.xavier.csci260.atinlay.controller.MessageController.getCompose(org.springframework.ui.Model)
2017-05-01 18:27:14.506  INFO 2598 --- [    Test worker] s.w.s.m.m.a.RequestMappingHandlerMapping : Mapped "{[/compose],methods=[POST]}" onto public java.lang.String edu.xavier.csci260.atinlay.controller.MessageController.postCompose()
2017-05-01 18:27:14.511  INFO 2598 --- [    Test worker] s.w.s.m.m.a.RequestMappingHandlerMapping : Mapped "{[/messages/{username}]}" onto public java.lang.String edu.xavier.csci260.atinlay.controller.MessageController.messages(org.springframework.ui.Model,java.lang.String)
2017-05-01 18:27:14.513  INFO 2598 --- [    Test worker] s.w.s.m.m.a.RequestMappingHandlerMapping : Mapped "{[/newRequest],methods=[POST]}" onto public java.lang.String edu.xavier.csci260.atinlay.controller.RequestController.newRequest(edu.xavier.csci260.atinlay.domain.TimeOff.TimeOffReq,org.springframework.ui.Model)
2017-05-01 18:27:14.515  INFO 2598 --- [    Test worker] s.w.s.m.m.a.RequestMappingHandlerMapping : Mapped "{[/newRequest],methods=[GET]}" onto public java.lang.String edu.xavier.csci260.atinlay.controller.RequestController.getNewRequest(org.springframework.ui.Model)
2017-05-01 18:27:14.519  INFO 2598 --- [    Test worker] s.w.s.m.m.a.RequestMappingHandlerMapping : Mapped "{[/error],produces=[text/html]}" onto public org.springframework.web.servlet.ModelAndView org.springframework.boot.autoconfigure.web.BasicErrorController.errorHtml(javax.servlet.http.HttpServletRequest,javax.servlet.http.HttpServletResponse)
2017-05-01 18:27:14.520  INFO 2598 --- [    Test worker] s.w.s.m.m.a.RequestMappingHandlerMapping : Mapped "{[/error]}" onto public org.springframework.http.ResponseEntity<java.util.Map<java.lang.String, java.lang.Object>> org.springframework.boot.autoconfigure.web.BasicErrorController.error(javax.servlet.http.HttpServletRequest)
2017-05-01 18:27:14.539  INFO 2598 --- [    Test worker] o.s.w.s.handler.SimpleUrlHandlerMapping  : Root mapping to handler of type [class org.springframework.web.servlet.mvc.ParameterizableViewController]
2017-05-01 18:27:14.540  INFO 2598 --- [    Test worker] o.s.w.s.handler.SimpleUrlHandlerMapping  : Mapped URL path [/home] onto handler of type [class org.springframework.web.servlet.mvc.ParameterizableViewController]
2017-05-01 18:27:14.540  INFO 2598 --- [    Test worker] o.s.w.s.handler.SimpleUrlHandlerMapping  : Mapped URL path [/login] onto handler of type [class org.springframework.web.servlet.mvc.ParameterizableViewController]
2017-05-01 18:27:14.541  INFO 2598 --- [    Test worker] o.s.w.s.handler.SimpleUrlHandlerMapping  : Mapped URL path [/addEmployee] onto handler of type [class org.springframework.web.servlet.mvc.ParameterizableViewController]
2017-05-01 18:27:14.541  INFO 2598 --- [    Test worker] o.s.w.s.handler.SimpleUrlHandlerMapping  : Mapped URL path [/messages] onto handler of type [class org.springframework.web.servlet.mvc.ParameterizableViewController]
2017-05-01 18:27:14.541  INFO 2598 --- [    Test worker] o.s.w.s.handler.SimpleUrlHandlerMapping  : Mapped URL path [/requests] onto handler of type [class org.springframework.web.servlet.mvc.ParameterizableViewController]
2017-05-01 18:27:14.541  INFO 2598 --- [    Test worker] o.s.w.s.handler.SimpleUrlHandlerMapping  : Mapped URL path [/newRequest] onto handler of type [class org.springframework.web.servlet.mvc.ParameterizableViewController]
2017-05-01 18:27:14.558  INFO 2598 --- [    Test worker] o.s.w.s.handler.SimpleUrlHandlerMapping  : Mapped URL path [/webjars/**] onto handler of type [class org.springframework.web.servlet.resource.ResourceHttpRequestHandler]
2017-05-01 18:27:14.561  INFO 2598 --- [    Test worker] o.s.w.s.handler.SimpleUrlHandlerMapping  : Mapped URL path [/**] onto handler of type [class org.springframework.web.servlet.resource.ResourceHttpRequestHandler]
2017-05-01 18:27:14.588  INFO 2598 --- [    Test worker] o.s.w.s.handler.SimpleUrlHandlerMapping  : Mapped URL path [/**/favicon.ico] onto handler of type [class org.springframework.web.servlet.resource.ResourceHttpRequestHandler]
2017-05-01 18:27:14.822  INFO 2598 --- [    Test worker] o.s.b.a.e.mvc.EndpointHandlerMapping     : Mapped "{[/env/{name:.*}],methods=[GET],produces=[application/vnd.spring-boot.actuator.v1+json || application/json]}" onto public java.lang.Object org.springframework.boot.actuate.endpoint.mvc.EnvironmentMvcEndpoint.value(java.lang.String)
2017-05-01 18:27:14.823  INFO 2598 --- [    Test worker] o.s.b.a.e.mvc.EndpointHandlerMapping     : Mapped "{[/env || /env.json],methods=[GET],produces=[application/vnd.spring-boot.actuator.v1+json || application/json]}" onto public java.lang.Object org.springframework.boot.actuate.endpoint.mvc.EndpointMvcAdapter.invoke()
2017-05-01 18:27:14.825  INFO 2598 --- [    Test worker] o.s.b.a.e.mvc.EndpointHandlerMapping     : Mapped "{[/loggers/{name:.*}],methods=[GET],produces=[application/vnd.spring-boot.actuator.v1+json || application/json]}" onto public java.lang.Object org.springframework.boot.actuate.endpoint.mvc.LoggersMvcEndpoint.get(java.lang.String)
2017-05-01 18:27:14.827  INFO 2598 --- [    Test worker] o.s.b.a.e.mvc.EndpointHandlerMapping     : Mapped "{[/loggers/{name:.*}],methods=[POST],consumes=[application/vnd.spring-boot.actuator.v1+json || application/json],produces=[application/vnd.spring-boot.actuator.v1+json || application/json]}" onto public java.lang.Object org.springframework.boot.actuate.endpoint.mvc.LoggersMvcEndpoint.set(java.lang.String,java.util.Map<java.lang.String, java.lang.String>)
2017-05-01 18:27:14.828  INFO 2598 --- [    Test worker] o.s.b.a.e.mvc.EndpointHandlerMapping     : Mapped "{[/loggers || /loggers.json],methods=[GET],produces=[application/vnd.spring-boot.actuator.v1+json || application/json]}" onto public java.lang.Object org.springframework.boot.actuate.endpoint.mvc.EndpointMvcAdapter.invoke()
2017-05-01 18:27:14.829  INFO 2598 --- [    Test worker] o.s.b.a.e.mvc.EndpointHandlerMapping     : Mapped "{[/configprops || /configprops.json],methods=[GET],produces=[application/vnd.spring-boot.actuator.v1+json || application/json]}" onto public java.lang.Object org.springframework.boot.actuate.endpoint.mvc.EndpointMvcAdapter.invoke()
2017-05-01 18:27:14.832  INFO 2598 --- [    Test worker] o.s.b.a.e.mvc.EndpointHandlerMapping     : Mapped "{[/heapdump || /heapdump.json],methods=[GET],produces=[application/octet-stream]}" onto public void org.springframework.boot.actuate.endpoint.mvc.HeapdumpMvcEndpoint.invoke(boolean,javax.servlet.http.HttpServletRequest,javax.servlet.http.HttpServletResponse) throws java.io.IOException,javax.servlet.ServletException
2017-05-01 18:27:14.834  INFO 2598 --- [    Test worker] o.s.b.a.e.mvc.EndpointHandlerMapping     : Mapped "{[/beans || /beans.json],methods=[GET],produces=[application/vnd.spring-boot.actuator.v1+json || application/json]}" onto public java.lang.Object org.springframework.boot.actuate.endpoint.mvc.EndpointMvcAdapter.invoke()
2017-05-01 18:27:14.836  INFO 2598 --- [    Test worker] o.s.b.a.e.mvc.EndpointHandlerMapping     : Mapped "{[/trace || /trace.json],methods=[GET],produces=[application/vnd.spring-boot.actuator.v1+json || application/json]}" onto public java.lang.Object org.springframework.boot.actuate.endpoint.mvc.EndpointMvcAdapter.invoke()
2017-05-01 18:27:14.838  INFO 2598 --- [    Test worker] o.s.b.a.e.mvc.EndpointHandlerMapping     : Mapped "{[/metrics/{name:.*}],methods=[GET],produces=[application/vnd.spring-boot.actuator.v1+json || application/json]}" onto public java.lang.Object org.springframework.boot.actuate.endpoint.mvc.MetricsMvcEndpoint.value(java.lang.String)
2017-05-01 18:27:14.839  INFO 2598 --- [    Test worker] o.s.b.a.e.mvc.EndpointHandlerMapping     : Mapped "{[/metrics || /metrics.json],methods=[GET],produces=[application/vnd.spring-boot.actuator.v1+json || application/json]}" onto public java.lang.Object org.springframework.boot.actuate.endpoint.mvc.EndpointMvcAdapter.invoke()
2017-05-01 18:27:14.841  INFO 2598 --- [    Test worker] o.s.b.a.e.mvc.EndpointHandlerMapping     : Mapped "{[/dump || /dump.json],methods=[GET],produces=[application/vnd.spring-boot.actuator.v1+json || application/json]}" onto public java.lang.Object org.springframework.boot.actuate.endpoint.mvc.EndpointMvcAdapter.invoke()
2017-05-01 18:27:14.843  INFO 2598 --- [    Test worker] o.s.b.a.e.mvc.EndpointHandlerMapping     : Mapped "{[/health || /health.json],methods=[GET],produces=[application/vnd.spring-boot.actuator.v1+json || application/json]}" onto public java.lang.Object org.springframework.boot.actuate.endpoint.mvc.HealthMvcEndpoint.invoke(javax.servlet.http.HttpServletRequest,java.security.Principal)
2017-05-01 18:27:14.845  INFO 2598 --- [    Test worker] o.s.b.a.e.mvc.EndpointHandlerMapping     : Mapped "{[/autoconfig || /autoconfig.json],methods=[GET],produces=[application/vnd.spring-boot.actuator.v1+json || application/json]}" onto public java.lang.Object org.springframework.boot.actuate.endpoint.mvc.EndpointMvcAdapter.invoke()
2017-05-01 18:27:14.846  INFO 2598 --- [    Test worker] o.s.b.a.e.mvc.EndpointHandlerMapping     : Mapped "{[/mappings || /mappings.json],methods=[GET],produces=[application/vnd.spring-boot.actuator.v1+json || application/json]}" onto public java.lang.Object org.springframework.boot.actuate.endpoint.mvc.EndpointMvcAdapter.invoke()
2017-05-01 18:27:14.849  INFO 2598 --- [    Test worker] o.s.b.a.e.mvc.EndpointHandlerMapping     : Mapped "{[/auditevents || /auditevents.json],methods=[GET],produces=[application/vnd.spring-boot.actuator.v1+json || application/json]}" onto public org.springframework.http.ResponseEntity<?> org.springframework.boot.actuate.endpoint.mvc.AuditEventsMvcEndpoint.findByPrincipalAndAfterAndType(java.lang.String,java.util.Date,java.lang.String)
2017-05-01 18:27:14.852  INFO 2598 --- [    Test worker] o.s.b.a.e.mvc.EndpointHandlerMapping     : Mapped "{[/info || /info.json],methods=[GET],produces=[application/vnd.spring-boot.actuator.v1+json || application/json]}" onto public java.lang.Object org.springframework.boot.actuate.endpoint.mvc.EndpointMvcAdapter.invoke()
2017-05-01 18:27:14.894  INFO 2598 --- [    Test worker] s.w.s.m.m.a.RequestMappingHandlerAdapter : Looking for @ControllerAdvice: org.springframework.web.context.support.GenericWebApplicationContext@1ace11cb: startup date [Mon May 01 18:27:12 EDT 2017]; root of context hierarchy
2017-05-01 18:27:15.012  INFO 2598 --- [    Test worker] o.s.t.web.servlet.TestDispatcherServlet  : FrameworkServlet '': initialization completed in 597 ms
2017-05-01 18:27:15.543  INFO 2598 --- [    Test worker] e.x.csci260.atinlay.ApplicationTest      : Started ApplicationTest in 3.393 seconds (JVM running for 17.949)
2017-05-01 18:27:15.574  INFO 2598 --- [    Test worker] o.s.jdbc.datasource.init.ScriptUtils     : Executing SQL script from class path resource [testSchema.sql]
2017-05-01 18:27:15.608  INFO 2598 --- [    Test worker] o.s.jdbc.datasource.init.ScriptUtils     : Executed SQL script from class path resource [testSchema.sql] in 33 ms.
2017-05-01 18:27:15.613  INFO 2598 --- [    Test worker] o.s.jdbc.datasource.init.ScriptUtils     : Executing SQL script from class path resource [data.sql]
2017-05-01 18:27:15.622  INFO 2598 --- [    Test worker] o.s.jdbc.datasource.init.ScriptUtils     : Executed SQL script from class path resource [data.sql] in 7 ms.
2017-05-01 18:27:15.643 DEBUG 2598 --- [    Test worker] o.s.s.w.u.matcher.AntPathRequestMatcher  : Checking match of request : '/login'; against '/includes/**'
2017-05-01 18:27:15.645 DEBUG 2598 --- [    Test worker] o.s.s.w.u.matcher.AntPathRequestMatcher  : Checking match of request : '/login'; against '/assets/**'
2017-05-01 18:27:15.647 DEBUG 2598 --- [    Test worker] o.s.s.w.u.matcher.AntPathRequestMatcher  : Checking match of request : '/login'; against '/includes/**'
2017-05-01 18:27:15.648 DEBUG 2598 --- [    Test worker] o.s.s.w.u.matcher.AntPathRequestMatcher  : Checking match of request : '/login'; against '/assets/**'
2017-05-01 18:27:15.668 DEBUG 2598 --- [    Test worker] o.s.s.w.u.matcher.AntPathRequestMatcher  : Checking match of request : '/login'; against '/includes/**'
2017-05-01 18:27:15.668 DEBUG 2598 --- [    Test worker] o.s.s.w.u.matcher.AntPathRequestMatcher  : Checking match of request : '/login'; against '/assets/**'
2017-05-01 18:27:15.672 DEBUG 2598 --- [    Test worker] o.s.security.web.FilterChainProxy        : /login at position 1 of 11 in additional filter chain; firing Filter: 'WebAsyncManagerIntegrationFilter'
2017-05-01 18:27:15.675 DEBUG 2598 --- [    Test worker] o.s.security.web.FilterChainProxy        : /login at position 2 of 11 in additional filter chain; firing Filter: 'SecurityContextPersistenceFilter'
2017-05-01 18:27:15.677 DEBUG 2598 --- [    Test worker] w.c.HttpSessionSecurityContextRepository : No HttpSession currently exists
2017-05-01 18:27:15.680 DEBUG 2598 --- [    Test worker] w.c.HttpSessionSecurityContextRepository : No SecurityContext was available from the HttpSession: null. A new one will be created.
2017-05-01 18:27:15.685 DEBUG 2598 --- [    Test worker] o.s.security.web.FilterChainProxy        : /login at position 3 of 11 in additional filter chain; firing Filter: 'HeaderWriterFilter'
2017-05-01 18:27:15.702 DEBUG 2598 --- [    Test worker] o.s.s.w.header.writers.HstsHeaderWriter  : Not injecting HSTS header since it did not match the requestMatcher org.springframework.security.web.header.writers.HstsHeaderWriter$SecureRequestMatcher@5dbe3c77
2017-05-01 18:27:15.704 DEBUG 2598 --- [    Test worker] o.s.security.web.FilterChainProxy        : /login at position 4 of 11 in additional filter chain; firing Filter: 'LogoutFilter'
2017-05-01 18:27:15.704 DEBUG 2598 --- [    Test worker] o.s.s.web.util.matcher.OrRequestMatcher  : Trying to match using Ant [pattern='/logout', GET]
2017-05-01 18:27:15.705 DEBUG 2598 --- [    Test worker] o.s.s.w.u.matcher.AntPathRequestMatcher  : Request 'POST /login' doesn't match 'GET /logout
2017-05-01 18:27:15.706 DEBUG 2598 --- [    Test worker] o.s.s.web.util.matcher.OrRequestMatcher  : Trying to match using Ant [pattern='/logout', POST]
2017-05-01 18:27:15.706 DEBUG 2598 --- [    Test worker] o.s.s.w.u.matcher.AntPathRequestMatcher  : Checking match of request : '/login'; against '/logout'
2017-05-01 18:27:15.707 DEBUG 2598 --- [    Test worker] o.s.s.web.util.matcher.OrRequestMatcher  : Trying to match using Ant [pattern='/logout', PUT]
2017-05-01 18:27:15.708 DEBUG 2598 --- [    Test worker] o.s.s.w.u.matcher.AntPathRequestMatcher  : Request 'POST /login' doesn't match 'PUT /logout
2017-05-01 18:27:15.708 DEBUG 2598 --- [    Test worker] o.s.s.web.util.matcher.OrRequestMatcher  : Trying to match using Ant [pattern='/logout', DELETE]
2017-05-01 18:27:15.709 DEBUG 2598 --- [    Test worker] o.s.s.w.u.matcher.AntPathRequestMatcher  : Request 'POST /login' doesn't match 'DELETE /logout
2017-05-01 18:27:15.709 DEBUG 2598 --- [    Test worker] o.s.s.web.util.matcher.OrRequestMatcher  : No matches found
2017-05-01 18:27:15.710 DEBUG 2598 --- [    Test worker] o.s.security.web.FilterChainProxy        : /login at position 5 of 11 in additional filter chain; firing Filter: 'UsernamePasswordAuthenticationFilter'
2017-05-01 18:27:15.711 DEBUG 2598 --- [    Test worker] o.s.s.w.u.matcher.AntPathRequestMatcher  : Checking match of request : '/login'; against '/login'
2017-05-01 18:27:15.716 DEBUG 2598 --- [    Test worker] w.a.UsernamePasswordAuthenticationFilter : Request is to process authentication
2017-05-01 18:27:15.718 DEBUG 2598 --- [    Test worker] o.s.s.authentication.ProviderManager     : Authentication attempt using org.springframework.security.authentication.dao.DaoAuthenticationProvider
2017-05-01 18:27:15.741 DEBUG 2598 --- [    Test worker] s.CompositeSessionAuthenticationStrategy : Delegating to org.springframework.security.web.authentication.session.ChangeSessionIdAuthenticationStrategy@32c3b99c
2017-05-01 18:27:15.744 DEBUG 2598 --- [    Test worker] w.a.UsernamePasswordAuthenticationFilter : Authentication success. Updating SecurityContextHolder to contain: org.springframework.security.authentication.UsernamePasswordAuthenticationToken@7ccf42a3: Principal: org.springframework.security.core.userdetails.User@d162537e: Username: worker; Password: [PROTECTED]; Enabled: true; AccountNonExpired: true; credentialsNonExpired: true; AccountNonLocked: true; Granted Authorities: ROLE_WORKER; Credentials: [PROTECTED]; Authenticated: true; Details: org.springframework.security.web.authentication.WebAuthenticationDetails@957e: RemoteIpAddress: 127.0.0.1; SessionId: null; Granted Authorities: ROLE_WORKER
2017-05-01 18:27:15.749 DEBUG 2598 --- [    Test worker] o.s.s.web.DefaultRedirectStrategy        : Redirecting to '/hello'
2017-05-01 18:27:15.751 DEBUG 2598 --- [    Test worker] w.c.HttpSessionSecurityContextRepository : HttpSession being created as SecurityContext is non-default
2017-05-01 18:27:15.756 DEBUG 2598 --- [    Test worker] w.c.HttpSessionSecurityContextRepository : SecurityContext 'org.springframework.security.core.context.SecurityContextImpl@7ccf42a3: Authentication: org.springframework.security.authentication.UsernamePasswordAuthenticationToken@7ccf42a3: Principal: org.springframework.security.core.userdetails.User@d162537e: Username: worker; Password: [PROTECTED]; Enabled: true; AccountNonExpired: true; credentialsNonExpired: true; AccountNonLocked: true; Granted Authorities: ROLE_WORKER; Credentials: [PROTECTED]; Authenticated: true; Details: org.springframework.security.web.authentication.WebAuthenticationDetails@957e: RemoteIpAddress: 127.0.0.1; SessionId: null; Granted Authorities: ROLE_WORKER' stored to HttpSession: 'org.springframework.mock.web.MockHttpSession@17830b8d
2017-05-01 18:27:15.760 DEBUG 2598 --- [    Test worker] s.s.w.c.SecurityContextPersistenceFilter : SecurityContextHolder now cleared, as request processing completed
2017-05-01 18:27:15.778 DEBUG 2598 --- [    Test worker] o.s.s.w.u.matcher.AntPathRequestMatcher  : Checking match of request : '/login'; against '/includes/**'
2017-05-01 18:27:15.779 DEBUG 2598 --- [    Test worker] o.s.s.w.u.matcher.AntPathRequestMatcher  : Checking match of request : '/login'; against '/assets/**'
2017-05-01 18:27:15.780 DEBUG 2598 --- [    Test worker] w.c.HttpSessionSecurityContextRepository : Obtained a valid SecurityContext from SPRING_SECURITY_CONTEXT: 'org.springframework.security.core.context.SecurityContextImpl@7ccf42a3: Authentication: org.springframework.security.authentication.UsernamePasswordAuthenticationToken@7ccf42a3: Principal: org.springframework.security.core.userdetails.User@d162537e: Username: worker; Password: [PROTECTED]; Enabled: true; AccountNonExpired: true; credentialsNonExpired: true; AccountNonLocked: true; Granted Authorities: ROLE_WORKER; Credentials: [PROTECTED]; Authenticated: true; Details: org.springframework.security.web.authentication.WebAuthenticationDetails@957e: RemoteIpAddress: 127.0.0.1; SessionId: null; Granted Authorities: ROLE_WORKER'
2017-05-01 18:27:15.789  INFO 2598 --- [    Test worker] o.s.jdbc.datasource.init.ScriptUtils     : Executing SQL script from class path resource [tearDown.sql]
2017-05-01 18:27:15.801  INFO 2598 --- [    Test worker] o.s.jdbc.datasource.init.ScriptUtils     : Executed SQL script from class path resource [tearDown.sql] in 11 ms.
2017-05-01 18:27:15.809  INFO 2598 --- [    Test worker] o.s.jdbc.datasource.init.ScriptUtils     : Executing SQL script from class path resource [testSchema.sql]
2017-05-01 18:27:15.835  INFO 2598 --- [    Test worker] o.s.jdbc.datasource.init.ScriptUtils     : Executed SQL script from class path resource [testSchema.sql] in 25 ms.
2017-05-01 18:27:15.838  INFO 2598 --- [    Test worker] o.s.jdbc.datasource.init.ScriptUtils     : Executing SQL script from class path resource [data.sql]
2017-05-01 18:27:15.845  INFO 2598 --- [    Test worker] o.s.jdbc.datasource.init.ScriptUtils     : Executed SQL script from class path resource [data.sql] in 6 ms.
2017-05-01 18:27:15.895 DEBUG 2598 --- [    Test worker] o.s.s.w.u.matcher.AntPathRequestMatcher  : Checking match of request : '/'; against '/includes/**'
2017-05-01 18:27:15.896 DEBUG 2598 --- [    Test worker] o.s.s.w.u.matcher.AntPathRequestMatcher  : Checking match of request : '/'; against '/assets/**'
2017-05-01 18:27:15.897 DEBUG 2598 --- [    Test worker] o.s.security.web.FilterChainProxy        : / at position 1 of 11 in additional filter chain; firing Filter: 'WebAsyncManagerIntegrationFilter'
2017-05-01 18:27:15.897 DEBUG 2598 --- [    Test worker] o.s.security.web.FilterChainProxy        : / at position 2 of 11 in additional filter chain; firing Filter: 'SecurityContextPersistenceFilter'
2017-05-01 18:27:15.910 DEBUG 2598 --- [    Test worker] w.c.HttpSessionSecurityContextRepository : No HttpSession currently exists
2017-05-01 18:27:15.913 DEBUG 2598 --- [    Test worker] w.c.HttpSessionSecurityContextRepository : No SecurityContext was available from the HttpSession: null. A new one will be created.
2017-05-01 18:27:15.914 DEBUG 2598 --- [    Test worker] o.s.security.web.FilterChainProxy        : / at position 3 of 11 in additional filter chain; firing Filter: 'HeaderWriterFilter'
2017-05-01 18:27:15.915 DEBUG 2598 --- [    Test worker] o.s.s.w.header.writers.HstsHeaderWriter  : Not injecting HSTS header since it did not match the requestMatcher org.springframework.security.web.header.writers.HstsHeaderWriter$SecureRequestMatcher@5dbe3c77
2017-05-01 18:27:15.917 DEBUG 2598 --- [    Test worker] o.s.security.web.FilterChainProxy        : / at position 4 of 11 in additional filter chain; firing Filter: 'LogoutFilter'
2017-05-01 18:27:15.917 DEBUG 2598 --- [    Test worker] o.s.s.web.util.matcher.OrRequestMatcher  : Trying to match using Ant [pattern='/logout', GET]
2017-05-01 18:27:15.917 DEBUG 2598 --- [    Test worker] o.s.s.w.u.matcher.AntPathRequestMatcher  : Checking match of request : '/'; against '/logout'
2017-05-01 18:27:15.917 DEBUG 2598 --- [    Test worker] o.s.s.web.util.matcher.OrRequestMatcher  : Trying to match using Ant [pattern='/logout', POST]
2017-05-01 18:27:15.917 DEBUG 2598 --- [    Test worker] o.s.s.w.u.matcher.AntPathRequestMatcher  : Request 'GET /' doesn't match 'POST /logout
2017-05-01 18:27:15.917 DEBUG 2598 --- [    Test worker] o.s.s.web.util.matcher.OrRequestMatcher  : Trying to match using Ant [pattern='/logout', PUT]
2017-05-01 18:27:15.918 DEBUG 2598 --- [    Test worker] o.s.s.w.u.matcher.AntPathRequestMatcher  : Request 'GET /' doesn't match 'PUT /logout
2017-05-01 18:27:15.918 DEBUG 2598 --- [    Test worker] o.s.s.web.util.matcher.OrRequestMatcher  : Trying to match using Ant [pattern='/logout', DELETE]
2017-05-01 18:27:15.918 DEBUG 2598 --- [    Test worker] o.s.s.w.u.matcher.AntPathRequestMatcher  : Request 'GET /' doesn't match 'DELETE /logout
2017-05-01 18:27:15.918 DEBUG 2598 --- [    Test worker] o.s.s.web.util.matcher.OrRequestMatcher  : No matches found
2017-05-01 18:27:15.918 DEBUG 2598 --- [    Test worker] o.s.security.web.FilterChainProxy        : / at position 5 of 11 in additional filter chain; firing Filter: 'UsernamePasswordAuthenticationFilter'
2017-05-01 18:27:15.918 DEBUG 2598 --- [    Test worker] o.s.s.w.u.matcher.AntPathRequestMatcher  : Request 'GET /' doesn't match 'POST /login
2017-05-01 18:27:15.918 DEBUG 2598 --- [    Test worker] o.s.security.web.FilterChainProxy        : / at position 6 of 11 in additional filter chain; firing Filter: 'RequestCacheAwareFilter'
2017-05-01 18:27:15.918 DEBUG 2598 --- [    Test worker] o.s.security.web.FilterChainProxy        : / at position 7 of 11 in additional filter chain; firing Filter: 'SecurityContextHolderAwareRequestFilter'
2017-05-01 18:27:15.930 DEBUG 2598 --- [    Test worker] o.s.security.web.FilterChainProxy        : / at position 8 of 11 in additional filter chain; firing Filter: 'AnonymousAuthenticationFilter'
2017-05-01 18:27:15.939 DEBUG 2598 --- [    Test worker] o.s.s.w.a.AnonymousAuthenticationFilter  : Populated SecurityContextHolder with anonymous token: 'org.springframework.security.authentication.AnonymousAuthenticationToken@9055e4a6: Principal: anonymousUser; Credentials: [PROTECTED]; Authenticated: true; Details: org.springframework.security.web.authentication.WebAuthenticationDetails@957e: RemoteIpAddress: 127.0.0.1; SessionId: null; Granted Authorities: ROLE_ANONYMOUS'
2017-05-01 18:27:15.939 DEBUG 2598 --- [    Test worker] o.s.security.web.FilterChainProxy        : / at position 9 of 11 in additional filter chain; firing Filter: 'SessionManagementFilter'
2017-05-01 18:27:15.940 DEBUG 2598 --- [    Test worker] o.s.security.web.FilterChainProxy        : / at position 10 of 11 in additional filter chain; firing Filter: 'ExceptionTranslationFilter'
2017-05-01 18:27:15.943 DEBUG 2598 --- [    Test worker] o.s.security.web.FilterChainProxy        : / at position 11 of 11 in additional filter chain; firing Filter: 'FilterSecurityInterceptor'
2017-05-01 18:27:15.955 DEBUG 2598 --- [    Test worker] o.s.s.w.u.matcher.AntPathRequestMatcher  : Checking match of request : '/'; against '/human-resources/**'
2017-05-01 18:27:15.955 DEBUG 2598 --- [    Test worker] o.s.s.w.u.matcher.AntPathRequestMatcher  : Checking match of request : '/'; against '/manager/**'
2017-05-01 18:27:15.956 DEBUG 2598 --- [    Test worker] o.s.s.w.u.matcher.AntPathRequestMatcher  : Checking match of request : '/'; against '/'
2017-05-01 18:27:15.956 DEBUG 2598 --- [    Test worker] o.s.s.w.a.i.FilterSecurityInterceptor    : Secure object: FilterInvocation: URL: /; Attributes: [permitAll]
2017-05-01 18:27:15.956 DEBUG 2598 --- [    Test worker] o.s.s.w.a.i.FilterSecurityInterceptor    : Previously Authenticated: org.springframework.security.authentication.AnonymousAuthenticationToken@9055e4a6: Principal: anonymousUser; Credentials: [PROTECTED]; Authenticated: true; Details: org.springframework.security.web.authentication.WebAuthenticationDetails@957e: RemoteIpAddress: 127.0.0.1; SessionId: null; Granted Authorities: ROLE_ANONYMOUS
2017-05-01 18:27:15.979 DEBUG 2598 --- [    Test worker] o.s.s.access.vote.AffirmativeBased       : Voter: org.springframework.security.web.access.expression.WebExpressionVoter@62e201ce, returned: 1
2017-05-01 18:27:15.980 DEBUG 2598 --- [    Test worker] o.s.s.w.a.i.FilterSecurityInterceptor    : Authorization successful
2017-05-01 18:27:15.981 DEBUG 2598 --- [    Test worker] o.s.s.w.a.i.FilterSecurityInterceptor    : RunAsManager did not change Authentication object
2017-05-01 18:27:15.982 DEBUG 2598 --- [    Test worker] o.s.security.web.FilterChainProxy        : / reached end of additional filter chain; proceeding with original chain
2017-05-01 18:27:17.229 DEBUG 2598 --- [    Test worker] w.c.HttpSessionSecurityContextRepository : SecurityContext is empty or contents are anonymous - context will not be stored in HttpSession.
2017-05-01 18:27:17.233 DEBUG 2598 --- [    Test worker] o.s.s.w.a.ExceptionTranslationFilter     : Chain processed normally
2017-05-01 18:27:17.235 DEBUG 2598 --- [    Test worker] s.s.w.c.SecurityContextPersistenceFilter : SecurityContextHolder now cleared, as request processing completed
2017-05-01 18:27:17.298  INFO 2598 --- [    Test worker] o.s.jdbc.datasource.init.ScriptUtils     : Executing SQL script from class path resource [tearDown.sql]
2017-05-01 18:27:17.306  INFO 2598 --- [    Test worker] o.s.jdbc.datasource.init.ScriptUtils     : Executed SQL script from class path resource [tearDown.sql] in 7 ms.
2017-05-01 18:27:17.312  INFO 2598 --- [    Test worker] o.s.jdbc.datasource.init.ScriptUtils     : Executing SQL script from class path resource [testSchema.sql]
2017-05-01 18:27:17.326  INFO 2598 --- [    Test worker] o.s.jdbc.datasource.init.ScriptUtils     : Executed SQL script from class path resource [testSchema.sql] in 14 ms.
2017-05-01 18:27:17.330  INFO 2598 --- [    Test worker] o.s.jdbc.datasource.init.ScriptUtils     : Executing SQL script from class path resource [data.sql]
2017-05-01 18:27:17.336  INFO 2598 --- [    Test worker] o.s.jdbc.datasource.init.ScriptUtils     : Executed SQL script from class path resource [data.sql] in 5 ms.
2017-05-01 18:27:17.340 DEBUG 2598 --- [    Test worker] o.s.s.w.u.matcher.AntPathRequestMatcher  : Checking match of request : '/login'; against '/includes/**'
2017-05-01 18:27:17.340 DEBUG 2598 --- [    Test worker] o.s.s.w.u.matcher.AntPathRequestMatcher  : Checking match of request : '/login'; against '/assets/**'
2017-05-01 18:27:17.340 DEBUG 2598 --- [    Test worker] o.s.s.w.u.matcher.AntPathRequestMatcher  : Checking match of request : '/login'; against '/includes/**'
2017-05-01 18:27:17.340 DEBUG 2598 --- [    Test worker] o.s.s.w.u.matcher.AntPathRequestMatcher  : Checking match of request : '/login'; against '/assets/**'
2017-05-01 18:27:17.343 DEBUG 2598 --- [    Test worker] o.s.s.w.u.matcher.AntPathRequestMatcher  : Checking match of request : '/login'; against '/includes/**'
2017-05-01 18:27:17.343 DEBUG 2598 --- [    Test worker] o.s.s.w.u.matcher.AntPathRequestMatcher  : Checking match of request : '/login'; against '/assets/**'
2017-05-01 18:27:17.343 DEBUG 2598 --- [    Test worker] o.s.security.web.FilterChainProxy        : /login at position 1 of 11 in additional filter chain; firing Filter: 'WebAsyncManagerIntegrationFilter'
2017-05-01 18:27:17.343 DEBUG 2598 --- [    Test worker] o.s.security.web.FilterChainProxy        : /login at position 2 of 11 in additional filter chain; firing Filter: 'SecurityContextPersistenceFilter'
2017-05-01 18:27:17.344 DEBUG 2598 --- [    Test worker] w.c.HttpSessionSecurityContextRepository : No HttpSession currently exists
2017-05-01 18:27:17.344 DEBUG 2598 --- [    Test worker] w.c.HttpSessionSecurityContextRepository : No SecurityContext was available from the HttpSession: null. A new one will be created.
2017-05-01 18:27:17.344 DEBUG 2598 --- [    Test worker] o.s.security.web.FilterChainProxy        : /login at position 3 of 11 in additional filter chain; firing Filter: 'HeaderWriterFilter'
2017-05-01 18:27:17.344 DEBUG 2598 --- [    Test worker] o.s.s.w.header.writers.HstsHeaderWriter  : Not injecting HSTS header since it did not match the requestMatcher org.springframework.security.web.header.writers.HstsHeaderWriter$SecureRequestMatcher@5dbe3c77
2017-05-01 18:27:17.344 DEBUG 2598 --- [    Test worker] o.s.security.web.FilterChainProxy        : /login at position 4 of 11 in additional filter chain; firing Filter: 'LogoutFilter'
2017-05-01 18:27:17.345 DEBUG 2598 --- [    Test worker] o.s.s.web.util.matcher.OrRequestMatcher  : Trying to match using Ant [pattern='/logout', GET]
2017-05-01 18:27:17.345 DEBUG 2598 --- [    Test worker] o.s.s.w.u.matcher.AntPathRequestMatcher  : Request 'POST /login' doesn't match 'GET /logout
2017-05-01 18:27:17.346 DEBUG 2598 --- [    Test worker] o.s.s.web.util.matcher.OrRequestMatcher  : Trying to match using Ant [pattern='/logout', POST]
2017-05-01 18:27:17.346 DEBUG 2598 --- [    Test worker] o.s.s.w.u.matcher.AntPathRequestMatcher  : Checking match of request : '/login'; against '/logout'
2017-05-01 18:27:17.346 DEBUG 2598 --- [    Test worker] o.s.s.web.util.matcher.OrRequestMatcher  : Trying to match using Ant [pattern='/logout', PUT]
2017-05-01 18:27:17.346 DEBUG 2598 --- [    Test worker] o.s.s.w.u.matcher.AntPathRequestMatcher  : Request 'POST /login' doesn't match 'PUT /logout
2017-05-01 18:27:17.346 DEBUG 2598 --- [    Test worker] o.s.s.web.util.matcher.OrRequestMatcher  : Trying to match using Ant [pattern='/logout', DELETE]
2017-05-01 18:27:17.346 DEBUG 2598 --- [    Test worker] o.s.s.w.u.matcher.AntPathRequestMatcher  : Request 'POST /login' doesn't match 'DELETE /logout
2017-05-01 18:27:17.346 DEBUG 2598 --- [    Test worker] o.s.s.web.util.matcher.OrRequestMatcher  : No matches found
2017-05-01 18:27:17.346 DEBUG 2598 --- [    Test worker] o.s.security.web.FilterChainProxy        : /login at position 5 of 11 in additional filter chain; firing Filter: 'UsernamePasswordAuthenticationFilter'
2017-05-01 18:27:17.346 DEBUG 2598 --- [    Test worker] o.s.s.w.u.matcher.AntPathRequestMatcher  : Checking match of request : '/login'; against '/login'
2017-05-01 18:27:17.346 DEBUG 2598 --- [    Test worker] w.a.UsernamePasswordAuthenticationFilter : Request is to process authentication
2017-05-01 18:27:17.347 DEBUG 2598 --- [    Test worker] o.s.s.authentication.ProviderManager     : Authentication attempt using org.springframework.security.authentication.dao.DaoAuthenticationProvider
2017-05-01 18:27:17.353 DEBUG 2598 --- [    Test worker] s.CompositeSessionAuthenticationStrategy : Delegating to org.springframework.security.web.authentication.session.ChangeSessionIdAuthenticationStrategy@32c3b99c
2017-05-01 18:27:17.354 DEBUG 2598 --- [    Test worker] w.a.UsernamePasswordAuthenticationFilter : Authentication success. Updating SecurityContextHolder to contain: org.springframework.security.authentication.UsernamePasswordAuthenticationToken@eb81d3: Principal: org.springframework.security.core.userdetails.User@31c90fad: Username: manager; Password: [PROTECTED]; Enabled: true; AccountNonExpired: true; credentialsNonExpired: true; AccountNonLocked: true; Granted Authorities: ROLE_MANAGER; Credentials: [PROTECTED]; Authenticated: true; Details: org.springframework.security.web.authentication.WebAuthenticationDetails@957e: RemoteIpAddress: 127.0.0.1; SessionId: null; Granted Authorities: ROLE_MANAGER
2017-05-01 18:27:17.354 DEBUG 2598 --- [    Test worker] o.s.s.web.DefaultRedirectStrategy        : Redirecting to '/hello'
2017-05-01 18:27:17.354 DEBUG 2598 --- [    Test worker] w.c.HttpSessionSecurityContextRepository : HttpSession being created as SecurityContext is non-default
2017-05-01 18:27:17.354 DEBUG 2598 --- [    Test worker] w.c.HttpSessionSecurityContextRepository : SecurityContext 'org.springframework.security.core.context.SecurityContextImpl@eb81d3: Authentication: org.springframework.security.authentication.UsernamePasswordAuthenticationToken@eb81d3: Principal: org.springframework.security.core.userdetails.User@31c90fad: Username: manager; Password: [PROTECTED]; Enabled: true; AccountNonExpired: true; credentialsNonExpired: true; AccountNonLocked: true; Granted Authorities: ROLE_MANAGER; Credentials: [PROTECTED]; Authenticated: true; Details: org.springframework.security.web.authentication.WebAuthenticationDetails@957e: RemoteIpAddress: 127.0.0.1; SessionId: null; Granted Authorities: ROLE_MANAGER' stored to HttpSession: 'org.springframework.mock.web.MockHttpSession@125833cf
2017-05-01 18:27:17.355 DEBUG 2598 --- [    Test worker] s.s.w.c.SecurityContextPersistenceFilter : SecurityContextHolder now cleared, as request processing completed
2017-05-01 18:27:17.357 DEBUG 2598 --- [    Test worker] o.s.s.w.u.matcher.AntPathRequestMatcher  : Checking match of request : '/login'; against '/includes/**'
2017-05-01 18:27:17.357 DEBUG 2598 --- [    Test worker] o.s.s.w.u.matcher.AntPathRequestMatcher  : Checking match of request : '/login'; against '/assets/**'
2017-05-01 18:27:17.357 DEBUG 2598 --- [    Test worker] w.c.HttpSessionSecurityContextRepository : Obtained a valid SecurityContext from SPRING_SECURITY_CONTEXT: 'org.springframework.security.core.context.SecurityContextImpl@eb81d3: Authentication: org.springframework.security.authentication.UsernamePasswordAuthenticationToken@eb81d3: Principal: org.springframework.security.core.userdetails.User@31c90fad: Username: manager; Password: [PROTECTED]; Enabled: true; AccountNonExpired: true; credentialsNonExpired: true; AccountNonLocked: true; Granted Authorities: ROLE_MANAGER; Credentials: [PROTECTED]; Authenticated: true; Details: org.springframework.security.web.authentication.WebAuthenticationDetails@957e: RemoteIpAddress: 127.0.0.1; SessionId: null; Granted Authorities: ROLE_MANAGER'
2017-05-01 18:27:17.364  INFO 2598 --- [    Test worker] o.s.jdbc.datasource.init.ScriptUtils     : Executing SQL script from class path resource [tearDown.sql]
2017-05-01 18:27:17.372  INFO 2598 --- [    Test worker] o.s.jdbc.datasource.init.ScriptUtils     : Executed SQL script from class path resource [tearDown.sql] in 6 ms.
2017-05-01 18:27:17.377  INFO 2598 --- [    Test worker] o.s.jdbc.datasource.init.ScriptUtils     : Executing SQL script from class path resource [testSchema.sql]
2017-05-01 18:27:17.465  INFO 2598 --- [    Test worker] o.s.jdbc.datasource.init.ScriptUtils     : Executed SQL script from class path resource [testSchema.sql] in 88 ms.
2017-05-01 18:27:17.472  INFO 2598 --- [    Test worker] o.s.jdbc.datasource.init.ScriptUtils     : Executing SQL script from class path resource [data.sql]
2017-05-01 18:27:17.476  INFO 2598 --- [    Test worker] o.s.jdbc.datasource.init.ScriptUtils     : Executed SQL script from class path resource [data.sql] in 3 ms.
2017-05-01 18:27:17.484 DEBUG 2598 --- [    Test worker] o.s.s.w.u.matcher.AntPathRequestMatcher  : Checking match of request : '/hello'; against '/includes/**'
2017-05-01 18:27:17.490 DEBUG 2598 --- [    Test worker] o.s.s.w.u.matcher.AntPathRequestMatcher  : Checking match of request : '/hello'; against '/assets/**'
2017-05-01 18:27:17.491 DEBUG 2598 --- [    Test worker] o.s.security.web.FilterChainProxy        : /hello at position 1 of 11 in additional filter chain; firing Filter: 'WebAsyncManagerIntegrationFilter'
2017-05-01 18:27:17.492 DEBUG 2598 --- [    Test worker] o.s.security.web.FilterChainProxy        : /hello at position 2 of 11 in additional filter chain; firing Filter: 'SecurityContextPersistenceFilter'
2017-05-01 18:27:17.492 DEBUG 2598 --- [    Test worker] w.c.HttpSessionSecurityContextRepository : No HttpSession currently exists
2017-05-01 18:27:17.493 DEBUG 2598 --- [    Test worker] w.c.HttpSessionSecurityContextRepository : No SecurityContext was available from the HttpSession: null. A new one will be created.
2017-05-01 18:27:17.494 DEBUG 2598 --- [    Test worker] o.s.security.web.FilterChainProxy        : /hello at position 3 of 11 in additional filter chain; firing Filter: 'HeaderWriterFilter'
2017-05-01 18:27:17.495 DEBUG 2598 --- [    Test worker] o.s.s.w.header.writers.HstsHeaderWriter  : Not injecting HSTS header since it did not match the requestMatcher org.springframework.security.web.header.writers.HstsHeaderWriter$SecureRequestMatcher@5dbe3c77
2017-05-01 18:27:17.500 DEBUG 2598 --- [    Test worker] o.s.security.web.FilterChainProxy        : /hello at position 4 of 11 in additional filter chain; firing Filter: 'LogoutFilter'
2017-05-01 18:27:17.500 DEBUG 2598 --- [    Test worker] o.s.s.web.util.matcher.OrRequestMatcher  : Trying to match using Ant [pattern='/logout', GET]
2017-05-01 18:27:17.501 DEBUG 2598 --- [    Test worker] o.s.s.w.u.matcher.AntPathRequestMatcher  : Checking match of request : '/hello'; against '/logout'
2017-05-01 18:27:17.501 DEBUG 2598 --- [    Test worker] o.s.s.web.util.matcher.OrRequestMatcher  : Trying to match using Ant [pattern='/logout', POST]
2017-05-01 18:27:17.502 DEBUG 2598 --- [    Test worker] o.s.s.w.u.matcher.AntPathRequestMatcher  : Request 'GET /hello' doesn't match 'POST /logout
2017-05-01 18:27:17.502 DEBUG 2598 --- [    Test worker] o.s.s.web.util.matcher.OrRequestMatcher  : Trying to match using Ant [pattern='/logout', PUT]
2017-05-01 18:27:17.502 DEBUG 2598 --- [    Test worker] o.s.s.w.u.matcher.AntPathRequestMatcher  : Request 'GET /hello' doesn't match 'PUT /logout
2017-05-01 18:27:17.503 DEBUG 2598 --- [    Test worker] o.s.s.web.util.matcher.OrRequestMatcher  : Trying to match using Ant [pattern='/logout', DELETE]
2017-05-01 18:27:17.503 DEBUG 2598 --- [    Test worker] o.s.s.w.u.matcher.AntPathRequestMatcher  : Request 'GET /hello' doesn't match 'DELETE /logout
2017-05-01 18:27:17.503 DEBUG 2598 --- [    Test worker] o.s.s.web.util.matcher.OrRequestMatcher  : No matches found
2017-05-01 18:27:17.504 DEBUG 2598 --- [    Test worker] o.s.security.web.FilterChainProxy        : /hello at position 5 of 11 in additional filter chain; firing Filter: 'UsernamePasswordAuthenticationFilter'
2017-05-01 18:27:17.504 DEBUG 2598 --- [    Test worker] o.s.s.w.u.matcher.AntPathRequestMatcher  : Request 'GET /hello' doesn't match 'POST /login
2017-05-01 18:27:17.504 DEBUG 2598 --- [    Test worker] o.s.security.web.FilterChainProxy        : /hello at position 6 of 11 in additional filter chain; firing Filter: 'RequestCacheAwareFilter'
2017-05-01 18:27:17.505 DEBUG 2598 --- [    Test worker] o.s.security.web.FilterChainProxy        : /hello at position 7 of 11 in additional filter chain; firing Filter: 'SecurityContextHolderAwareRequestFilter'
2017-05-01 18:27:17.505 DEBUG 2598 --- [    Test worker] o.s.security.web.FilterChainProxy        : /hello at position 8 of 11 in additional filter chain; firing Filter: 'AnonymousAuthenticationFilter'
2017-05-01 18:27:17.506 DEBUG 2598 --- [    Test worker] o.s.s.w.a.AnonymousAuthenticationFilter  : Populated SecurityContextHolder with anonymous token: 'org.springframework.security.authentication.AnonymousAuthenticationToken@9055e4a6: Principal: anonymousUser; Credentials: [PROTECTED]; Authenticated: true; Details: org.springframework.security.web.authentication.WebAuthenticationDetails@957e: RemoteIpAddress: 127.0.0.1; SessionId: null; Granted Authorities: ROLE_ANONYMOUS'
2017-05-01 18:27:17.506 DEBUG 2598 --- [    Test worker] o.s.security.web.FilterChainProxy        : /hello at position 9 of 11 in additional filter chain; firing Filter: 'SessionManagementFilter'
2017-05-01 18:27:17.507 DEBUG 2598 --- [    Test worker] o.s.security.web.FilterChainProxy        : /hello at position 10 of 11 in additional filter chain; firing Filter: 'ExceptionTranslationFilter'
2017-05-01 18:27:17.507 DEBUG 2598 --- [    Test worker] o.s.security.web.FilterChainProxy        : /hello at position 11 of 11 in additional filter chain; firing Filter: 'FilterSecurityInterceptor'
2017-05-01 18:27:17.508 DEBUG 2598 --- [    Test worker] o.s.s.w.u.matcher.AntPathRequestMatcher  : Checking match of request : '/hello'; against '/human-resources/**'
2017-05-01 18:27:17.508 DEBUG 2598 --- [    Test worker] o.s.s.w.u.matcher.AntPathRequestMatcher  : Checking match of request : '/hello'; against '/manager/**'
2017-05-01 18:27:17.509 DEBUG 2598 --- [    Test worker] o.s.s.w.u.matcher.AntPathRequestMatcher  : Checking match of request : '/hello'; against '/'
2017-05-01 18:27:17.511 DEBUG 2598 --- [    Test worker] o.s.s.w.u.matcher.AntPathRequestMatcher  : Checking match of request : '/hello'; against '/home'
2017-05-01 18:27:17.512 DEBUG 2598 --- [    Test worker] o.s.s.w.u.matcher.AntPathRequestMatcher  : Checking match of request : '/hello'; against '/login'
2017-05-01 18:27:17.512 DEBUG 2598 --- [    Test worker] o.s.s.w.u.matcher.AntPathRequestMatcher  : Checking match of request : '/hello'; against '/includes/**'
2017-05-01 18:27:17.512 DEBUG 2598 --- [    Test worker] o.s.s.w.u.matcher.AntPathRequestMatcher  : Checking match of request : '/hello'; against '/assets/**'
2017-05-01 18:27:17.513 DEBUG 2598 --- [    Test worker] o.s.s.w.a.i.FilterSecurityInterceptor    : Secure object: FilterInvocation: URL: /hello; Attributes: [authenticated]
2017-05-01 18:27:17.513 DEBUG 2598 --- [    Test worker] o.s.s.w.a.i.FilterSecurityInterceptor    : Previously Authenticated: org.springframework.security.authentication.AnonymousAuthenticationToken@9055e4a6: Principal: anonymousUser; Credentials: [PROTECTED]; Authenticated: true; Details: org.springframework.security.web.authentication.WebAuthenticationDetails@957e: RemoteIpAddress: 127.0.0.1; SessionId: null; Granted Authorities: ROLE_ANONYMOUS
2017-05-01 18:27:17.520 DEBUG 2598 --- [    Test worker] o.s.s.access.vote.AffirmativeBased       : Voter: org.springframework.security.web.access.expression.WebExpressionVoter@62e201ce, returned: -1
2017-05-01 18:27:17.534 DEBUG 2598 --- [    Test worker] o.s.s.w.a.ExceptionTranslationFilter     : Access is denied (user is anonymous); redirecting to authentication entry point

org.springframework.security.access.AccessDeniedException: Access is denied
	at org.springframework.security.access.vote.AffirmativeBased.decide(AffirmativeBased.java:84) ~[spring-security-core-4.2.2.RELEASE.jar:4.2.2.RELEASE]
	at org.springframework.security.access.intercept.AbstractSecurityInterceptor.beforeInvocation(AbstractSecurityInterceptor.java:233) ~[spring-security-core-4.2.2.RELEASE.jar:4.2.2.RELEASE]
	at org.springframework.security.web.access.intercept.FilterSecurityInterceptor.invoke(FilterSecurityInterceptor.java:124) ~[spring-security-web-4.2.2.RELEASE.jar:4.2.2.RELEASE]
	at org.springframework.security.web.access.intercept.FilterSecurityInterceptor.doFilter(FilterSecurityInterceptor.java:91) ~[spring-security-web-4.2.2.RELEASE.jar:4.2.2.RELEASE]
	at org.springframework.security.web.FilterChainProxy$VirtualFilterChain.doFilter(FilterChainProxy.java:331) [spring-security-web-4.2.2.RELEASE.jar:4.2.2.RELEASE]
	at org.springframework.security.web.access.ExceptionTranslationFilter.doFilter(ExceptionTranslationFilter.java:114) ~[spring-security-web-4.2.2.RELEASE.jar:4.2.2.RELEASE]
	at org.springframework.security.web.FilterChainProxy$VirtualFilterChain.doFilter(FilterChainProxy.java:331) [spring-security-web-4.2.2.RELEASE.jar:4.2.2.RELEASE]
	at org.springframework.security.web.session.SessionManagementFilter.doFilter(SessionManagementFilter.java:137) [spring-security-web-4.2.2.RELEASE.jar:4.2.2.RELEASE]
	at org.springframework.security.web.FilterChainProxy$VirtualFilterChain.doFilter(FilterChainProxy.java:331) [spring-security-web-4.2.2.RELEASE.jar:4.2.2.RELEASE]
	at org.springframework.security.web.authentication.AnonymousAuthenticationFilter.doFilter(AnonymousAuthenticationFilter.java:111) [spring-security-web-4.2.2.RELEASE.jar:4.2.2.RELEASE]
	at org.springframework.security.web.FilterChainProxy$VirtualFilterChain.doFilter(FilterChainProxy.java:331) [spring-security-web-4.2.2.RELEASE.jar:4.2.2.RELEASE]
	at org.springframework.security.web.servletapi.SecurityContextHolderAwareRequestFilter.doFilter(SecurityContextHolderAwareRequestFilter.java:170) [spring-security-web-4.2.2.RELEASE.jar:4.2.2.RELEASE]
	at org.springframework.security.web.FilterChainProxy$VirtualFilterChain.doFilter(FilterChainProxy.java:331) [spring-security-web-4.2.2.RELEASE.jar:4.2.2.RELEASE]
	at org.springframework.security.web.savedrequest.RequestCacheAwareFilter.doFilter(RequestCacheAwareFilter.java:63) [spring-security-web-4.2.2.RELEASE.jar:4.2.2.RELEASE]
	at org.springframework.security.web.FilterChainProxy$VirtualFilterChain.doFilter(FilterChainProxy.java:331) [spring-security-web-4.2.2.RELEASE.jar:4.2.2.RELEASE]
	at org.springframework.security.web.authentication.AbstractAuthenticationProcessingFilter.doFilter(AbstractAuthenticationProcessingFilter.java:200) [spring-security-web-4.2.2.RELEASE.jar:4.2.2.RELEASE]
	at org.springframework.security.web.FilterChainProxy$VirtualFilterChain.doFilter(FilterChainProxy.java:331) [spring-security-web-4.2.2.RELEASE.jar:4.2.2.RELEASE]
	at org.springframework.security.web.authentication.logout.LogoutFilter.doFilter(LogoutFilter.java:116) [spring-security-web-4.2.2.RELEASE.jar:4.2.2.RELEASE]
	at org.springframework.security.web.FilterChainProxy$VirtualFilterChain.doFilter(FilterChainProxy.java:331) [spring-security-web-4.2.2.RELEASE.jar:4.2.2.RELEASE]
	at org.springframework.security.web.header.HeaderWriterFilter.doFilterInternal(HeaderWriterFilter.java:64) [spring-security-web-4.2.2.RELEASE.jar:4.2.2.RELEASE]
	at org.springframework.web.filter.OncePerRequestFilter.doFilter(OncePerRequestFilter.java:107) [spring-web-4.3.7.RELEASE.jar:4.3.7.RELEASE]
	at org.springframework.security.web.FilterChainProxy$VirtualFilterChain.doFilter(FilterChainProxy.java:331) [spring-security-web-4.2.2.RELEASE.jar:4.2.2.RELEASE]
	at org.springframework.security.web.context.SecurityContextPersistenceFilter.doFilter(SecurityContextPersistenceFilter.java:105) [spring-security-web-4.2.2.RELEASE.jar:4.2.2.RELEASE]
	at org.springframework.security.web.FilterChainProxy$VirtualFilterChain.doFilter(FilterChainProxy.java:331) [spring-security-web-4.2.2.RELEASE.jar:4.2.2.RELEASE]
	at org.springframework.security.web.context.request.async.WebAsyncManagerIntegrationFilter.doFilterInternal(WebAsyncManagerIntegrationFilter.java:56) [spring-security-web-4.2.2.RELEASE.jar:4.2.2.RELEASE]
	at org.springframework.web.filter.OncePerRequestFilter.doFilter(OncePerRequestFilter.java:107) [spring-web-4.3.7.RELEASE.jar:4.3.7.RELEASE]
	at org.springframework.security.web.FilterChainProxy$VirtualFilterChain.doFilter(FilterChainProxy.java:331) [spring-security-web-4.2.2.RELEASE.jar:4.2.2.RELEASE]
	at org.springframework.security.web.FilterChainProxy.doFilterInternal(FilterChainProxy.java:214) [spring-security-web-4.2.2.RELEASE.jar:4.2.2.RELEASE]
	at org.springframework.security.web.FilterChainProxy.doFilter(FilterChainProxy.java:177) [spring-security-web-4.2.2.RELEASE.jar:4.2.2.RELEASE]
	at org.springframework.web.filter.DelegatingFilterProxy.invokeDelegate(DelegatingFilterProxy.java:346) [spring-web-4.3.7.RELEASE.jar:4.3.7.RELEASE]
	at org.springframework.web.filter.DelegatingFilterProxy.doFilter(DelegatingFilterProxy.java:262) [spring-web-4.3.7.RELEASE.jar:4.3.7.RELEASE]
	at org.springframework.mock.web.MockFilterChain.doFilter(MockFilterChain.java:134) [spring-test-4.3.7.RELEASE.jar:4.3.7.RELEASE]
	at org.springframework.web.filter.RequestContextFilter.doFilterInternal(RequestContextFilter.java:99) [spring-web-4.3.7.RELEASE.jar:4.3.7.RELEASE]
	at org.springframework.web.filter.OncePerRequestFilter.doFilter(OncePerRequestFilter.java:107) [spring-web-4.3.7.RELEASE.jar:4.3.7.RELEASE]
	at org.springframework.mock.web.MockFilterChain.doFilter(MockFilterChain.java:134) [spring-test-4.3.7.RELEASE.jar:4.3.7.RELEASE]
	at org.springframework.web.filter.HttpPutFormContentFilter.doFilterInternal(HttpPutFormContentFilter.java:105) [spring-web-4.3.7.RELEASE.jar:4.3.7.RELEASE]
	at org.springframework.web.filter.OncePerRequestFilter.doFilter(OncePerRequestFilter.java:107) [spring-web-4.3.7.RELEASE.jar:4.3.7.RELEASE]
	at org.springframework.mock.web.MockFilterChain.doFilter(MockFilterChain.java:134) [spring-test-4.3.7.RELEASE.jar:4.3.7.RELEASE]
	at org.springframework.web.filter.HiddenHttpMethodFilter.doFilterInternal(HiddenHttpMethodFilter.java:81) [spring-web-4.3.7.RELEASE.jar:4.3.7.RELEASE]
	at org.springframework.web.filter.OncePerRequestFilter.doFilter(OncePerRequestFilter.java:107) [spring-web-4.3.7.RELEASE.jar:4.3.7.RELEASE]
	at org.springframework.mock.web.MockFilterChain.doFilter(MockFilterChain.java:134) [spring-test-4.3.7.RELEASE.jar:4.3.7.RELEASE]
	at org.springframework.web.filter.CharacterEncodingFilter.doFilterInternal(CharacterEncodingFilter.java:197) [spring-web-4.3.7.RELEASE.jar:4.3.7.RELEASE]
	at org.springframework.web.filter.OncePerRequestFilter.doFilter(OncePerRequestFilter.java:107) [spring-web-4.3.7.RELEASE.jar:4.3.7.RELEASE]
	at org.springframework.mock.web.MockFilterChain.doFilter(MockFilterChain.java:134) [spring-test-4.3.7.RELEASE.jar:4.3.7.RELEASE]
	at org.springframework.boot.actuate.autoconfigure.MetricsFilter.doFilterInternal(MetricsFilter.java:106) [spring-boot-actuator-1.5.2.RELEASE.jar:1.5.2.RELEASE]
	at org.springframework.web.filter.OncePerRequestFilter.doFilter(OncePerRequestFilter.java:107) [spring-web-4.3.7.RELEASE.jar:4.3.7.RELEASE]
	at org.springframework.mock.web.MockFilterChain.doFilter(MockFilterChain.java:134) [spring-test-4.3.7.RELEASE.jar:4.3.7.RELEASE]
	at org.springframework.test.web.servlet.MockMvc.perform(MockMvc.java:155) [spring-test-4.3.7.RELEASE.jar:4.3.7.RELEASE]
	at edu.xavier.csci260.atinlay.ApplicationTest.accessSecuredResourceUnauthenticatedThenRedirectsToLogin(ApplicationTest.java:113) [test/:na]
	at sun.reflect.NativeMethodAccessorImpl.invoke0(Native Method) ~[na:1.8.0_121]
	at sun.reflect.NativeMethodAccessorImpl.invoke(NativeMethodAccessorImpl.java:62) ~[na:1.8.0_121]
	at sun.reflect.DelegatingMethodAccessorImpl.invoke(DelegatingMethodAccessorImpl.java:43) ~[na:1.8.0_121]
	at java.lang.reflect.Method.invoke(Method.java:498) ~[na:1.8.0_121]
	at org.junit.runners.model.FrameworkMethod$1.runReflectiveCall(FrameworkMethod.java:50) [junit-4.12.jar:4.12]
	at org.junit.internal.runners.model.ReflectiveCallable.run(ReflectiveCallable.java:12) [junit-4.12.jar:4.12]
	at org.junit.runners.model.FrameworkMethod.invokeExplosively(FrameworkMethod.java:47) [junit-4.12.jar:4.12]
	at org.junit.internal.runners.statements.InvokeMethod.evaluate(InvokeMethod.java:17) [junit-4.12.jar:4.12]
	at org.springframework.test.context.junit4.statements.RunBeforeTestMethodCallbacks.evaluate(RunBeforeTestMethodCallbacks.java:75) [spring-test-4.3.7.RELEASE.jar:4.3.7.RELEASE]
	at org.springframework.test.context.junit4.statements.RunAfterTestMethodCallbacks.evaluate(RunAfterTestMethodCallbacks.java:86) [spring-test-4.3.7.RELEASE.jar:4.3.7.RELEASE]
	at org.springframework.test.context.junit4.statements.SpringRepeat.evaluate(SpringRepeat.java:84) [spring-test-4.3.7.RELEASE.jar:4.3.7.RELEASE]
	at org.junit.runners.ParentRunner.runLeaf(ParentRunner.java:325) [junit-4.12.jar:4.12]
	at org.springframework.test.context.junit4.SpringJUnit4ClassRunner.runChild(SpringJUnit4ClassRunner.java:252) [spring-test-4.3.7.RELEASE.jar:4.3.7.RELEASE]
	at org.springframework.test.context.junit4.SpringJUnit4ClassRunner.runChild(SpringJUnit4ClassRunner.java:94) [spring-test-4.3.7.RELEASE.jar:4.3.7.RELEASE]
	at org.junit.runners.ParentRunner$3.run(ParentRunner.java:290) [junit-4.12.jar:4.12]
	at org.junit.runners.ParentRunner$1.schedule(ParentRunner.java:71) [junit-4.12.jar:4.12]
	at org.junit.runners.ParentRunner.runChildren(ParentRunner.java:288) [junit-4.12.jar:4.12]
	at org.junit.runners.ParentRunner.access$000(ParentRunner.java:58) [junit-4.12.jar:4.12]
	at org.junit.runners.ParentRunner$2.evaluate(ParentRunner.java:268) [junit-4.12.jar:4.12]
	at org.springframework.test.context.junit4.statements.RunBeforeTestClassCallbacks.evaluate(RunBeforeTestClassCallbacks.java:61) [spring-test-4.3.7.RELEASE.jar:4.3.7.RELEASE]
	at org.springframework.test.context.junit4.statements.RunAfterTestClassCallbacks.evaluate(RunAfterTestClassCallbacks.java:70) [spring-test-4.3.7.RELEASE.jar:4.3.7.RELEASE]
	at org.junit.runners.ParentRunner.run(ParentRunner.java:363) [junit-4.12.jar:4.12]
	at org.springframework.test.context.junit4.SpringJUnit4ClassRunner.run(SpringJUnit4ClassRunner.java:191) [spring-test-4.3.7.RELEASE.jar:4.3.7.RELEASE]
	at org.gradle.api.internal.tasks.testing.junit.JUnitTestClassExecuter.runTestClass(JUnitTestClassExecuter.java:114) [gradle-testing-jvm-3.4.1.jar:3.4.1]
	at org.gradle.api.internal.tasks.testing.junit.JUnitTestClassExecuter.execute(JUnitTestClassExecuter.java:57) [gradle-testing-jvm-3.4.1.jar:3.4.1]
	at org.gradle.api.internal.tasks.testing.junit.JUnitTestClassProcessor.processTestClass(JUnitTestClassProcessor.java:66) [gradle-testing-jvm-3.4.1.jar:3.4.1]
	at org.gradle.api.internal.tasks.testing.SuiteTestClassProcessor.processTestClass(SuiteTestClassProcessor.java:51) [gradle-testing-base-3.4.1.jar:3.4.1]
	at sun.reflect.NativeMethodAccessorImpl.invoke0(Native Method) ~[na:1.8.0_121]
	at sun.reflect.NativeMethodAccessorImpl.invoke(NativeMethodAccessorImpl.java:62) ~[na:1.8.0_121]
	at sun.reflect.DelegatingMethodAccessorImpl.invoke(DelegatingMethodAccessorImpl.java:43) ~[na:1.8.0_121]
	at java.lang.reflect.Method.invoke(Method.java:498) ~[na:1.8.0_121]
	at org.gradle.internal.dispatch.ReflectionDispatch.dispatch(ReflectionDispatch.java:35) [gradle-messaging-3.4.1.jar:3.4.1]
	at org.gradle.internal.dispatch.ReflectionDispatch.dispatch(ReflectionDispatch.java:24) [gradle-messaging-3.4.1.jar:3.4.1]
	at org.gradle.internal.dispatch.ContextClassLoaderDispatch.dispatch(ContextClassLoaderDispatch.java:32) [gradle-messaging-3.4.1.jar:3.4.1]
	at org.gradle.internal.dispatch.ProxyDispatchAdapter$DispatchingInvocationHandler.invoke(ProxyDispatchAdapter.java:93) [gradle-messaging-3.4.1.jar:3.4.1]
	at com.sun.proxy.$Proxy3.processTestClass(Unknown Source) [na:na]
	at org.gradle.api.internal.tasks.testing.worker.TestWorker.processTestClass(TestWorker.java:109) [gradle-testing-base-3.4.1.jar:3.4.1]
	at sun.reflect.NativeMethodAccessorImpl.invoke0(Native Method) ~[na:1.8.0_121]
	at sun.reflect.NativeMethodAccessorImpl.invoke(NativeMethodAccessorImpl.java:62) ~[na:1.8.0_121]
	at sun.reflect.DelegatingMethodAccessorImpl.invoke(DelegatingMethodAccessorImpl.java:43) ~[na:1.8.0_121]
	at java.lang.reflect.Method.invoke(Method.java:498) ~[na:1.8.0_121]
	at org.gradle.internal.dispatch.ReflectionDispatch.dispatch(ReflectionDispatch.java:35) [gradle-messaging-3.4.1.jar:3.4.1]
	at org.gradle.internal.dispatch.ReflectionDispatch.dispatch(ReflectionDispatch.java:24) [gradle-messaging-3.4.1.jar:3.4.1]
	at org.gradle.internal.remote.internal.hub.MessageHubBackedObjectConnection$DispatchWrapper.dispatch(MessageHubBackedObjectConnection.java:147) [gradle-messaging-3.4.1.jar:3.4.1]
	at org.gradle.internal.remote.internal.hub.MessageHubBackedObjectConnection$DispatchWrapper.dispatch(MessageHubBackedObjectConnection.java:129) [gradle-messaging-3.4.1.jar:3.4.1]
	at org.gradle.internal.remote.internal.hub.MessageHub$Handler.run(MessageHub.java:404) [gradle-messaging-3.4.1.jar:3.4.1]
	at org.gradle.internal.concurrent.ExecutorPolicy$CatchAndRecordFailures.onExecute(ExecutorPolicy.java:63) [gradle-base-services-3.4.1.jar:3.4.1]
	at org.gradle.internal.concurrent.StoppableExecutorImpl$1.run(StoppableExecutorImpl.java:46) [gradle-base-services-3.4.1.jar:3.4.1]
	at java.util.concurrent.ThreadPoolExecutor.runWorker(ThreadPoolExecutor.java:1142) [na:1.8.0_121]
	at java.util.concurrent.ThreadPoolExecutor$Worker.run(ThreadPoolExecutor.java:617) [na:1.8.0_121]
	at java.lang.Thread.run(Thread.java:745) [na:1.8.0_121]

2017-05-01 18:27:17.542 DEBUG 2598 --- [    Test worker] o.s.s.w.util.matcher.AndRequestMatcher   : Trying to match using NegatedRequestMatcher [requestMatcher=Ant [pattern='/**/favicon.ico']]
2017-05-01 18:27:17.542 DEBUG 2598 --- [    Test worker] o.s.s.w.u.matcher.AntPathRequestMatcher  : Checking match of request : '/hello'; against '/**/favicon.ico'
2017-05-01 18:27:17.542 DEBUG 2598 --- [    Test worker] o.s.s.w.u.matcher.NegatedRequestMatcher  : matches = true
2017-05-01 18:27:17.542 DEBUG 2598 --- [    Test worker] o.s.s.w.util.matcher.AndRequestMatcher   : Trying to match using NegatedRequestMatcher [requestMatcher=MediaTypeRequestMatcher [contentNegotiationStrategy=org.springframework.web.accept.ContentNegotiationManager@2f5a2e8, matchingMediaTypes=[application/json], useEquals=false, ignoredMediaTypes=[*/*]]]
2017-05-01 18:27:17.543 DEBUG 2598 --- [    Test worker] o.s.s.w.u.m.MediaTypeRequestMatcher      : httpRequestMediaTypes=[]
2017-05-01 18:27:17.543 DEBUG 2598 --- [    Test worker] o.s.s.w.u.m.MediaTypeRequestMatcher      : Did not match any media types
2017-05-01 18:27:17.543 DEBUG 2598 --- [    Test worker] o.s.s.w.u.matcher.NegatedRequestMatcher  : matches = true
2017-05-01 18:27:17.543 DEBUG 2598 --- [    Test worker] o.s.s.w.util.matcher.AndRequestMatcher   : Trying to match using NegatedRequestMatcher [requestMatcher=RequestHeaderRequestMatcher [expectedHeaderName=X-Requested-With, expectedHeaderValue=XMLHttpRequest]]
2017-05-01 18:27:17.543 DEBUG 2598 --- [    Test worker] o.s.s.w.u.matcher.NegatedRequestMatcher  : matches = true
2017-05-01 18:27:17.543 DEBUG 2598 --- [    Test worker] o.s.s.w.util.matcher.AndRequestMatcher   : All requestMatchers returned true
2017-05-01 18:27:17.565 DEBUG 2598 --- [    Test worker] o.s.s.w.s.HttpSessionRequestCache        : DefaultSavedRequest added to Session: DefaultSavedRequest[http://localhost/hello]
2017-05-01 18:27:17.565 DEBUG 2598 --- [    Test worker] o.s.s.w.a.ExceptionTranslationFilter     : Calling Authentication entry point.
2017-05-01 18:27:17.572 DEBUG 2598 --- [    Test worker] o.s.s.web.DefaultRedirectStrategy        : Redirecting to 'http://localhost/login'
2017-05-01 18:27:17.572 DEBUG 2598 --- [    Test worker] w.c.HttpSessionSecurityContextRepository : SecurityContext is empty or contents are anonymous - context will not be stored in HttpSession.
2017-05-01 18:27:17.572 DEBUG 2598 --- [    Test worker] s.s.w.c.SecurityContextPersistenceFilter : SecurityContextHolder now cleared, as request processing completed
2017-05-01 18:27:17.581  INFO 2598 --- [    Test worker] o.s.jdbc.datasource.init.ScriptUtils     : Executing SQL script from class path resource [tearDown.sql]
2017-05-01 18:27:17.585  INFO 2598 --- [    Test worker] o.s.jdbc.datasource.init.ScriptUtils     : Executed SQL script from class path resource [tearDown.sql] in 3 ms.
2017-05-01 18:27:17.595  INFO 2598 --- [    Test worker] o.s.jdbc.datasource.init.ScriptUtils     : Executing SQL script from class path resource [testSchema.sql]
2017-05-01 18:27:17.612  INFO 2598 --- [    Test worker] o.s.jdbc.datasource.init.ScriptUtils     : Executed SQL script from class path resource [testSchema.sql] in 17 ms.
2017-05-01 18:27:17.618  INFO 2598 --- [    Test worker] o.s.jdbc.datasource.init.ScriptUtils     : Executing SQL script from class path resource [data.sql]
2017-05-01 18:27:17.630  INFO 2598 --- [    Test worker] o.s.jdbc.datasource.init.ScriptUtils     : Executed SQL script from class path resource [data.sql] in 11 ms.
2017-05-01 18:27:17.635 DEBUG 2598 --- [    Test worker] o.s.s.w.u.matcher.AntPathRequestMatcher  : Checking match of request : '/login'; against '/includes/**'
2017-05-01 18:27:17.635 DEBUG 2598 --- [    Test worker] o.s.s.w.u.matcher.AntPathRequestMatcher  : Checking match of request : '/login'; against '/assets/**'
2017-05-01 18:27:17.635 DEBUG 2598 --- [    Test worker] o.s.s.w.u.matcher.AntPathRequestMatcher  : Checking match of request : '/login'; against '/includes/**'
2017-05-01 18:27:17.635 DEBUG 2598 --- [    Test worker] o.s.s.w.u.matcher.AntPathRequestMatcher  : Checking match of request : '/login'; against '/assets/**'
2017-05-01 18:27:17.636 DEBUG 2598 --- [    Test worker] o.s.s.w.u.matcher.AntPathRequestMatcher  : Checking match of request : '/login'; against '/includes/**'
2017-05-01 18:27:17.636 DEBUG 2598 --- [    Test worker] o.s.s.w.u.matcher.AntPathRequestMatcher  : Checking match of request : '/login'; against '/assets/**'
2017-05-01 18:27:17.637 DEBUG 2598 --- [    Test worker] o.s.security.web.FilterChainProxy        : /login at position 1 of 11 in additional filter chain; firing Filter: 'WebAsyncManagerIntegrationFilter'
2017-05-01 18:27:17.637 DEBUG 2598 --- [    Test worker] o.s.security.web.FilterChainProxy        : /login at position 2 of 11 in additional filter chain; firing Filter: 'SecurityContextPersistenceFilter'
2017-05-01 18:27:17.637 DEBUG 2598 --- [    Test worker] w.c.HttpSessionSecurityContextRepository : No HttpSession currently exists
2017-05-01 18:27:17.637 DEBUG 2598 --- [    Test worker] w.c.HttpSessionSecurityContextRepository : No SecurityContext was available from the HttpSession: null. A new one will be created.
2017-05-01 18:27:17.637 DEBUG 2598 --- [    Test worker] o.s.security.web.FilterChainProxy        : /login at position 3 of 11 in additional filter chain; firing Filter: 'HeaderWriterFilter'
2017-05-01 18:27:17.637 DEBUG 2598 --- [    Test worker] o.s.s.w.header.writers.HstsHeaderWriter  : Not injecting HSTS header since it did not match the requestMatcher org.springframework.security.web.header.writers.HstsHeaderWriter$SecureRequestMatcher@5dbe3c77
2017-05-01 18:27:17.638 DEBUG 2598 --- [    Test worker] o.s.security.web.FilterChainProxy        : /login at position 4 of 11 in additional filter chain; firing Filter: 'LogoutFilter'
2017-05-01 18:27:17.638 DEBUG 2598 --- [    Test worker] o.s.s.web.util.matcher.OrRequestMatcher  : Trying to match using Ant [pattern='/logout', GET]
2017-05-01 18:27:17.638 DEBUG 2598 --- [    Test worker] o.s.s.w.u.matcher.AntPathRequestMatcher  : Request 'POST /login' doesn't match 'GET /logout
2017-05-01 18:27:17.638 DEBUG 2598 --- [    Test worker] o.s.s.web.util.matcher.OrRequestMatcher  : Trying to match using Ant [pattern='/logout', POST]
2017-05-01 18:27:17.638 DEBUG 2598 --- [    Test worker] o.s.s.w.u.matcher.AntPathRequestMatcher  : Checking match of request : '/login'; against '/logout'
2017-05-01 18:27:17.638 DEBUG 2598 --- [    Test worker] o.s.s.web.util.matcher.OrRequestMatcher  : Trying to match using Ant [pattern='/logout', PUT]
2017-05-01 18:27:17.638 DEBUG 2598 --- [    Test worker] o.s.s.w.u.matcher.AntPathRequestMatcher  : Request 'POST /login' doesn't match 'PUT /logout
2017-05-01 18:27:17.638 DEBUG 2598 --- [    Test worker] o.s.s.web.util.matcher.OrRequestMatcher  : Trying to match using Ant [pattern='/logout', DELETE]
2017-05-01 18:27:17.639 DEBUG 2598 --- [    Test worker] o.s.s.w.u.matcher.AntPathRequestMatcher  : Request 'POST /login' doesn't match 'DELETE /logout
2017-05-01 18:27:17.639 DEBUG 2598 --- [    Test worker] o.s.s.web.util.matcher.OrRequestMatcher  : No matches found
2017-05-01 18:27:17.639 DEBUG 2598 --- [    Test worker] o.s.security.web.FilterChainProxy        : /login at position 5 of 11 in additional filter chain; firing Filter: 'UsernamePasswordAuthenticationFilter'
2017-05-01 18:27:17.639 DEBUG 2598 --- [    Test worker] o.s.s.w.u.matcher.AntPathRequestMatcher  : Checking match of request : '/login'; against '/login'
2017-05-01 18:27:17.639 DEBUG 2598 --- [    Test worker] w.a.UsernamePasswordAuthenticationFilter : Request is to process authentication
2017-05-01 18:27:17.639 DEBUG 2598 --- [    Test worker] o.s.s.authentication.ProviderManager     : Authentication attempt using org.springframework.security.authentication.dao.DaoAuthenticationProvider
2017-05-01 18:27:17.643 DEBUG 2598 --- [    Test worker] o.s.s.p.JdbcUserDetailsManager           : Query returned no results for user 'invalid'
2017-05-01 18:27:17.658 DEBUG 2598 --- [    Test worker] o.s.s.a.dao.DaoAuthenticationProvider    : User 'invalid' not found
2017-05-01 18:27:17.664 DEBUG 2598 --- [    Test worker] w.a.UsernamePasswordAuthenticationFilter : Authentication request failed: org.springframework.security.authentication.BadCredentialsException: Bad credentials

org.springframework.security.authentication.BadCredentialsException: Bad credentials
	at org.springframework.security.authentication.dao.AbstractUserDetailsAuthenticationProvider.authenticate(AbstractUserDetailsAuthenticationProvider.java:151) ~[spring-security-core-4.2.2.RELEASE.jar:4.2.2.RELEASE]
	at org.springframework.security.authentication.ProviderManager.authenticate(ProviderManager.java:174) ~[spring-security-core-4.2.2.RELEASE.jar:4.2.2.RELEASE]
	at org.springframework.security.authentication.ProviderManager.authenticate(ProviderManager.java:199) ~[spring-security-core-4.2.2.RELEASE.jar:4.2.2.RELEASE]
	at org.springframework.security.web.authentication.UsernamePasswordAuthenticationFilter.attemptAuthentication(UsernamePasswordAuthenticationFilter.java:94) ~[spring-security-web-4.2.2.RELEASE.jar:4.2.2.RELEASE]
	at org.springframework.security.web.authentication.AbstractAuthenticationProcessingFilter.doFilter(AbstractAuthenticationProcessingFilter.java:212) ~[spring-security-web-4.2.2.RELEASE.jar:4.2.2.RELEASE]
	at org.springframework.security.web.FilterChainProxy$VirtualFilterChain.doFilter(FilterChainProxy.java:331) [spring-security-web-4.2.2.RELEASE.jar:4.2.2.RELEASE]
	at org.springframework.security.web.authentication.logout.LogoutFilter.doFilter(LogoutFilter.java:116) [spring-security-web-4.2.2.RELEASE.jar:4.2.2.RELEASE]
	at org.springframework.security.web.FilterChainProxy$VirtualFilterChain.doFilter(FilterChainProxy.java:331) [spring-security-web-4.2.2.RELEASE.jar:4.2.2.RELEASE]
	at org.springframework.security.web.header.HeaderWriterFilter.doFilterInternal(HeaderWriterFilter.java:64) [spring-security-web-4.2.2.RELEASE.jar:4.2.2.RELEASE]
	at org.springframework.web.filter.OncePerRequestFilter.doFilter(OncePerRequestFilter.java:107) [spring-web-4.3.7.RELEASE.jar:4.3.7.RELEASE]
	at org.springframework.security.web.FilterChainProxy$VirtualFilterChain.doFilter(FilterChainProxy.java:331) [spring-security-web-4.2.2.RELEASE.jar:4.2.2.RELEASE]
	at org.springframework.security.web.context.SecurityContextPersistenceFilter.doFilter(SecurityContextPersistenceFilter.java:105) [spring-security-web-4.2.2.RELEASE.jar:4.2.2.RELEASE]
	at org.springframework.security.web.FilterChainProxy$VirtualFilterChain.doFilter(FilterChainProxy.java:331) [spring-security-web-4.2.2.RELEASE.jar:4.2.2.RELEASE]
	at org.springframework.security.web.context.request.async.WebAsyncManagerIntegrationFilter.doFilterInternal(WebAsyncManagerIntegrationFilter.java:56) [spring-security-web-4.2.2.RELEASE.jar:4.2.2.RELEASE]
	at org.springframework.web.filter.OncePerRequestFilter.doFilter(OncePerRequestFilter.java:107) [spring-web-4.3.7.RELEASE.jar:4.3.7.RELEASE]
	at org.springframework.security.web.FilterChainProxy$VirtualFilterChain.doFilter(FilterChainProxy.java:331) [spring-security-web-4.2.2.RELEASE.jar:4.2.2.RELEASE]
	at org.springframework.security.web.FilterChainProxy.doFilterInternal(FilterChainProxy.java:214) [spring-security-web-4.2.2.RELEASE.jar:4.2.2.RELEASE]
	at org.springframework.security.web.FilterChainProxy.doFilter(FilterChainProxy.java:177) [spring-security-web-4.2.2.RELEASE.jar:4.2.2.RELEASE]
	at org.springframework.web.filter.DelegatingFilterProxy.invokeDelegate(DelegatingFilterProxy.java:346) [spring-web-4.3.7.RELEASE.jar:4.3.7.RELEASE]
	at org.springframework.web.filter.DelegatingFilterProxy.doFilter(DelegatingFilterProxy.java:262) [spring-web-4.3.7.RELEASE.jar:4.3.7.RELEASE]
	at org.springframework.mock.web.MockFilterChain.doFilter(MockFilterChain.java:134) [spring-test-4.3.7.RELEASE.jar:4.3.7.RELEASE]
	at org.springframework.web.filter.RequestContextFilter.doFilterInternal(RequestContextFilter.java:99) [spring-web-4.3.7.RELEASE.jar:4.3.7.RELEASE]
	at org.springframework.web.filter.OncePerRequestFilter.doFilter(OncePerRequestFilter.java:107) [spring-web-4.3.7.RELEASE.jar:4.3.7.RELEASE]
	at org.springframework.mock.web.MockFilterChain.doFilter(MockFilterChain.java:134) [spring-test-4.3.7.RELEASE.jar:4.3.7.RELEASE]
	at org.springframework.web.filter.HttpPutFormContentFilter.doFilterInternal(HttpPutFormContentFilter.java:105) [spring-web-4.3.7.RELEASE.jar:4.3.7.RELEASE]
	at org.springframework.web.filter.OncePerRequestFilter.doFilter(OncePerRequestFilter.java:107) [spring-web-4.3.7.RELEASE.jar:4.3.7.RELEASE]
	at org.springframework.mock.web.MockFilterChain.doFilter(MockFilterChain.java:134) [spring-test-4.3.7.RELEASE.jar:4.3.7.RELEASE]
	at org.springframework.web.filter.HiddenHttpMethodFilter.doFilterInternal(HiddenHttpMethodFilter.java:81) [spring-web-4.3.7.RELEASE.jar:4.3.7.RELEASE]
	at org.springframework.web.filter.OncePerRequestFilter.doFilter(OncePerRequestFilter.java:107) [spring-web-4.3.7.RELEASE.jar:4.3.7.RELEASE]
	at org.springframework.mock.web.MockFilterChain.doFilter(MockFilterChain.java:134) [spring-test-4.3.7.RELEASE.jar:4.3.7.RELEASE]
	at org.springframework.web.filter.CharacterEncodingFilter.doFilterInternal(CharacterEncodingFilter.java:197) [spring-web-4.3.7.RELEASE.jar:4.3.7.RELEASE]
	at org.springframework.web.filter.OncePerRequestFilter.doFilter(OncePerRequestFilter.java:107) [spring-web-4.3.7.RELEASE.jar:4.3.7.RELEASE]
	at org.springframework.mock.web.MockFilterChain.doFilter(MockFilterChain.java:134) [spring-test-4.3.7.RELEASE.jar:4.3.7.RELEASE]
	at org.springframework.boot.actuate.autoconfigure.MetricsFilter.doFilterInternal(MetricsFilter.java:106) [spring-boot-actuator-1.5.2.RELEASE.jar:1.5.2.RELEASE]
	at org.springframework.web.filter.OncePerRequestFilter.doFilter(OncePerRequestFilter.java:107) [spring-web-4.3.7.RELEASE.jar:4.3.7.RELEASE]
	at org.springframework.mock.web.MockFilterChain.doFilter(MockFilterChain.java:134) [spring-test-4.3.7.RELEASE.jar:4.3.7.RELEASE]
	at org.springframework.test.web.servlet.MockMvc.perform(MockMvc.java:155) [spring-test-4.3.7.RELEASE.jar:4.3.7.RELEASE]
	at edu.xavier.csci260.atinlay.ApplicationTest.loginWithInvalidUserThenUnauthenticated(ApplicationTest.java:101) [test/:na]
	at sun.reflect.NativeMethodAccessorImpl.invoke0(Native Method) ~[na:1.8.0_121]
	at sun.reflect.NativeMethodAccessorImpl.invoke(NativeMethodAccessorImpl.java:62) ~[na:1.8.0_121]
	at sun.reflect.DelegatingMethodAccessorImpl.invoke(DelegatingMethodAccessorImpl.java:43) ~[na:1.8.0_121]
	at java.lang.reflect.Method.invoke(Method.java:498) ~[na:1.8.0_121]
	at org.junit.runners.model.FrameworkMethod$1.runReflectiveCall(FrameworkMethod.java:50) [junit-4.12.jar:4.12]
	at org.junit.internal.runners.model.ReflectiveCallable.run(ReflectiveCallable.java:12) [junit-4.12.jar:4.12]
	at org.junit.runners.model.FrameworkMethod.invokeExplosively(FrameworkMethod.java:47) [junit-4.12.jar:4.12]
	at org.junit.internal.runners.statements.InvokeMethod.evaluate(InvokeMethod.java:17) [junit-4.12.jar:4.12]
	at org.springframework.test.context.junit4.statements.RunBeforeTestMethodCallbacks.evaluate(RunBeforeTestMethodCallbacks.java:75) [spring-test-4.3.7.RELEASE.jar:4.3.7.RELEASE]
	at org.springframework.test.context.junit4.statements.RunAfterTestMethodCallbacks.evaluate(RunAfterTestMethodCallbacks.java:86) [spring-test-4.3.7.RELEASE.jar:4.3.7.RELEASE]
	at org.springframework.test.context.junit4.statements.SpringRepeat.evaluate(SpringRepeat.java:84) [spring-test-4.3.7.RELEASE.jar:4.3.7.RELEASE]
	at org.junit.runners.ParentRunner.runLeaf(ParentRunner.java:325) [junit-4.12.jar:4.12]
	at org.springframework.test.context.junit4.SpringJUnit4ClassRunner.runChild(SpringJUnit4ClassRunner.java:252) [spring-test-4.3.7.RELEASE.jar:4.3.7.RELEASE]
	at org.springframework.test.context.junit4.SpringJUnit4ClassRunner.runChild(SpringJUnit4ClassRunner.java:94) [spring-test-4.3.7.RELEASE.jar:4.3.7.RELEASE]
	at org.junit.runners.ParentRunner$3.run(ParentRunner.java:290) [junit-4.12.jar:4.12]
	at org.junit.runners.ParentRunner$1.schedule(ParentRunner.java:71) [junit-4.12.jar:4.12]
	at org.junit.runners.ParentRunner.runChildren(ParentRunner.java:288) [junit-4.12.jar:4.12]
	at org.junit.runners.ParentRunner.access$000(ParentRunner.java:58) [junit-4.12.jar:4.12]
	at org.junit.runners.ParentRunner$2.evaluate(ParentRunner.java:268) [junit-4.12.jar:4.12]
	at org.springframework.test.context.junit4.statements.RunBeforeTestClassCallbacks.evaluate(RunBeforeTestClassCallbacks.java:61) [spring-test-4.3.7.RELEASE.jar:4.3.7.RELEASE]
	at org.springframework.test.context.junit4.statements.RunAfterTestClassCallbacks.evaluate(RunAfterTestClassCallbacks.java:70) [spring-test-4.3.7.RELEASE.jar:4.3.7.RELEASE]
	at org.junit.runners.ParentRunner.run(ParentRunner.java:363) [junit-4.12.jar:4.12]
	at org.springframework.test.context.junit4.SpringJUnit4ClassRunner.run(SpringJUnit4ClassRunner.java:191) [spring-test-4.3.7.RELEASE.jar:4.3.7.RELEASE]
	at org.gradle.api.internal.tasks.testing.junit.JUnitTestClassExecuter.runTestClass(JUnitTestClassExecuter.java:114) [gradle-testing-jvm-3.4.1.jar:3.4.1]
	at org.gradle.api.internal.tasks.testing.junit.JUnitTestClassExecuter.execute(JUnitTestClassExecuter.java:57) [gradle-testing-jvm-3.4.1.jar:3.4.1]
	at org.gradle.api.internal.tasks.testing.junit.JUnitTestClassProcessor.processTestClass(JUnitTestClassProcessor.java:66) [gradle-testing-jvm-3.4.1.jar:3.4.1]
	at org.gradle.api.internal.tasks.testing.SuiteTestClassProcessor.processTestClass(SuiteTestClassProcessor.java:51) [gradle-testing-base-3.4.1.jar:3.4.1]
	at sun.reflect.NativeMethodAccessorImpl.invoke0(Native Method) ~[na:1.8.0_121]
	at sun.reflect.NativeMethodAccessorImpl.invoke(NativeMethodAccessorImpl.java:62) ~[na:1.8.0_121]
	at sun.reflect.DelegatingMethodAccessorImpl.invoke(DelegatingMethodAccessorImpl.java:43) ~[na:1.8.0_121]
	at java.lang.reflect.Method.invoke(Method.java:498) ~[na:1.8.0_121]
	at org.gradle.internal.dispatch.ReflectionDispatch.dispatch(ReflectionDispatch.java:35) [gradle-messaging-3.4.1.jar:3.4.1]
	at org.gradle.internal.dispatch.ReflectionDispatch.dispatch(ReflectionDispatch.java:24) [gradle-messaging-3.4.1.jar:3.4.1]
	at org.gradle.internal.dispatch.ContextClassLoaderDispatch.dispatch(ContextClassLoaderDispatch.java:32) [gradle-messaging-3.4.1.jar:3.4.1]
	at org.gradle.internal.dispatch.ProxyDispatchAdapter$DispatchingInvocationHandler.invoke(ProxyDispatchAdapter.java:93) [gradle-messaging-3.4.1.jar:3.4.1]
	at com.sun.proxy.$Proxy3.processTestClass(Unknown Source) [na:na]
	at org.gradle.api.internal.tasks.testing.worker.TestWorker.processTestClass(TestWorker.java:109) [gradle-testing-base-3.4.1.jar:3.4.1]
	at sun.reflect.NativeMethodAccessorImpl.invoke0(Native Method) ~[na:1.8.0_121]
	at sun.reflect.NativeMethodAccessorImpl.invoke(NativeMethodAccessorImpl.java:62) ~[na:1.8.0_121]
	at sun.reflect.DelegatingMethodAccessorImpl.invoke(DelegatingMethodAccessorImpl.java:43) ~[na:1.8.0_121]
	at java.lang.reflect.Method.invoke(Method.java:498) ~[na:1.8.0_121]
	at org.gradle.internal.dispatch.ReflectionDispatch.dispatch(ReflectionDispatch.java:35) [gradle-messaging-3.4.1.jar:3.4.1]
	at org.gradle.internal.dispatch.ReflectionDispatch.dispatch(ReflectionDispatch.java:24) [gradle-messaging-3.4.1.jar:3.4.1]
	at org.gradle.internal.remote.internal.hub.MessageHubBackedObjectConnection$DispatchWrapper.dispatch(MessageHubBackedObjectConnection.java:147) [gradle-messaging-3.4.1.jar:3.4.1]
	at org.gradle.internal.remote.internal.hub.MessageHubBackedObjectConnection$DispatchWrapper.dispatch(MessageHubBackedObjectConnection.java:129) [gradle-messaging-3.4.1.jar:3.4.1]
	at org.gradle.internal.remote.internal.hub.MessageHub$Handler.run(MessageHub.java:404) [gradle-messaging-3.4.1.jar:3.4.1]
	at org.gradle.internal.concurrent.ExecutorPolicy$CatchAndRecordFailures.onExecute(ExecutorPolicy.java:63) [gradle-base-services-3.4.1.jar:3.4.1]
	at org.gradle.internal.concurrent.StoppableExecutorImpl$1.run(StoppableExecutorImpl.java:46) [gradle-base-services-3.4.1.jar:3.4.1]
	at java.util.concurrent.ThreadPoolExecutor.runWorker(ThreadPoolExecutor.java:1142) [na:1.8.0_121]
	at java.util.concurrent.ThreadPoolExecutor$Worker.run(ThreadPoolExecutor.java:617) [na:1.8.0_121]
	at java.lang.Thread.run(Thread.java:745) [na:1.8.0_121]

2017-05-01 18:27:17.668 DEBUG 2598 --- [    Test worker] w.a.UsernamePasswordAuthenticationFilter : Updated SecurityContextHolder to contain null Authentication
2017-05-01 18:27:17.669 DEBUG 2598 --- [    Test worker] w.a.UsernamePasswordAuthenticationFilter : Delegating to authentication failure handler org.springframework.security.web.authentication.SimpleUrlAuthenticationFailureHandler@4d110166
2017-05-01 18:27:17.669 DEBUG 2598 --- [    Test worker] .a.SimpleUrlAuthenticationFailureHandler : Redirecting to /login?error
2017-05-01 18:27:17.669 DEBUG 2598 --- [    Test worker] o.s.s.web.DefaultRedirectStrategy        : Redirecting to '/login?error'
2017-05-01 18:27:17.669 DEBUG 2598 --- [    Test worker] w.c.HttpSessionSecurityContextRepository : SecurityContext is empty or contents are anonymous - context will not be stored in HttpSession.
2017-05-01 18:27:17.669 DEBUG 2598 --- [    Test worker] s.s.w.c.SecurityContextPersistenceFilter : SecurityContextHolder now cleared, as request processing completed
2017-05-01 18:27:17.671 DEBUG 2598 --- [    Test worker] o.s.s.w.u.matcher.AntPathRequestMatcher  : Checking match of request : '/login'; against '/includes/**'
2017-05-01 18:27:17.671 DEBUG 2598 --- [    Test worker] o.s.s.w.u.matcher.AntPathRequestMatcher  : Checking match of request : '/login'; against '/assets/**'
2017-05-01 18:27:17.671 DEBUG 2598 --- [    Test worker] w.c.HttpSessionSecurityContextRepository : HttpSession returned null object for SPRING_SECURITY_CONTEXT
2017-05-01 18:27:17.672 DEBUG 2598 --- [    Test worker] w.c.HttpSessionSecurityContextRepository : No SecurityContext was available from the HttpSession: org.springframework.mock.web.MockHttpSession@44a46840. A new one will be created.
2017-05-01 18:27:17.683  INFO 2598 --- [    Test worker] o.s.jdbc.datasource.init.ScriptUtils     : Executing SQL script from class path resource [tearDown.sql]
2017-05-01 18:27:17.695  INFO 2598 --- [    Test worker] o.s.jdbc.datasource.init.ScriptUtils     : Executed SQL script from class path resource [tearDown.sql] in 12 ms.
2017-05-01 18:27:17.705  INFO 2598 --- [    Test worker] o.s.jdbc.datasource.init.ScriptUtils     : Executing SQL script from class path resource [testSchema.sql]
2017-05-01 18:27:17.727  INFO 2598 --- [    Test worker] o.s.jdbc.datasource.init.ScriptUtils     : Executed SQL script from class path resource [testSchema.sql] in 21 ms.
2017-05-01 18:27:17.733  INFO 2598 --- [    Test worker] o.s.jdbc.datasource.init.ScriptUtils     : Executing SQL script from class path resource [data.sql]
2017-05-01 18:27:17.741  INFO 2598 --- [    Test worker] o.s.jdbc.datasource.init.ScriptUtils     : Executed SQL script from class path resource [data.sql] in 8 ms.
2017-05-01 18:27:17.756 DEBUG 2598 --- [    Test worker] o.s.s.w.u.matcher.AntPathRequestMatcher  : Checking match of request : '/manager/forTesting'; against '/includes/**'
2017-05-01 18:27:17.756 DEBUG 2598 --- [    Test worker] o.s.s.w.u.matcher.AntPathRequestMatcher  : Checking match of request : '/manager/forTesting'; against '/assets/**'
2017-05-01 18:27:17.756 DEBUG 2598 --- [    Test worker] o.s.s.w.u.matcher.AntPathRequestMatcher  : Checking match of request : '/manager/forTesting'; against '/includes/**'
2017-05-01 18:27:17.756 DEBUG 2598 --- [    Test worker] o.s.s.w.u.matcher.AntPathRequestMatcher  : Checking match of request : '/manager/forTesting'; against '/assets/**'
2017-05-01 18:27:17.757 DEBUG 2598 --- [    Test worker] w.c.HttpSessionSecurityContextRepository : No HttpSession currently exists
2017-05-01 18:27:17.757 DEBUG 2598 --- [    Test worker] w.c.HttpSessionSecurityContextRepository : No SecurityContext was available from the HttpSession: null. A new one will be created.
2017-05-01 18:27:17.757 DEBUG 2598 --- [    Test worker] w.c.HttpSessionSecurityContextRepository : HttpSession being created as SecurityContext is non-default
2017-05-01 18:27:17.757 DEBUG 2598 --- [    Test worker] w.c.HttpSessionSecurityContextRepository : SecurityContext 'org.springframework.security.core.context.SecurityContextImpl@cb9d37e7: Authentication: org.springframework.security.authentication.UsernamePasswordAuthenticationToken@cb9d37e7: Principal: org.springframework.security.core.userdetails.User@36ebcb: Username: user; Password: [PROTECTED]; Enabled: true; AccountNonExpired: true; credentialsNonExpired: true; AccountNonLocked: true; Granted Authorities: ROLE_HR; Credentials: [PROTECTED]; Authenticated: true; Details: null; Granted Authorities: ROLE_HR' stored to HttpSession: 'org.springframework.mock.web.MockHttpSession@1507342
2017-05-01 18:27:17.757 DEBUG 2598 --- [    Test worker] o.s.s.w.u.matcher.AntPathRequestMatcher  : Checking match of request : '/manager/forTesting'; against '/includes/**'
2017-05-01 18:27:17.758 DEBUG 2598 --- [    Test worker] o.s.s.w.u.matcher.AntPathRequestMatcher  : Checking match of request : '/manager/forTesting'; against '/assets/**'
2017-05-01 18:27:17.758 DEBUG 2598 --- [    Test worker] o.s.security.web.FilterChainProxy        : /manager/forTesting at position 1 of 11 in additional filter chain; firing Filter: 'WebAsyncManagerIntegrationFilter'
2017-05-01 18:27:17.758 DEBUG 2598 --- [    Test worker] o.s.security.web.FilterChainProxy        : /manager/forTesting at position 2 of 11 in additional filter chain; firing Filter: 'SecurityContextPersistenceFilter'
2017-05-01 18:27:17.758 DEBUG 2598 --- [    Test worker] w.c.HttpSessionSecurityContextRepository : Obtained a valid SecurityContext from SPRING_SECURITY_CONTEXT: 'org.springframework.security.core.context.SecurityContextImpl@cb9d37e7: Authentication: org.springframework.security.authentication.UsernamePasswordAuthenticationToken@cb9d37e7: Principal: org.springframework.security.core.userdetails.User@36ebcb: Username: user; Password: [PROTECTED]; Enabled: true; AccountNonExpired: true; credentialsNonExpired: true; AccountNonLocked: true; Granted Authorities: ROLE_HR; Credentials: [PROTECTED]; Authenticated: true; Details: null; Granted Authorities: ROLE_HR'
2017-05-01 18:27:17.758 DEBUG 2598 --- [    Test worker] o.s.security.web.FilterChainProxy        : /manager/forTesting at position 3 of 11 in additional filter chain; firing Filter: 'HeaderWriterFilter'
2017-05-01 18:27:17.759 DEBUG 2598 --- [    Test worker] o.s.s.w.header.writers.HstsHeaderWriter  : Not injecting HSTS header since it did not match the requestMatcher org.springframework.security.web.header.writers.HstsHeaderWriter$SecureRequestMatcher@5dbe3c77
2017-05-01 18:27:17.759 DEBUG 2598 --- [    Test worker] o.s.security.web.FilterChainProxy        : /manager/forTesting at position 4 of 11 in additional filter chain; firing Filter: 'LogoutFilter'
2017-05-01 18:27:17.759 DEBUG 2598 --- [    Test worker] o.s.s.web.util.matcher.OrRequestMatcher  : Trying to match using Ant [pattern='/logout', GET]
2017-05-01 18:27:17.759 DEBUG 2598 --- [    Test worker] o.s.s.w.u.matcher.AntPathRequestMatcher  : Checking match of request : '/manager/forTesting'; against '/logout'
2017-05-01 18:27:17.760 DEBUG 2598 --- [    Test worker] o.s.s.web.util.matcher.OrRequestMatcher  : Trying to match using Ant [pattern='/logout', POST]
2017-05-01 18:27:17.760 DEBUG 2598 --- [    Test worker] o.s.s.w.u.matcher.AntPathRequestMatcher  : Request 'GET /manager/forTesting' doesn't match 'POST /logout
2017-05-01 18:27:17.760 DEBUG 2598 --- [    Test worker] o.s.s.web.util.matcher.OrRequestMatcher  : Trying to match using Ant [pattern='/logout', PUT]
2017-05-01 18:27:17.760 DEBUG 2598 --- [    Test worker] o.s.s.w.u.matcher.AntPathRequestMatcher  : Request 'GET /manager/forTesting' doesn't match 'PUT /logout
2017-05-01 18:27:17.760 DEBUG 2598 --- [    Test worker] o.s.s.web.util.matcher.OrRequestMatcher  : Trying to match using Ant [pattern='/logout', DELETE]
2017-05-01 18:27:17.760 DEBUG 2598 --- [    Test worker] o.s.s.w.u.matcher.AntPathRequestMatcher  : Request 'GET /manager/forTesting' doesn't match 'DELETE /logout
2017-05-01 18:27:17.760 DEBUG 2598 --- [    Test worker] o.s.s.web.util.matcher.OrRequestMatcher  : No matches found
2017-05-01 18:27:17.760 DEBUG 2598 --- [    Test worker] o.s.security.web.FilterChainProxy        : /manager/forTesting at position 5 of 11 in additional filter chain; firing Filter: 'UsernamePasswordAuthenticationFilter'
2017-05-01 18:27:17.760 DEBUG 2598 --- [    Test worker] o.s.s.w.u.matcher.AntPathRequestMatcher  : Request 'GET /manager/forTesting' doesn't match 'POST /login
2017-05-01 18:27:17.760 DEBUG 2598 --- [    Test worker] o.s.security.web.FilterChainProxy        : /manager/forTesting at position 6 of 11 in additional filter chain; firing Filter: 'RequestCacheAwareFilter'
2017-05-01 18:27:17.760 DEBUG 2598 --- [    Test worker] o.s.security.web.FilterChainProxy        : /manager/forTesting at position 7 of 11 in additional filter chain; firing Filter: 'SecurityContextHolderAwareRequestFilter'
2017-05-01 18:27:17.760 DEBUG 2598 --- [    Test worker] o.s.security.web.FilterChainProxy        : /manager/forTesting at position 8 of 11 in additional filter chain; firing Filter: 'AnonymousAuthenticationFilter'
2017-05-01 18:27:17.761 DEBUG 2598 --- [    Test worker] o.s.s.w.a.AnonymousAuthenticationFilter  : SecurityContextHolder not populated with anonymous token, as it already contained: 'org.springframework.security.authentication.UsernamePasswordAuthenticationToken@cb9d37e7: Principal: org.springframework.security.core.userdetails.User@36ebcb: Username: user; Password: [PROTECTED]; Enabled: true; AccountNonExpired: true; credentialsNonExpired: true; AccountNonLocked: true; Granted Authorities: ROLE_HR; Credentials: [PROTECTED]; Authenticated: true; Details: null; Granted Authorities: ROLE_HR'
2017-05-01 18:27:17.761 DEBUG 2598 --- [    Test worker] o.s.security.web.FilterChainProxy        : /manager/forTesting at position 9 of 11 in additional filter chain; firing Filter: 'SessionManagementFilter'
2017-05-01 18:27:17.761 DEBUG 2598 --- [    Test worker] o.s.security.web.FilterChainProxy        : /manager/forTesting at position 10 of 11 in additional filter chain; firing Filter: 'ExceptionTranslationFilter'
2017-05-01 18:27:17.761 DEBUG 2598 --- [    Test worker] o.s.security.web.FilterChainProxy        : /manager/forTesting at position 11 of 11 in additional filter chain; firing Filter: 'FilterSecurityInterceptor'
2017-05-01 18:27:17.761 DEBUG 2598 --- [    Test worker] o.s.s.w.u.matcher.AntPathRequestMatcher  : Checking match of request : '/manager/forTesting'; against '/human-resources/**'
2017-05-01 18:27:17.761 DEBUG 2598 --- [    Test worker] o.s.s.w.u.matcher.AntPathRequestMatcher  : Checking match of request : '/manager/forTesting'; against '/manager/**'
2017-05-01 18:27:17.761 DEBUG 2598 --- [    Test worker] o.s.s.w.a.i.FilterSecurityInterceptor    : Secure object: FilterInvocation: URL: /manager/forTesting; Attributes: [hasRole('ROLE_MANAGER')]
2017-05-01 18:27:17.762 DEBUG 2598 --- [    Test worker] o.s.s.w.a.i.FilterSecurityInterceptor    : Previously Authenticated: org.springframework.security.authentication.UsernamePasswordAuthenticationToken@cb9d37e7: Principal: org.springframework.security.core.userdetails.User@36ebcb: Username: user; Password: [PROTECTED]; Enabled: true; AccountNonExpired: true; credentialsNonExpired: true; AccountNonLocked: true; Granted Authorities: ROLE_HR; Credentials: [PROTECTED]; Authenticated: true; Details: null; Granted Authorities: ROLE_HR
2017-05-01 18:27:17.763 DEBUG 2598 --- [    Test worker] o.s.s.access.vote.AffirmativeBased       : Voter: org.springframework.security.web.access.expression.WebExpressionVoter@62e201ce, returned: -1
2017-05-01 18:27:17.768 DEBUG 2598 --- [    Test worker] o.s.s.w.a.ExceptionTranslationFilter     : Access is denied (user is not anonymous); delegating to AccessDeniedHandler

org.springframework.security.access.AccessDeniedException: Access is denied
	at org.springframework.security.access.vote.AffirmativeBased.decide(AffirmativeBased.java:84) ~[spring-security-core-4.2.2.RELEASE.jar:4.2.2.RELEASE]
	at org.springframework.security.access.intercept.AbstractSecurityInterceptor.beforeInvocation(AbstractSecurityInterceptor.java:233) ~[spring-security-core-4.2.2.RELEASE.jar:4.2.2.RELEASE]
	at org.springframework.security.web.access.intercept.FilterSecurityInterceptor.invoke(FilterSecurityInterceptor.java:124) ~[spring-security-web-4.2.2.RELEASE.jar:4.2.2.RELEASE]
	at org.springframework.security.web.access.intercept.FilterSecurityInterceptor.doFilter(FilterSecurityInterceptor.java:91) ~[spring-security-web-4.2.2.RELEASE.jar:4.2.2.RELEASE]
	at org.springframework.security.web.FilterChainProxy$VirtualFilterChain.doFilter(FilterChainProxy.java:331) [spring-security-web-4.2.2.RELEASE.jar:4.2.2.RELEASE]
	at org.springframework.security.web.access.ExceptionTranslationFilter.doFilter(ExceptionTranslationFilter.java:114) ~[spring-security-web-4.2.2.RELEASE.jar:4.2.2.RELEASE]
	at org.springframework.security.web.FilterChainProxy$VirtualFilterChain.doFilter(FilterChainProxy.java:331) [spring-security-web-4.2.2.RELEASE.jar:4.2.2.RELEASE]
	at org.springframework.security.web.session.SessionManagementFilter.doFilter(SessionManagementFilter.java:137) [spring-security-web-4.2.2.RELEASE.jar:4.2.2.RELEASE]
	at org.springframework.security.web.FilterChainProxy$VirtualFilterChain.doFilter(FilterChainProxy.java:331) [spring-security-web-4.2.2.RELEASE.jar:4.2.2.RELEASE]
	at org.springframework.security.web.authentication.AnonymousAuthenticationFilter.doFilter(AnonymousAuthenticationFilter.java:111) [spring-security-web-4.2.2.RELEASE.jar:4.2.2.RELEASE]
	at org.springframework.security.web.FilterChainProxy$VirtualFilterChain.doFilter(FilterChainProxy.java:331) [spring-security-web-4.2.2.RELEASE.jar:4.2.2.RELEASE]
	at org.springframework.security.web.servletapi.SecurityContextHolderAwareRequestFilter.doFilter(SecurityContextHolderAwareRequestFilter.java:170) [spring-security-web-4.2.2.RELEASE.jar:4.2.2.RELEASE]
	at org.springframework.security.web.FilterChainProxy$VirtualFilterChain.doFilter(FilterChainProxy.java:331) [spring-security-web-4.2.2.RELEASE.jar:4.2.2.RELEASE]
	at org.springframework.security.web.savedrequest.RequestCacheAwareFilter.doFilter(RequestCacheAwareFilter.java:63) [spring-security-web-4.2.2.RELEASE.jar:4.2.2.RELEASE]
	at org.springframework.security.web.FilterChainProxy$VirtualFilterChain.doFilter(FilterChainProxy.java:331) [spring-security-web-4.2.2.RELEASE.jar:4.2.2.RELEASE]
	at org.springframework.security.web.authentication.AbstractAuthenticationProcessingFilter.doFilter(AbstractAuthenticationProcessingFilter.java:200) [spring-security-web-4.2.2.RELEASE.jar:4.2.2.RELEASE]
	at org.springframework.security.web.FilterChainProxy$VirtualFilterChain.doFilter(FilterChainProxy.java:331) [spring-security-web-4.2.2.RELEASE.jar:4.2.2.RELEASE]
	at org.springframework.security.web.authentication.logout.LogoutFilter.doFilter(LogoutFilter.java:116) [spring-security-web-4.2.2.RELEASE.jar:4.2.2.RELEASE]
	at org.springframework.security.web.FilterChainProxy$VirtualFilterChain.doFilter(FilterChainProxy.java:331) [spring-security-web-4.2.2.RELEASE.jar:4.2.2.RELEASE]
	at org.springframework.security.web.header.HeaderWriterFilter.doFilterInternal(HeaderWriterFilter.java:64) [spring-security-web-4.2.2.RELEASE.jar:4.2.2.RELEASE]
	at org.springframework.web.filter.OncePerRequestFilter.doFilter(OncePerRequestFilter.java:107) [spring-web-4.3.7.RELEASE.jar:4.3.7.RELEASE]
	at org.springframework.security.web.FilterChainProxy$VirtualFilterChain.doFilter(FilterChainProxy.java:331) [spring-security-web-4.2.2.RELEASE.jar:4.2.2.RELEASE]
	at org.springframework.security.web.context.SecurityContextPersistenceFilter.doFilter(SecurityContextPersistenceFilter.java:105) [spring-security-web-4.2.2.RELEASE.jar:4.2.2.RELEASE]
	at org.springframework.security.web.FilterChainProxy$VirtualFilterChain.doFilter(FilterChainProxy.java:331) [spring-security-web-4.2.2.RELEASE.jar:4.2.2.RELEASE]
	at org.springframework.security.web.context.request.async.WebAsyncManagerIntegrationFilter.doFilterInternal(WebAsyncManagerIntegrationFilter.java:56) [spring-security-web-4.2.2.RELEASE.jar:4.2.2.RELEASE]
	at org.springframework.web.filter.OncePerRequestFilter.doFilter(OncePerRequestFilter.java:107) [spring-web-4.3.7.RELEASE.jar:4.3.7.RELEASE]
	at org.springframework.security.web.FilterChainProxy$VirtualFilterChain.doFilter(FilterChainProxy.java:331) [spring-security-web-4.2.2.RELEASE.jar:4.2.2.RELEASE]
	at org.springframework.security.web.FilterChainProxy.doFilterInternal(FilterChainProxy.java:214) [spring-security-web-4.2.2.RELEASE.jar:4.2.2.RELEASE]
	at org.springframework.security.web.FilterChainProxy.doFilter(FilterChainProxy.java:177) [spring-security-web-4.2.2.RELEASE.jar:4.2.2.RELEASE]
	at org.springframework.web.filter.DelegatingFilterProxy.invokeDelegate(DelegatingFilterProxy.java:346) [spring-web-4.3.7.RELEASE.jar:4.3.7.RELEASE]
	at org.springframework.web.filter.DelegatingFilterProxy.doFilter(DelegatingFilterProxy.java:262) [spring-web-4.3.7.RELEASE.jar:4.3.7.RELEASE]
	at org.springframework.mock.web.MockFilterChain.doFilter(MockFilterChain.java:134) [spring-test-4.3.7.RELEASE.jar:4.3.7.RELEASE]
	at org.springframework.web.filter.RequestContextFilter.doFilterInternal(RequestContextFilter.java:99) [spring-web-4.3.7.RELEASE.jar:4.3.7.RELEASE]
	at org.springframework.web.filter.OncePerRequestFilter.doFilter(OncePerRequestFilter.java:107) [spring-web-4.3.7.RELEASE.jar:4.3.7.RELEASE]
	at org.springframework.mock.web.MockFilterChain.doFilter(MockFilterChain.java:134) [spring-test-4.3.7.RELEASE.jar:4.3.7.RELEASE]
	at org.springframework.web.filter.HttpPutFormContentFilter.doFilterInternal(HttpPutFormContentFilter.java:105) [spring-web-4.3.7.RELEASE.jar:4.3.7.RELEASE]
	at org.springframework.web.filter.OncePerRequestFilter.doFilter(OncePerRequestFilter.java:107) [spring-web-4.3.7.RELEASE.jar:4.3.7.RELEASE]
	at org.springframework.mock.web.MockFilterChain.doFilter(MockFilterChain.java:134) [spring-test-4.3.7.RELEASE.jar:4.3.7.RELEASE]
	at org.springframework.web.filter.HiddenHttpMethodFilter.doFilterInternal(HiddenHttpMethodFilter.java:81) [spring-web-4.3.7.RELEASE.jar:4.3.7.RELEASE]
	at org.springframework.web.filter.OncePerRequestFilter.doFilter(OncePerRequestFilter.java:107) [spring-web-4.3.7.RELEASE.jar:4.3.7.RELEASE]
	at org.springframework.mock.web.MockFilterChain.doFilter(MockFilterChain.java:134) [spring-test-4.3.7.RELEASE.jar:4.3.7.RELEASE]
	at org.springframework.web.filter.CharacterEncodingFilter.doFilterInternal(CharacterEncodingFilter.java:197) [spring-web-4.3.7.RELEASE.jar:4.3.7.RELEASE]
	at org.springframework.web.filter.OncePerRequestFilter.doFilter(OncePerRequestFilter.java:107) [spring-web-4.3.7.RELEASE.jar:4.3.7.RELEASE]
	at org.springframework.mock.web.MockFilterChain.doFilter(MockFilterChain.java:134) [spring-test-4.3.7.RELEASE.jar:4.3.7.RELEASE]
	at org.springframework.boot.actuate.autoconfigure.MetricsFilter.doFilterInternal(MetricsFilter.java:106) [spring-boot-actuator-1.5.2.RELEASE.jar:1.5.2.RELEASE]
	at org.springframework.web.filter.OncePerRequestFilter.doFilter(OncePerRequestFilter.java:107) [spring-web-4.3.7.RELEASE.jar:4.3.7.RELEASE]
	at org.springframework.mock.web.MockFilterChain.doFilter(MockFilterChain.java:134) [spring-test-4.3.7.RELEASE.jar:4.3.7.RELEASE]
	at org.springframework.test.web.servlet.MockMvc.perform(MockMvc.java:155) [spring-test-4.3.7.RELEASE.jar:4.3.7.RELEASE]
	at edu.xavier.csci260.atinlay.ApplicationTest.requestPageForbidden(ApplicationTest.java:81) [test/:na]
	at sun.reflect.NativeMethodAccessorImpl.invoke0(Native Method) ~[na:1.8.0_121]
	at sun.reflect.NativeMethodAccessorImpl.invoke(NativeMethodAccessorImpl.java:62) ~[na:1.8.0_121]
	at sun.reflect.DelegatingMethodAccessorImpl.invoke(DelegatingMethodAccessorImpl.java:43) ~[na:1.8.0_121]
	at java.lang.reflect.Method.invoke(Method.java:498) ~[na:1.8.0_121]
	at org.junit.runners.model.FrameworkMethod$1.runReflectiveCall(FrameworkMethod.java:50) [junit-4.12.jar:4.12]
	at org.junit.internal.runners.model.ReflectiveCallable.run(ReflectiveCallable.java:12) [junit-4.12.jar:4.12]
	at org.junit.runners.model.FrameworkMethod.invokeExplosively(FrameworkMethod.java:47) [junit-4.12.jar:4.12]
	at org.junit.internal.runners.statements.InvokeMethod.evaluate(InvokeMethod.java:17) [junit-4.12.jar:4.12]
	at org.springframework.test.context.junit4.statements.RunBeforeTestMethodCallbacks.evaluate(RunBeforeTestMethodCallbacks.java:75) [spring-test-4.3.7.RELEASE.jar:4.3.7.RELEASE]
	at org.springframework.test.context.junit4.statements.RunAfterTestMethodCallbacks.evaluate(RunAfterTestMethodCallbacks.java:86) [spring-test-4.3.7.RELEASE.jar:4.3.7.RELEASE]
	at org.springframework.test.context.junit4.statements.SpringRepeat.evaluate(SpringRepeat.java:84) [spring-test-4.3.7.RELEASE.jar:4.3.7.RELEASE]
	at org.junit.runners.ParentRunner.runLeaf(ParentRunner.java:325) [junit-4.12.jar:4.12]
	at org.springframework.test.context.junit4.SpringJUnit4ClassRunner.runChild(SpringJUnit4ClassRunner.java:252) [spring-test-4.3.7.RELEASE.jar:4.3.7.RELEASE]
	at org.springframework.test.context.junit4.SpringJUnit4ClassRunner.runChild(SpringJUnit4ClassRunner.java:94) [spring-test-4.3.7.RELEASE.jar:4.3.7.RELEASE]
	at org.junit.runners.ParentRunner$3.run(ParentRunner.java:290) [junit-4.12.jar:4.12]
	at org.junit.runners.ParentRunner$1.schedule(ParentRunner.java:71) [junit-4.12.jar:4.12]
	at org.junit.runners.ParentRunner.runChildren(ParentRunner.java:288) [junit-4.12.jar:4.12]
	at org.junit.runners.ParentRunner.access$000(ParentRunner.java:58) [junit-4.12.jar:4.12]
	at org.junit.runners.ParentRunner$2.evaluate(ParentRunner.java:268) [junit-4.12.jar:4.12]
	at org.springframework.test.context.junit4.statements.RunBeforeTestClassCallbacks.evaluate(RunBeforeTestClassCallbacks.java:61) [spring-test-4.3.7.RELEASE.jar:4.3.7.RELEASE]
	at org.springframework.test.context.junit4.statements.RunAfterTestClassCallbacks.evaluate(RunAfterTestClassCallbacks.java:70) [spring-test-4.3.7.RELEASE.jar:4.3.7.RELEASE]
	at org.junit.runners.ParentRunner.run(ParentRunner.java:363) [junit-4.12.jar:4.12]
	at org.springframework.test.context.junit4.SpringJUnit4ClassRunner.run(SpringJUnit4ClassRunner.java:191) [spring-test-4.3.7.RELEASE.jar:4.3.7.RELEASE]
	at org.gradle.api.internal.tasks.testing.junit.JUnitTestClassExecuter.runTestClass(JUnitTestClassExecuter.java:114) [gradle-testing-jvm-3.4.1.jar:3.4.1]
	at org.gradle.api.internal.tasks.testing.junit.JUnitTestClassExecuter.execute(JUnitTestClassExecuter.java:57) [gradle-testing-jvm-3.4.1.jar:3.4.1]
	at org.gradle.api.internal.tasks.testing.junit.JUnitTestClassProcessor.processTestClass(JUnitTestClassProcessor.java:66) [gradle-testing-jvm-3.4.1.jar:3.4.1]
	at org.gradle.api.internal.tasks.testing.SuiteTestClassProcessor.processTestClass(SuiteTestClassProcessor.java:51) [gradle-testing-base-3.4.1.jar:3.4.1]
	at sun.reflect.NativeMethodAccessorImpl.invoke0(Native Method) ~[na:1.8.0_121]
	at sun.reflect.NativeMethodAccessorImpl.invoke(NativeMethodAccessorImpl.java:62) ~[na:1.8.0_121]
	at sun.reflect.DelegatingMethodAccessorImpl.invoke(DelegatingMethodAccessorImpl.java:43) ~[na:1.8.0_121]
	at java.lang.reflect.Method.invoke(Method.java:498) ~[na:1.8.0_121]
	at org.gradle.internal.dispatch.ReflectionDispatch.dispatch(ReflectionDispatch.java:35) [gradle-messaging-3.4.1.jar:3.4.1]
	at org.gradle.internal.dispatch.ReflectionDispatch.dispatch(ReflectionDispatch.java:24) [gradle-messaging-3.4.1.jar:3.4.1]
	at org.gradle.internal.dispatch.ContextClassLoaderDispatch.dispatch(ContextClassLoaderDispatch.java:32) [gradle-messaging-3.4.1.jar:3.4.1]
	at org.gradle.internal.dispatch.ProxyDispatchAdapter$DispatchingInvocationHandler.invoke(ProxyDispatchAdapter.java:93) [gradle-messaging-3.4.1.jar:3.4.1]
	at com.sun.proxy.$Proxy3.processTestClass(Unknown Source) [na:na]
	at org.gradle.api.internal.tasks.testing.worker.TestWorker.processTestClass(TestWorker.java:109) [gradle-testing-base-3.4.1.jar:3.4.1]
	at sun.reflect.NativeMethodAccessorImpl.invoke0(Native Method) ~[na:1.8.0_121]
	at sun.reflect.NativeMethodAccessorImpl.invoke(NativeMethodAccessorImpl.java:62) ~[na:1.8.0_121]
	at sun.reflect.DelegatingMethodAccessorImpl.invoke(DelegatingMethodAccessorImpl.java:43) ~[na:1.8.0_121]
	at java.lang.reflect.Method.invoke(Method.java:498) ~[na:1.8.0_121]
	at org.gradle.internal.dispatch.ReflectionDispatch.dispatch(ReflectionDispatch.java:35) [gradle-messaging-3.4.1.jar:3.4.1]
	at org.gradle.internal.dispatch.ReflectionDispatch.dispatch(ReflectionDispatch.java:24) [gradle-messaging-3.4.1.jar:3.4.1]
	at org.gradle.internal.remote.internal.hub.MessageHubBackedObjectConnection$DispatchWrapper.dispatch(MessageHubBackedObjectConnection.java:147) [gradle-messaging-3.4.1.jar:3.4.1]
	at org.gradle.internal.remote.internal.hub.MessageHubBackedObjectConnection$DispatchWrapper.dispatch(MessageHubBackedObjectConnection.java:129) [gradle-messaging-3.4.1.jar:3.4.1]
	at org.gradle.internal.remote.internal.hub.MessageHub$Handler.run(MessageHub.java:404) [gradle-messaging-3.4.1.jar:3.4.1]
	at org.gradle.internal.concurrent.ExecutorPolicy$CatchAndRecordFailures.onExecute(ExecutorPolicy.java:63) [gradle-base-services-3.4.1.jar:3.4.1]
	at org.gradle.internal.concurrent.StoppableExecutorImpl$1.run(StoppableExecutorImpl.java:46) [gradle-base-services-3.4.1.jar:3.4.1]
	at java.util.concurrent.ThreadPoolExecutor.runWorker(ThreadPoolExecutor.java:1142) [na:1.8.0_121]
	at java.util.concurrent.ThreadPoolExecutor$Worker.run(ThreadPoolExecutor.java:617) [na:1.8.0_121]
	at java.lang.Thread.run(Thread.java:745) [na:1.8.0_121]

2017-05-01 18:27:17.771 DEBUG 2598 --- [    Test worker] s.s.w.c.SecurityContextPersistenceFilter : SecurityContextHolder now cleared, as request processing completed
2017-05-01 18:27:17.788  INFO 2598 --- [    Test worker] o.s.jdbc.datasource.init.ScriptUtils     : Executing SQL script from class path resource [tearDown.sql]
2017-05-01 18:27:17.791  INFO 2598 --- [    Test worker] o.s.jdbc.datasource.init.ScriptUtils     : Executed SQL script from class path resource [tearDown.sql] in 2 ms.
2017-05-01 18:27:17.795  INFO 2598 --- [    Test worker] o.s.jdbc.datasource.init.ScriptUtils     : Executing SQL script from class path resource [testSchema.sql]
2017-05-01 18:27:17.803  INFO 2598 --- [    Test worker] o.s.jdbc.datasource.init.ScriptUtils     : Executed SQL script from class path resource [testSchema.sql] in 7 ms.
2017-05-01 18:27:17.815  INFO 2598 --- [    Test worker] o.s.jdbc.datasource.init.ScriptUtils     : Executing SQL script from class path resource [data.sql]
2017-05-01 18:27:17.820  INFO 2598 --- [    Test worker] o.s.jdbc.datasource.init.ScriptUtils     : Executed SQL script from class path resource [data.sql] in 5 ms.
2017-05-01 18:27:17.824 DEBUG 2598 --- [    Test worker] o.s.s.w.u.matcher.AntPathRequestMatcher  : Checking match of request : '/manager/forTesting'; against '/includes/**'
2017-05-01 18:27:17.824 DEBUG 2598 --- [    Test worker] o.s.s.w.u.matcher.AntPathRequestMatcher  : Checking match of request : '/manager/forTesting'; against '/assets/**'
2017-05-01 18:27:17.824 DEBUG 2598 --- [    Test worker] w.c.HttpSessionSecurityContextRepository : No HttpSession currently exists
2017-05-01 18:27:17.824 DEBUG 2598 --- [    Test worker] w.c.HttpSessionSecurityContextRepository : No SecurityContext was available from the HttpSession: null. A new one will be created.
2017-05-01 18:27:17.824 DEBUG 2598 --- [    Test worker] w.c.HttpSessionSecurityContextRepository : HttpSession being created as SecurityContext is non-default
2017-05-01 18:27:17.824 DEBUG 2598 --- [    Test worker] w.c.HttpSessionSecurityContextRepository : SecurityContext 'org.springframework.security.core.context.SecurityContextImpl@799d4a50: Authentication: org.springframework.security.authentication.UsernamePasswordAuthenticationToken@799d4a50: Principal: org.springframework.security.core.userdetails.User@36ebcb: Username: user; Password: [PROTECTED]; Enabled: true; AccountNonExpired: true; credentialsNonExpired: true; AccountNonLocked: true; Granted Authorities: ROLE_MANAGER; Credentials: [PROTECTED]; Authenticated: true; Details: null; Granted Authorities: ROLE_MANAGER' stored to HttpSession: 'org.springframework.mock.web.MockHttpSession@74a82127
2017-05-01 18:27:17.825 DEBUG 2598 --- [    Test worker] o.s.s.w.u.matcher.AntPathRequestMatcher  : Checking match of request : '/manager/forTesting'; against '/includes/**'
2017-05-01 18:27:17.825 DEBUG 2598 --- [    Test worker] o.s.s.w.u.matcher.AntPathRequestMatcher  : Checking match of request : '/manager/forTesting'; against '/assets/**'
2017-05-01 18:27:17.825 DEBUG 2598 --- [    Test worker] o.s.security.web.FilterChainProxy        : /manager/forTesting at position 1 of 11 in additional filter chain; firing Filter: 'WebAsyncManagerIntegrationFilter'
2017-05-01 18:27:17.825 DEBUG 2598 --- [    Test worker] o.s.security.web.FilterChainProxy        : /manager/forTesting at position 2 of 11 in additional filter chain; firing Filter: 'SecurityContextPersistenceFilter'
2017-05-01 18:27:17.825 DEBUG 2598 --- [    Test worker] w.c.HttpSessionSecurityContextRepository : Obtained a valid SecurityContext from SPRING_SECURITY_CONTEXT: 'org.springframework.security.core.context.SecurityContextImpl@799d4a50: Authentication: org.springframework.security.authentication.UsernamePasswordAuthenticationToken@799d4a50: Principal: org.springframework.security.core.userdetails.User@36ebcb: Username: user; Password: [PROTECTED]; Enabled: true; AccountNonExpired: true; credentialsNonExpired: true; AccountNonLocked: true; Granted Authorities: ROLE_MANAGER; Credentials: [PROTECTED]; Authenticated: true; Details: null; Granted Authorities: ROLE_MANAGER'
2017-05-01 18:27:17.825 DEBUG 2598 --- [    Test worker] o.s.security.web.FilterChainProxy        : /manager/forTesting at position 3 of 11 in additional filter chain; firing Filter: 'HeaderWriterFilter'
2017-05-01 18:27:17.825 DEBUG 2598 --- [    Test worker] o.s.s.w.header.writers.HstsHeaderWriter  : Not injecting HSTS header since it did not match the requestMatcher org.springframework.security.web.header.writers.HstsHeaderWriter$SecureRequestMatcher@5dbe3c77
2017-05-01 18:27:17.825 DEBUG 2598 --- [    Test worker] o.s.security.web.FilterChainProxy        : /manager/forTesting at position 4 of 11 in additional filter chain; firing Filter: 'LogoutFilter'
2017-05-01 18:27:17.826 DEBUG 2598 --- [    Test worker] o.s.s.web.util.matcher.OrRequestMatcher  : Trying to match using Ant [pattern='/logout', GET]
2017-05-01 18:27:17.826 DEBUG 2598 --- [    Test worker] o.s.s.w.u.matcher.AntPathRequestMatcher  : Checking match of request : '/manager/forTesting'; against '/logout'
2017-05-01 18:27:17.826 DEBUG 2598 --- [    Test worker] o.s.s.web.util.matcher.OrRequestMatcher  : Trying to match using Ant [pattern='/logout', POST]
2017-05-01 18:27:17.826 DEBUG 2598 --- [    Test worker] o.s.s.w.u.matcher.AntPathRequestMatcher  : Request 'GET /manager/forTesting' doesn't match 'POST /logout
2017-05-01 18:27:17.826 DEBUG 2598 --- [    Test worker] o.s.s.web.util.matcher.OrRequestMatcher  : Trying to match using Ant [pattern='/logout', PUT]
2017-05-01 18:27:17.826 DEBUG 2598 --- [    Test worker] o.s.s.w.u.matcher.AntPathRequestMatcher  : Request 'GET /manager/forTesting' doesn't match 'PUT /logout
2017-05-01 18:27:17.826 DEBUG 2598 --- [    Test worker] o.s.s.web.util.matcher.OrRequestMatcher  : Trying to match using Ant [pattern='/logout', DELETE]
2017-05-01 18:27:17.826 DEBUG 2598 --- [    Test worker] o.s.s.w.u.matcher.AntPathRequestMatcher  : Request 'GET /manager/forTesting' doesn't match 'DELETE /logout
2017-05-01 18:27:17.826 DEBUG 2598 --- [    Test worker] o.s.s.web.util.matcher.OrRequestMatcher  : No matches found
2017-05-01 18:27:17.826 DEBUG 2598 --- [    Test worker] o.s.security.web.FilterChainProxy        : /manager/forTesting at position 5 of 11 in additional filter chain; firing Filter: 'UsernamePasswordAuthenticationFilter'
2017-05-01 18:27:17.826 DEBUG 2598 --- [    Test worker] o.s.s.w.u.matcher.AntPathRequestMatcher  : Request 'GET /manager/forTesting' doesn't match 'POST /login
2017-05-01 18:27:17.826 DEBUG 2598 --- [    Test worker] o.s.security.web.FilterChainProxy        : /manager/forTesting at position 6 of 11 in additional filter chain; firing Filter: 'RequestCacheAwareFilter'
2017-05-01 18:27:17.826 DEBUG 2598 --- [    Test worker] o.s.security.web.FilterChainProxy        : /manager/forTesting at position 7 of 11 in additional filter chain; firing Filter: 'SecurityContextHolderAwareRequestFilter'
2017-05-01 18:27:17.826 DEBUG 2598 --- [    Test worker] o.s.security.web.FilterChainProxy        : /manager/forTesting at position 8 of 11 in additional filter chain; firing Filter: 'AnonymousAuthenticationFilter'
2017-05-01 18:27:17.827 DEBUG 2598 --- [    Test worker] o.s.s.w.a.AnonymousAuthenticationFilter  : SecurityContextHolder not populated with anonymous token, as it already contained: 'org.springframework.security.authentication.UsernamePasswordAuthenticationToken@799d4a50: Principal: org.springframework.security.core.userdetails.User@36ebcb: Username: user; Password: [PROTECTED]; Enabled: true; AccountNonExpired: true; credentialsNonExpired: true; AccountNonLocked: true; Granted Authorities: ROLE_MANAGER; Credentials: [PROTECTED]; Authenticated: true; Details: null; Granted Authorities: ROLE_MANAGER'
2017-05-01 18:27:17.827 DEBUG 2598 --- [    Test worker] o.s.security.web.FilterChainProxy        : /manager/forTesting at position 9 of 11 in additional filter chain; firing Filter: 'SessionManagementFilter'
2017-05-01 18:27:17.827 DEBUG 2598 --- [    Test worker] o.s.security.web.FilterChainProxy        : /manager/forTesting at position 10 of 11 in additional filter chain; firing Filter: 'ExceptionTranslationFilter'
2017-05-01 18:27:17.827 DEBUG 2598 --- [    Test worker] o.s.security.web.FilterChainProxy        : /manager/forTesting at position 11 of 11 in additional filter chain; firing Filter: 'FilterSecurityInterceptor'
2017-05-01 18:27:17.827 DEBUG 2598 --- [    Test worker] o.s.s.w.u.matcher.AntPathRequestMatcher  : Checking match of request : '/manager/forTesting'; against '/human-resources/**'
2017-05-01 18:27:17.827 DEBUG 2598 --- [    Test worker] o.s.s.w.u.matcher.AntPathRequestMatcher  : Checking match of request : '/manager/forTesting'; against '/manager/**'
2017-05-01 18:27:17.827 DEBUG 2598 --- [    Test worker] o.s.s.w.a.i.FilterSecurityInterceptor    : Secure object: FilterInvocation: URL: /manager/forTesting; Attributes: [hasRole('ROLE_MANAGER')]
2017-05-01 18:27:17.827 DEBUG 2598 --- [    Test worker] o.s.s.w.a.i.FilterSecurityInterceptor    : Previously Authenticated: org.springframework.security.authentication.UsernamePasswordAuthenticationToken@799d4a50: Principal: org.springframework.security.core.userdetails.User@36ebcb: Username: user; Password: [PROTECTED]; Enabled: true; AccountNonExpired: true; credentialsNonExpired: true; AccountNonLocked: true; Granted Authorities: ROLE_MANAGER; Credentials: [PROTECTED]; Authenticated: true; Details: null; Granted Authorities: ROLE_MANAGER
2017-05-01 18:27:17.828 DEBUG 2598 --- [    Test worker] o.s.s.access.vote.AffirmativeBased       : Voter: org.springframework.security.web.access.expression.WebExpressionVoter@62e201ce, returned: 1
2017-05-01 18:27:17.828 DEBUG 2598 --- [    Test worker] o.s.s.w.a.i.FilterSecurityInterceptor    : Authorization successful
2017-05-01 18:27:17.828 DEBUG 2598 --- [    Test worker] o.s.s.w.a.i.FilterSecurityInterceptor    : RunAsManager did not change Authentication object
2017-05-01 18:27:17.828 DEBUG 2598 --- [    Test worker] o.s.security.web.FilterChainProxy        : /manager/forTesting reached end of additional filter chain; proceeding with original chain
2017-05-01 18:27:17.957 DEBUG 2598 --- [    Test worker] o.s.s.w.a.ExceptionTranslationFilter     : Chain processed normally
2017-05-01 18:27:17.958 DEBUG 2598 --- [    Test worker] s.s.w.c.SecurityContextPersistenceFilter : SecurityContextHolder now cleared, as request processing completed
2017-05-01 18:27:17.966  INFO 2598 --- [    Test worker] o.s.jdbc.datasource.init.ScriptUtils     : Executing SQL script from class path resource [tearDown.sql]
2017-05-01 18:27:17.969  INFO 2598 --- [    Test worker] o.s.jdbc.datasource.init.ScriptUtils     : Executed SQL script from class path resource [tearDown.sql] in 2 ms.
2017-05-01 18:27:17.975  INFO 2598 --- [    Test worker] o.s.jdbc.datasource.init.ScriptUtils     : Executing SQL script from class path resource [testSchema.sql]
2017-05-01 18:27:17.982  INFO 2598 --- [    Test worker] o.s.jdbc.datasource.init.ScriptUtils     : Executed SQL script from class path resource [testSchema.sql] in 7 ms.
2017-05-01 18:27:17.984  INFO 2598 --- [    Test worker] o.s.jdbc.datasource.init.ScriptUtils     : Executing SQL script from class path resource [data.sql]
2017-05-01 18:27:17.987  INFO 2598 --- [    Test worker] o.s.jdbc.datasource.init.ScriptUtils     : Executed SQL script from class path resource [data.sql] in 3 ms.
2017-05-01 18:27:17.991 DEBUG 2598 --- [    Test worker] o.s.s.w.u.matcher.AntPathRequestMatcher  : Checking match of request : '/hello'; against '/includes/**'
2017-05-01 18:27:17.991 DEBUG 2598 --- [    Test worker] o.s.s.w.u.matcher.AntPathRequestMatcher  : Checking match of request : '/hello'; against '/assets/**'
2017-05-01 18:27:17.991 DEBUG 2598 --- [    Test worker] w.c.HttpSessionSecurityContextRepository : No HttpSession currently exists
2017-05-01 18:27:17.991 DEBUG 2598 --- [    Test worker] w.c.HttpSessionSecurityContextRepository : No SecurityContext was available from the HttpSession: null. A new one will be created.
2017-05-01 18:27:17.991 DEBUG 2598 --- [    Test worker] w.c.HttpSessionSecurityContextRepository : HttpSession being created as SecurityContext is non-default
2017-05-01 18:27:17.991 DEBUG 2598 --- [    Test worker] w.c.HttpSessionSecurityContextRepository : SecurityContext 'org.springframework.security.core.context.SecurityContextImpl@ca25360: Authentication: org.springframework.security.authentication.UsernamePasswordAuthenticationToken@ca25360: Principal: org.springframework.security.core.userdetails.User@36ebcb: Username: user; Password: [PROTECTED]; Enabled: true; AccountNonExpired: true; credentialsNonExpired: true; AccountNonLocked: true; Granted Authorities: ROLE_USER; Credentials: [PROTECTED]; Authenticated: true; Details: null; Granted Authorities: ROLE_USER' stored to HttpSession: 'org.springframework.mock.web.MockHttpSession@402e6065
2017-05-01 18:27:17.991 DEBUG 2598 --- [    Test worker] o.s.s.w.u.matcher.AntPathRequestMatcher  : Checking match of request : '/hello'; against '/includes/**'
2017-05-01 18:27:17.991 DEBUG 2598 --- [    Test worker] o.s.s.w.u.matcher.AntPathRequestMatcher  : Checking match of request : '/hello'; against '/assets/**'
2017-05-01 18:27:17.992 DEBUG 2598 --- [    Test worker] o.s.security.web.FilterChainProxy        : /hello at position 1 of 11 in additional filter chain; firing Filter: 'WebAsyncManagerIntegrationFilter'
2017-05-01 18:27:17.992 DEBUG 2598 --- [    Test worker] o.s.security.web.FilterChainProxy        : /hello at position 2 of 11 in additional filter chain; firing Filter: 'SecurityContextPersistenceFilter'
2017-05-01 18:27:17.992 DEBUG 2598 --- [    Test worker] w.c.HttpSessionSecurityContextRepository : Obtained a valid SecurityContext from SPRING_SECURITY_CONTEXT: 'org.springframework.security.core.context.SecurityContextImpl@ca25360: Authentication: org.springframework.security.authentication.UsernamePasswordAuthenticationToken@ca25360: Principal: org.springframework.security.core.userdetails.User@36ebcb: Username: user; Password: [PROTECTED]; Enabled: true; AccountNonExpired: true; credentialsNonExpired: true; AccountNonLocked: true; Granted Authorities: ROLE_USER; Credentials: [PROTECTED]; Authenticated: true; Details: null; Granted Authorities: ROLE_USER'
2017-05-01 18:27:17.992 DEBUG 2598 --- [    Test worker] o.s.security.web.FilterChainProxy        : /hello at position 3 of 11 in additional filter chain; firing Filter: 'HeaderWriterFilter'
2017-05-01 18:27:17.992 DEBUG 2598 --- [    Test worker] o.s.s.w.header.writers.HstsHeaderWriter  : Not injecting HSTS header since it did not match the requestMatcher org.springframework.security.web.header.writers.HstsHeaderWriter$SecureRequestMatcher@5dbe3c77
2017-05-01 18:27:17.992 DEBUG 2598 --- [    Test worker] o.s.security.web.FilterChainProxy        : /hello at position 4 of 11 in additional filter chain; firing Filter: 'LogoutFilter'
2017-05-01 18:27:17.992 DEBUG 2598 --- [    Test worker] o.s.s.web.util.matcher.OrRequestMatcher  : Trying to match using Ant [pattern='/logout', GET]
2017-05-01 18:27:17.992 DEBUG 2598 --- [    Test worker] o.s.s.w.u.matcher.AntPathRequestMatcher  : Checking match of request : '/hello'; against '/logout'
2017-05-01 18:27:17.992 DEBUG 2598 --- [    Test worker] o.s.s.web.util.matcher.OrRequestMatcher  : Trying to match using Ant [pattern='/logout', POST]
2017-05-01 18:27:17.992 DEBUG 2598 --- [    Test worker] o.s.s.w.u.matcher.AntPathRequestMatcher  : Request 'GET /hello' doesn't match 'POST /logout
2017-05-01 18:27:17.992 DEBUG 2598 --- [    Test worker] o.s.s.web.util.matcher.OrRequestMatcher  : Trying to match using Ant [pattern='/logout', PUT]
2017-05-01 18:27:17.993 DEBUG 2598 --- [    Test worker] o.s.s.w.u.matcher.AntPathRequestMatcher  : Request 'GET /hello' doesn't match 'PUT /logout
2017-05-01 18:27:17.993 DEBUG 2598 --- [    Test worker] o.s.s.web.util.matcher.OrRequestMatcher  : Trying to match using Ant [pattern='/logout', DELETE]
2017-05-01 18:27:17.993 DEBUG 2598 --- [    Test worker] o.s.s.w.u.matcher.AntPathRequestMatcher  : Request 'GET /hello' doesn't match 'DELETE /logout
2017-05-01 18:27:17.993 DEBUG 2598 --- [    Test worker] o.s.s.web.util.matcher.OrRequestMatcher  : No matches found
2017-05-01 18:27:17.993 DEBUG 2598 --- [    Test worker] o.s.security.web.FilterChainProxy        : /hello at position 5 of 11 in additional filter chain; firing Filter: 'UsernamePasswordAuthenticationFilter'
2017-05-01 18:27:17.993 DEBUG 2598 --- [    Test worker] o.s.s.w.u.matcher.AntPathRequestMatcher  : Request 'GET /hello' doesn't match 'POST /login
2017-05-01 18:27:17.993 DEBUG 2598 --- [    Test worker] o.s.security.web.FilterChainProxy        : /hello at position 6 of 11 in additional filter chain; firing Filter: 'RequestCacheAwareFilter'
2017-05-01 18:27:17.993 DEBUG 2598 --- [    Test worker] o.s.security.web.FilterChainProxy        : /hello at position 7 of 11 in additional filter chain; firing Filter: 'SecurityContextHolderAwareRequestFilter'
2017-05-01 18:27:17.993 DEBUG 2598 --- [    Test worker] o.s.security.web.FilterChainProxy        : /hello at position 8 of 11 in additional filter chain; firing Filter: 'AnonymousAuthenticationFilter'
2017-05-01 18:27:17.993 DEBUG 2598 --- [    Test worker] o.s.s.w.a.AnonymousAuthenticationFilter  : SecurityContextHolder not populated with anonymous token, as it already contained: 'org.springframework.security.authentication.UsernamePasswordAuthenticationToken@ca25360: Principal: org.springframework.security.core.userdetails.User@36ebcb: Username: user; Password: [PROTECTED]; Enabled: true; AccountNonExpired: true; credentialsNonExpired: true; AccountNonLocked: true; Granted Authorities: ROLE_USER; Credentials: [PROTECTED]; Authenticated: true; Details: null; Granted Authorities: ROLE_USER'
2017-05-01 18:27:17.993 DEBUG 2598 --- [    Test worker] o.s.security.web.FilterChainProxy        : /hello at position 9 of 11 in additional filter chain; firing Filter: 'SessionManagementFilter'
2017-05-01 18:27:17.993 DEBUG 2598 --- [    Test worker] o.s.security.web.FilterChainProxy        : /hello at position 10 of 11 in additional filter chain; firing Filter: 'ExceptionTranslationFilter'
2017-05-01 18:27:17.993 DEBUG 2598 --- [    Test worker] o.s.security.web.FilterChainProxy        : /hello at position 11 of 11 in additional filter chain; firing Filter: 'FilterSecurityInterceptor'
2017-05-01 18:27:17.993 DEBUG 2598 --- [    Test worker] o.s.s.w.u.matcher.AntPathRequestMatcher  : Checking match of request : '/hello'; against '/human-resources/**'
2017-05-01 18:27:17.993 DEBUG 2598 --- [    Test worker] o.s.s.w.u.matcher.AntPathRequestMatcher  : Checking match of request : '/hello'; against '/manager/**'
2017-05-01 18:27:17.993 DEBUG 2598 --- [    Test worker] o.s.s.w.u.matcher.AntPathRequestMatcher  : Checking match of request : '/hello'; against '/'
2017-05-01 18:27:17.994 DEBUG 2598 --- [    Test worker] o.s.s.w.u.matcher.AntPathRequestMatcher  : Checking match of request : '/hello'; against '/home'
2017-05-01 18:27:17.994 DEBUG 2598 --- [    Test worker] o.s.s.w.u.matcher.AntPathRequestMatcher  : Checking match of request : '/hello'; against '/login'
2017-05-01 18:27:17.994 DEBUG 2598 --- [    Test worker] o.s.s.w.u.matcher.AntPathRequestMatcher  : Checking match of request : '/hello'; against '/includes/**'
2017-05-01 18:27:17.994 DEBUG 2598 --- [    Test worker] o.s.s.w.u.matcher.AntPathRequestMatcher  : Checking match of request : '/hello'; against '/assets/**'
2017-05-01 18:27:17.994 DEBUG 2598 --- [    Test worker] o.s.s.w.a.i.FilterSecurityInterceptor    : Secure object: FilterInvocation: URL: /hello; Attributes: [authenticated]
2017-05-01 18:27:17.994 DEBUG 2598 --- [    Test worker] o.s.s.w.a.i.FilterSecurityInterceptor    : Previously Authenticated: org.springframework.security.authentication.UsernamePasswordAuthenticationToken@ca25360: Principal: org.springframework.security.core.userdetails.User@36ebcb: Username: user; Password: [PROTECTED]; Enabled: true; AccountNonExpired: true; credentialsNonExpired: true; AccountNonLocked: true; Granted Authorities: ROLE_USER; Credentials: [PROTECTED]; Authenticated: true; Details: null; Granted Authorities: ROLE_USER
2017-05-01 18:27:17.994 DEBUG 2598 --- [    Test worker] o.s.s.access.vote.AffirmativeBased       : Voter: org.springframework.security.web.access.expression.WebExpressionVoter@62e201ce, returned: 1
2017-05-01 18:27:17.994 DEBUG 2598 --- [    Test worker] o.s.s.w.a.i.FilterSecurityInterceptor    : Authorization successful
2017-05-01 18:27:17.994 DEBUG 2598 --- [    Test worker] o.s.s.w.a.i.FilterSecurityInterceptor    : RunAsManager did not change Authentication object
2017-05-01 18:27:17.994 DEBUG 2598 --- [    Test worker] o.s.security.web.FilterChainProxy        : /hello reached end of additional filter chain; proceeding with original chain
2017-05-01 18:27:18.116 DEBUG 2598 --- [    Test worker] o.s.s.w.a.ExceptionTranslationFilter     : Chain processed normally
2017-05-01 18:27:18.117 DEBUG 2598 --- [    Test worker] s.s.w.c.SecurityContextPersistenceFilter : SecurityContextHolder now cleared, as request processing completed
2017-05-01 18:27:18.125  INFO 2598 --- [    Test worker] o.s.jdbc.datasource.init.ScriptUtils     : Executing SQL script from class path resource [tearDown.sql]
2017-05-01 18:27:18.128  INFO 2598 --- [    Test worker] o.s.jdbc.datasource.init.ScriptUtils     : Executed SQL script from class path resource [tearDown.sql] in 2 ms.
2017-05-01 18:27:18.136  INFO 2598 --- [    Test worker] o.s.jdbc.datasource.init.ScriptUtils     : Executing SQL script from class path resource [testSchema.sql]
2017-05-01 18:27:18.142  INFO 2598 --- [    Test worker] o.s.jdbc.datasource.init.ScriptUtils     : Executed SQL script from class path resource [testSchema.sql] in 6 ms.
2017-05-01 18:27:18.144  INFO 2598 --- [    Test worker] o.s.jdbc.datasource.init.ScriptUtils     : Executing SQL script from class path resource [data.sql]
2017-05-01 18:27:18.147  INFO 2598 --- [    Test worker] o.s.jdbc.datasource.init.ScriptUtils     : Executed SQL script from class path resource [data.sql] in 3 ms.
2017-05-01 18:27:18.151 DEBUG 2598 --- [    Test worker] o.s.s.w.u.matcher.AntPathRequestMatcher  : Checking match of request : '/login'; against '/includes/**'
2017-05-01 18:27:18.151 DEBUG 2598 --- [    Test worker] o.s.s.w.u.matcher.AntPathRequestMatcher  : Checking match of request : '/login'; against '/assets/**'
2017-05-01 18:27:18.151 DEBUG 2598 --- [    Test worker] o.s.s.w.u.matcher.AntPathRequestMatcher  : Checking match of request : '/login'; against '/includes/**'
2017-05-01 18:27:18.151 DEBUG 2598 --- [    Test worker] o.s.s.w.u.matcher.AntPathRequestMatcher  : Checking match of request : '/login'; against '/assets/**'
2017-05-01 18:27:18.152 DEBUG 2598 --- [    Test worker] o.s.s.w.u.matcher.AntPathRequestMatcher  : Checking match of request : '/login'; against '/includes/**'
2017-05-01 18:27:18.152 DEBUG 2598 --- [    Test worker] o.s.s.w.u.matcher.AntPathRequestMatcher  : Checking match of request : '/login'; against '/assets/**'
2017-05-01 18:27:18.152 DEBUG 2598 --- [    Test worker] o.s.security.web.FilterChainProxy        : /login at position 1 of 11 in additional filter chain; firing Filter: 'WebAsyncManagerIntegrationFilter'
2017-05-01 18:27:18.152 DEBUG 2598 --- [    Test worker] o.s.security.web.FilterChainProxy        : /login at position 2 of 11 in additional filter chain; firing Filter: 'SecurityContextPersistenceFilter'
2017-05-01 18:27:18.152 DEBUG 2598 --- [    Test worker] w.c.HttpSessionSecurityContextRepository : No HttpSession currently exists
2017-05-01 18:27:18.152 DEBUG 2598 --- [    Test worker] w.c.HttpSessionSecurityContextRepository : No SecurityContext was available from the HttpSession: null. A new one will be created.
2017-05-01 18:27:18.152 DEBUG 2598 --- [    Test worker] o.s.security.web.FilterChainProxy        : /login at position 3 of 11 in additional filter chain; firing Filter: 'HeaderWriterFilter'
2017-05-01 18:27:18.153 DEBUG 2598 --- [    Test worker] o.s.s.w.header.writers.HstsHeaderWriter  : Not injecting HSTS header since it did not match the requestMatcher org.springframework.security.web.header.writers.HstsHeaderWriter$SecureRequestMatcher@5dbe3c77
2017-05-01 18:27:18.153 DEBUG 2598 --- [    Test worker] o.s.security.web.FilterChainProxy        : /login at position 4 of 11 in additional filter chain; firing Filter: 'LogoutFilter'
2017-05-01 18:27:18.153 DEBUG 2598 --- [    Test worker] o.s.s.web.util.matcher.OrRequestMatcher  : Trying to match using Ant [pattern='/logout', GET]
2017-05-01 18:27:18.153 DEBUG 2598 --- [    Test worker] o.s.s.w.u.matcher.AntPathRequestMatcher  : Request 'POST /login' doesn't match 'GET /logout
2017-05-01 18:27:18.153 DEBUG 2598 --- [    Test worker] o.s.s.web.util.matcher.OrRequestMatcher  : Trying to match using Ant [pattern='/logout', POST]
2017-05-01 18:27:18.153 DEBUG 2598 --- [    Test worker] o.s.s.w.u.matcher.AntPathRequestMatcher  : Checking match of request : '/login'; against '/logout'
2017-05-01 18:27:18.153 DEBUG 2598 --- [    Test worker] o.s.s.web.util.matcher.OrRequestMatcher  : Trying to match using Ant [pattern='/logout', PUT]
2017-05-01 18:27:18.153 DEBUG 2598 --- [    Test worker] o.s.s.w.u.matcher.AntPathRequestMatcher  : Request 'POST /login' doesn't match 'PUT /logout
2017-05-01 18:27:18.153 DEBUG 2598 --- [    Test worker] o.s.s.web.util.matcher.OrRequestMatcher  : Trying to match using Ant [pattern='/logout', DELETE]
2017-05-01 18:27:18.153 DEBUG 2598 --- [    Test worker] o.s.s.w.u.matcher.AntPathRequestMatcher  : Request 'POST /login' doesn't match 'DELETE /logout
2017-05-01 18:27:18.153 DEBUG 2598 --- [    Test worker] o.s.s.web.util.matcher.OrRequestMatcher  : No matches found
2017-05-01 18:27:18.153 DEBUG 2598 --- [    Test worker] o.s.security.web.FilterChainProxy        : /login at position 5 of 11 in additional filter chain; firing Filter: 'UsernamePasswordAuthenticationFilter'
2017-05-01 18:27:18.153 DEBUG 2598 --- [    Test worker] o.s.s.w.u.matcher.AntPathRequestMatcher  : Checking match of request : '/login'; against '/login'
2017-05-01 18:27:18.153 DEBUG 2598 --- [    Test worker] w.a.UsernamePasswordAuthenticationFilter : Request is to process authentication
2017-05-01 18:27:18.153 DEBUG 2598 --- [    Test worker] o.s.s.authentication.ProviderManager     : Authentication attempt using org.springframework.security.authentication.dao.DaoAuthenticationProvider
2017-05-01 18:27:18.156 DEBUG 2598 --- [    Test worker] s.CompositeSessionAuthenticationStrategy : Delegating to org.springframework.security.web.authentication.session.ChangeSessionIdAuthenticationStrategy@32c3b99c
2017-05-01 18:27:18.156 DEBUG 2598 --- [    Test worker] w.a.UsernamePasswordAuthenticationFilter : Authentication success. Updating SecurityContextHolder to contain: org.springframework.security.authentication.UsernamePasswordAuthenticationToken@8322fec3: Principal: org.springframework.security.core.userdetails.User@d0a: Username: hr; Password: [PROTECTED]; Enabled: true; AccountNonExpired: true; credentialsNonExpired: true; AccountNonLocked: true; Granted Authorities: ROLE_HR; Credentials: [PROTECTED]; Authenticated: true; Details: org.springframework.security.web.authentication.WebAuthenticationDetails@957e: RemoteIpAddress: 127.0.0.1; SessionId: null; Granted Authorities: ROLE_HR
2017-05-01 18:27:18.156 DEBUG 2598 --- [    Test worker] o.s.s.web.DefaultRedirectStrategy        : Redirecting to '/hello'
2017-05-01 18:27:18.156 DEBUG 2598 --- [    Test worker] w.c.HttpSessionSecurityContextRepository : HttpSession being created as SecurityContext is non-default
2017-05-01 18:27:18.156 DEBUG 2598 --- [    Test worker] w.c.HttpSessionSecurityContextRepository : SecurityContext 'org.springframework.security.core.context.SecurityContextImpl@8322fec3: Authentication: org.springframework.security.authentication.UsernamePasswordAuthenticationToken@8322fec3: Principal: org.springframework.security.core.userdetails.User@d0a: Username: hr; Password: [PROTECTED]; Enabled: true; AccountNonExpired: true; credentialsNonExpired: true; AccountNonLocked: true; Granted Authorities: ROLE_HR; Credentials: [PROTECTED]; Authenticated: true; Details: org.springframework.security.web.authentication.WebAuthenticationDetails@957e: RemoteIpAddress: 127.0.0.1; SessionId: null; Granted Authorities: ROLE_HR' stored to HttpSession: 'org.springframework.mock.web.MockHttpSession@70afce9c
2017-05-01 18:27:18.157 DEBUG 2598 --- [    Test worker] s.s.w.c.SecurityContextPersistenceFilter : SecurityContextHolder now cleared, as request processing completed
2017-05-01 18:27:18.158 DEBUG 2598 --- [    Test worker] o.s.s.w.u.matcher.AntPathRequestMatcher  : Checking match of request : '/login'; against '/includes/**'
2017-05-01 18:27:18.159 DEBUG 2598 --- [    Test worker] o.s.s.w.u.matcher.AntPathRequestMatcher  : Checking match of request : '/login'; against '/assets/**'
2017-05-01 18:27:18.159 DEBUG 2598 --- [    Test worker] w.c.HttpSessionSecurityContextRepository : Obtained a valid SecurityContext from SPRING_SECURITY_CONTEXT: 'org.springframework.security.core.context.SecurityContextImpl@8322fec3: Authentication: org.springframework.security.authentication.UsernamePasswordAuthenticationToken@8322fec3: Principal: org.springframework.security.core.userdetails.User@d0a: Username: hr; Password: [PROTECTED]; Enabled: true; AccountNonExpired: true; credentialsNonExpired: true; AccountNonLocked: true; Granted Authorities: ROLE_HR; Credentials: [PROTECTED]; Authenticated: true; Details: org.springframework.security.web.authentication.WebAuthenticationDetails@957e: RemoteIpAddress: 127.0.0.1; SessionId: null; Granted Authorities: ROLE_HR'
2017-05-01 18:27:18.166  INFO 2598 --- [    Test worker] o.s.jdbc.datasource.init.ScriptUtils     : Executing SQL script from class path resource [tearDown.sql]
2017-05-01 18:27:18.169  INFO 2598 --- [    Test worker] o.s.jdbc.datasource.init.ScriptUtils     : Executed SQL script from class path resource [tearDown.sql] in 3 ms.
]]></system-out>
  <system-err><![CDATA[]]></system-err>
</testsuite>
