<?xml version="1.0" encoding="UTF-8"?>
<testsuite name="edu.xavier.csci260.atinlay.dal.MessageDAOTest" tests="3" skipped="0" failures="0" errors="0" timestamp="2017-05-01T21:28:05" hostname="ellisHPArch" time="0.129">
  <properties/>
  <testcase name="createMessage" classname="edu.xavier.csci260.atinlay.dal.MessageDAOTest" time="0.049"/>
  <testcase name="getMessagesBySender" classname="edu.xavier.csci260.atinlay.dal.MessageDAOTest" time="0.038"/>
  <testcase name="getMessagesByRecipient" classname="edu.xavier.csci260.atinlay.dal.MessageDAOTest" time="0.039"/>
  <system-out><![CDATA[2017-05-01 17:28:05.893  INFO 3938 --- [    Test worker] .b.t.c.SpringBootTestContextBootstrapper : Neither @ContextConfiguration nor @ContextHierarchy found for test class [edu.xavier.csci260.atinlay.dal.MessageDAOTest], using SpringBootContextLoader
2017-05-01 17:28:05.895  INFO 3938 --- [    Test worker] o.s.t.c.support.AbstractContextLoader    : Could not detect default resource locations for test class [edu.xavier.csci260.atinlay.dal.MessageDAOTest]: no resource found for suffixes {-context.xml, Context.groovy}.
2017-05-01 17:28:05.895  INFO 3938 --- [    Test worker] t.c.s.AnnotationConfigContextLoaderUtils : Could not detect default configuration classes for test class [edu.xavier.csci260.atinlay.dal.MessageDAOTest]: MessageDAOTest does not declare any static, non-private, non-final, nested classes annotated with @Configuration.
2017-05-01 17:28:05.904  INFO 3938 --- [    Test worker] .b.t.c.SpringBootTestContextBootstrapper : Found @SpringBootConfiguration edu.xavier.csci260.atinlay.Application for test class edu.xavier.csci260.atinlay.dal.MessageDAOTest
2017-05-01 17:28:05.909  INFO 3938 --- [    Test worker] .b.t.c.SpringBootTestContextBootstrapper : Loaded default TestExecutionListener class names from location [META-INF/spring.factories]: [org.springframework.security.test.context.support.WithSecurityContextTestExecutionListener, org.springframework.boot.test.mock.mockito.MockitoTestExecutionListener, org.springframework.boot.test.mock.mockito.ResetMocksTestExecutionListener, org.springframework.boot.test.autoconfigure.restdocs.RestDocsTestExecutionListener, org.springframework.boot.test.autoconfigure.web.client.MockRestServiceServerResetTestExecutionListener, org.springframework.boot.test.autoconfigure.web.servlet.MockMvcPrintOnlyOnFailureTestExecutionListener, org.springframework.boot.test.autoconfigure.web.servlet.WebDriverTestExecutionListener, org.springframework.test.context.web.ServletTestExecutionListener, org.springframework.test.context.support.DirtiesContextBeforeModesTestExecutionListener, org.springframework.test.context.support.DependencyInjectionTestExecutionListener, org.springframework.test.context.support.DirtiesContextTestExecutionListener, org.springframework.test.context.transaction.TransactionalTestExecutionListener, org.springframework.test.context.jdbc.SqlScriptsTestExecutionListener]
2017-05-01 17:28:05.915  INFO 3938 --- [    Test worker] .b.t.c.SpringBootTestContextBootstrapper : Using TestExecutionListeners: [org.springframework.test.context.web.ServletTestExecutionListener@3f574eac, org.springframework.test.context.support.DirtiesContextBeforeModesTestExecutionListener@26b381fa, org.springframework.boot.test.autoconfigure.SpringBootDependencyInjectionTestExecutionListener@19682aeb, org.springframework.test.context.support.DirtiesContextTestExecutionListener@2430a327, org.springframework.test.context.transaction.TransactionalTestExecutionListener@2117bb23, org.springframework.test.context.jdbc.SqlScriptsTestExecutionListener@1b9142aa, org.springframework.security.test.context.support.WithSecurityContextTestExecutionListener@43761c41, org.springframework.boot.test.autoconfigure.web.servlet.MockMvcPrintOnlyOnFailureTestExecutionListener@627ea693, org.springframework.boot.test.autoconfigure.web.client.MockRestServiceServerResetTestExecutionListener@7eacc75c, org.springframework.boot.test.autoconfigure.web.servlet.WebDriverTestExecutionListener@6f395e31, org.springframework.boot.test.mock.mockito.ResetMocksTestExecutionListener@1c5ed383, org.springframework.boot.test.mock.mockito.MockitoTestExecutionListener@b83b4a5, org.springframework.boot.test.autoconfigure.restdocs.RestDocsTestExecutionListener@130d04ae]
2017-05-01 17:28:05.925  INFO 3938 --- [    Test worker] o.s.jdbc.datasource.init.ScriptUtils     : Executing SQL script from class path resource [testSchema.sql]
2017-05-01 17:28:05.934  INFO 3938 --- [    Test worker] o.s.jdbc.datasource.init.ScriptUtils     : Executed SQL script from class path resource [testSchema.sql] in 9 ms.
2017-05-01 17:28:05.937  INFO 3938 --- [    Test worker] o.s.jdbc.datasource.init.ScriptUtils     : Executing SQL script from class path resource [data.sql]
2017-05-01 17:28:05.941  INFO 3938 --- [    Test worker] o.s.jdbc.datasource.init.ScriptUtils     : Executed SQL script from class path resource [data.sql] in 4 ms.
2017-05-01 17:28:05.965  INFO 3938 --- [    Test worker] o.s.jdbc.datasource.init.ScriptUtils     : Executing SQL script from class path resource [tearDown.sql]
2017-05-01 17:28:05.969  INFO 3938 --- [    Test worker] o.s.jdbc.datasource.init.ScriptUtils     : Executed SQL script from class path resource [tearDown.sql] in 4 ms.
2017-05-01 17:28:05.973  INFO 3938 --- [    Test worker] o.s.jdbc.datasource.init.ScriptUtils     : Executing SQL script from class path resource [testSchema.sql]
2017-05-01 17:28:05.981  INFO 3938 --- [    Test worker] o.s.jdbc.datasource.init.ScriptUtils     : Executed SQL script from class path resource [testSchema.sql] in 7 ms.
2017-05-01 17:28:05.985  INFO 3938 --- [    Test worker] o.s.jdbc.datasource.init.ScriptUtils     : Executing SQL script from class path resource [data.sql]
2017-05-01 17:28:05.989  INFO 3938 --- [    Test worker] o.s.jdbc.datasource.init.ScriptUtils     : Executed SQL script from class path resource [data.sql] in 3 ms.
2017-05-01 17:28:06.002  INFO 3938 --- [    Test worker] o.s.jdbc.datasource.init.ScriptUtils     : Executing SQL script from class path resource [tearDown.sql]
2017-05-01 17:28:06.007  INFO 3938 --- [    Test worker] o.s.jdbc.datasource.init.ScriptUtils     : Executed SQL script from class path resource [tearDown.sql] in 4 ms.
2017-05-01 17:28:06.015  INFO 3938 --- [    Test worker] o.s.jdbc.datasource.init.ScriptUtils     : Executing SQL script from class path resource [testSchema.sql]
2017-05-01 17:28:06.027  INFO 3938 --- [    Test worker] o.s.jdbc.datasource.init.ScriptUtils     : Executed SQL script from class path resource [testSchema.sql] in 11 ms.
2017-05-01 17:28:06.030  INFO 3938 --- [    Test worker] o.s.jdbc.datasource.init.ScriptUtils     : Executing SQL script from class path resource [data.sql]
2017-05-01 17:28:06.034  INFO 3938 --- [    Test worker] o.s.jdbc.datasource.init.ScriptUtils     : Executed SQL script from class path resource [data.sql] in 3 ms.
2017-05-01 17:28:06.045  INFO 3938 --- [    Test worker] o.s.jdbc.datasource.init.ScriptUtils     : Executing SQL script from class path resource [tearDown.sql]
2017-05-01 17:28:06.049  INFO 3938 --- [    Test worker] o.s.jdbc.datasource.init.ScriptUtils     : Executed SQL script from class path resource [tearDown.sql] in 4 ms.
]]></system-out>
  <system-err><![CDATA[]]></system-err>
</testsuite>
